{"T:\\Project\\CLone\\RedditClone\\reddish\\server\\controllers\\auth.js": {"path":"T:\\Project\\CLone\\RedditClone\\reddish\\server\\controllers\\auth.js","statementMap":{"0":{"start":{"line":1,"column":12},"end":{"line":1,"column":35}},"1":{"start":{"line":2,"column":15},"end":{"line":2,"column":32}},"2":{"start":{"line":3,"column":13},"end":{"line":3,"column":38}},"3":{"start":{"line":4,"column":19},"end":{"line":4,"column":45}},"4":{"start":{"line":6,"column":18},"end":{"line":38,"column":1}},"5":{"start":{"line":7,"column":33},"end":{"line":7,"column":41}},"6":{"start":{"line":9,"column":15},"end":{"line":11,"column":4}},"7":{"start":{"line":13,"column":2},"end":{"line":17,"column":3}},"8":{"start":{"line":14,"column":4},"end":{"line":16,"column":79}},"9":{"start":{"line":19,"column":27},"end":{"line":19,"column":76}},"10":{"start":{"line":21,"column":2},"end":{"line":23,"column":3}},"11":{"start":{"line":22,"column":4},"end":{"line":22,"column":78}},"12":{"start":{"line":25,"column":26},"end":{"line":27,"column":3}},"13":{"start":{"line":29,"column":16},"end":{"line":29,"column":49}},"14":{"start":{"line":31,"column":2},"end":{"line":37,"column":5}},"15":{"start":{"line":40,"column":19},"end":{"line":88,"column":1}},"16":{"start":{"line":41,"column":33},"end":{"line":41,"column":41}},"17":{"start":{"line":43,"column":2},"end":{"line":47,"column":3}},"18":{"start":{"line":44,"column":4},"end":{"line":46,"column":76}},"19":{"start":{"line":49,"column":2},"end":{"line":53,"column":3}},"20":{"start":{"line":50,"column":4},"end":{"line":52,"column":80}},"21":{"start":{"line":55,"column":23},"end":{"line":57,"column":4}},"22":{"start":{"line":59,"column":2},"end":{"line":63,"column":3}},"23":{"start":{"line":60,"column":4},"end":{"line":62,"column":7}},"24":{"start":{"line":65,"column":21},"end":{"line":65,"column":23}},"25":{"start":{"line":66,"column":23},"end":{"line":66,"column":62}},"26":{"start":{"line":68,"column":15},"end":{"line":71,"column":4}},"27":{"start":{"line":73,"column":20},"end":{"line":73,"column":37}},"28":{"start":{"line":75,"column":26},"end":{"line":77,"column":3}},"29":{"start":{"line":79,"column":16},"end":{"line":79,"column":49}},"30":{"start":{"line":81,"column":2},"end":{"line":87,"column":5}},"31":{"start":{"line":90,"column":0},"end":{"line":90,"column":43}}},"fnMap":{"0":{"name":"(anonymous_0)","decl":{"start":{"line":6,"column":18},"end":{"line":6,"column":19}},"loc":{"start":{"line":6,"column":38},"end":{"line":38,"column":1}},"line":6},"1":{"name":"(anonymous_1)","decl":{"start":{"line":40,"column":19},"end":{"line":40,"column":20}},"loc":{"start":{"line":40,"column":39},"end":{"line":88,"column":1}},"line":40}},"branchMap":{"0":{"loc":{"start":{"line":13,"column":2},"end":{"line":17,"column":3}},"type":"if","locations":[{"start":{"line":13,"column":2},"end":{"line":17,"column":3}},{"start":{},"end":{}}],"line":13},"1":{"loc":{"start":{"line":21,"column":2},"end":{"line":23,"column":3}},"type":"if","locations":[{"start":{"line":21,"column":2},"end":{"line":23,"column":3}},{"start":{},"end":{}}],"line":21},"2":{"loc":{"start":{"line":43,"column":2},"end":{"line":47,"column":3}},"type":"if","locations":[{"start":{"line":43,"column":2},"end":{"line":47,"column":3}},{"start":{},"end":{}}],"line":43},"3":{"loc":{"start":{"line":43,"column":6},"end":{"line":43,"column":38}},"type":"binary-expr","locations":[{"start":{"line":43,"column":6},"end":{"line":43,"column":15}},{"start":{"line":43,"column":19},"end":{"line":43,"column":38}}],"line":43},"4":{"loc":{"start":{"line":49,"column":2},"end":{"line":53,"column":3}},"type":"if","locations":[{"start":{"line":49,"column":2},"end":{"line":53,"column":3}},{"start":{},"end":{}}],"line":49},"5":{"loc":{"start":{"line":49,"column":6},"end":{"line":49,"column":62}},"type":"binary-expr","locations":[{"start":{"line":49,"column":6},"end":{"line":49,"column":15}},{"start":{"line":49,"column":19},"end":{"line":49,"column":39}},{"start":{"line":49,"column":43},"end":{"line":49,"column":62}}],"line":49},"6":{"loc":{"start":{"line":59,"column":2},"end":{"line":63,"column":3}},"type":"if","locations":[{"start":{"line":59,"column":2},"end":{"line":63,"column":3}},{"start":{},"end":{}}],"line":59}},"s":{"0":1,"1":1,"2":1,"3":1,"4":1,"5":0,"6":0,"7":0,"8":0,"9":0,"10":0,"11":0,"12":0,"13":0,"14":0,"15":1,"16":1,"17":1,"18":0,"19":1,"20":0,"21":1,"22":1,"23":0,"24":1,"25":1,"26":1,"27":1,"28":1,"29":1,"30":1,"31":1},"f":{"0":0,"1":1},"b":{"0":[0,0],"1":[0,0],"2":[0,1],"3":[1,1],"4":[0,1],"5":[1,1,1],"6":[0,1]},"_coverageSchema":"1a1c01bbd47fc00a2c39e90264f33305004495a9","hash":"5bb64e7210e029c34905f6f7dbc3a43d2974f51b"}
,"T:\\Project\\CLone\\RedditClone\\reddish\\server\\controllers\\post.js": {"path":"T:\\Project\\CLone\\RedditClone\\reddish\\server\\controllers\\post.js","statementMap":{"0":{"start":{"line":1,"column":13},"end":{"line":1,"column":38}},"1":{"start":{"line":2,"column":18},"end":{"line":2,"column":48}},"2":{"start":{"line":3,"column":13},"end":{"line":3,"column":38}},"3":{"start":{"line":4,"column":26},"end":{"line":4,"column":63}},"4":{"start":{"line":5,"column":38},"end":{"line":5,"column":64}},"5":{"start":{"line":6,"column":24},"end":{"line":6,"column":59}},"6":{"start":{"line":8,"column":17},"end":{"line":54,"column":1}},"7":{"start":{"line":9,"column":15},"end":{"line":9,"column":37}},"8":{"start":{"line":10,"column":16},"end":{"line":10,"column":39}},"9":{"start":{"line":11,"column":17},"end":{"line":11,"column":33}},"10":{"start":{"line":14,"column":2},"end":{"line":35,"column":3}},"11":{"start":{"line":16,"column":6},"end":{"line":16,"column":36}},"12":{"start":{"line":17,"column":6},"end":{"line":17,"column":12}},"13":{"start":{"line":19,"column":6},"end":{"line":19,"column":38}},"14":{"start":{"line":20,"column":6},"end":{"line":20,"column":12}},"15":{"start":{"line":22,"column":6},"end":{"line":22,"column":36}},"16":{"start":{"line":23,"column":6},"end":{"line":23,"column":12}},"17":{"start":{"line":25,"column":6},"end":{"line":25,"column":34}},"18":{"start":{"line":26,"column":6},"end":{"line":26,"column":12}},"19":{"start":{"line":28,"column":6},"end":{"line":28,"column":44}},"20":{"start":{"line":29,"column":6},"end":{"line":29,"column":12}},"21":{"start":{"line":31,"column":6},"end":{"line":31,"column":35}},"22":{"start":{"line":32,"column":6},"end":{"line":32,"column":12}},"23":{"start":{"line":34,"column":6},"end":{"line":34,"column":21}},"24":{"start":{"line":37,"column":21},"end":{"line":37,"column":48}},"25":{"start":{"line":38,"column":20},"end":{"line":38,"column":60}},"26":{"start":{"line":39,"column":19},"end":{"line":45,"column":43}},"27":{"start":{"line":47,"column":25},"end":{"line":51,"column":3}},"28":{"start":{"line":53,"column":2},"end":{"line":53,"column":39}},"29":{"start":{"line":56,"column":27},"end":{"line":93,"column":1}},"30":{"start":{"line":57,"column":15},"end":{"line":57,"column":37}},"31":{"start":{"line":58,"column":16},"end":{"line":58,"column":39}},"32":{"start":{"line":60,"column":15},"end":{"line":60,"column":44}},"33":{"start":{"line":61,"column":2},"end":{"line":65,"column":3}},"34":{"start":{"line":62,"column":4},"end":{"line":64,"column":61}},"35":{"start":{"line":67,"column":25},"end":{"line":69,"column":4}},"36":{"start":{"line":71,"column":21},"end":{"line":73,"column":35}},"37":{"start":{"line":72,"column":16},"end":{"line":72,"column":30}},"38":{"start":{"line":73,"column":24},"end":{"line":73,"column":31}},"39":{"start":{"line":75,"column":20},"end":{"line":75,"column":60}},"40":{"start":{"line":76,"column":26},"end":{"line":84,"column":43}},"41":{"start":{"line":86,"column":25},"end":{"line":90,"column":3}},"42":{"start":{"line":92,"column":2},"end":{"line":92,"column":39}},"43":{"start":{"line":95,"column":25},"end":{"line":134,"column":1}},"44":{"start":{"line":96,"column":15},"end":{"line":96,"column":37}},"45":{"start":{"line":97,"column":16},"end":{"line":97,"column":39}},"46":{"start":{"line":98,"column":16},"end":{"line":98,"column":31}},"47":{"start":{"line":100,"column":20},"end":{"line":115,"column":3}},"48":{"start":{"line":117,"column":21},"end":{"line":117,"column":64}},"49":{"start":{"line":118,"column":20},"end":{"line":118,"column":60}},"50":{"start":{"line":119,"column":24},"end":{"line":125,"column":43}},"51":{"start":{"line":127,"column":25},"end":{"line":131,"column":3}},"52":{"start":{"line":133,"column":2},"end":{"line":133,"column":39}},"53":{"start":{"line":136,"column":27},"end":{"line":154,"column":1}},"54":{"start":{"line":137,"column":17},"end":{"line":137,"column":27}},"55":{"start":{"line":139,"column":15},"end":{"line":139,"column":38}},"56":{"start":{"line":140,"column":2},"end":{"line":144,"column":3}},"57":{"start":{"line":141,"column":4},"end":{"line":143,"column":78}},"58":{"start":{"line":146,"column":24},"end":{"line":151,"column":19}},"59":{"start":{"line":153,"column":2},"end":{"line":153,"column":38}},"60":{"start":{"line":156,"column":22},"end":{"line":233,"column":1}},"61":{"start":{"line":164,"column":6},"end":{"line":164,"column":14}},"62":{"start":{"line":166,"column":26},"end":{"line":171,"column":3}},"63":{"start":{"line":173,"column":17},"end":{"line":173,"column":46}},"64":{"start":{"line":174,"column":26},"end":{"line":174,"column":61}},"65":{"start":{"line":176,"column":2},"end":{"line":180,"column":3}},"66":{"start":{"line":177,"column":4},"end":{"line":179,"column":61}},"67":{"start":{"line":182,"column":2},"end":{"line":186,"column":3}},"68":{"start":{"line":183,"column":4},"end":{"line":185,"column":7}},"69":{"start":{"line":188,"column":18},"end":{"line":195,"column":4}},"70":{"start":{"line":197,"column":2},"end":{"line":199,"column":3}},"71":{"start":{"line":198,"column":4},"end":{"line":198,"column":71}},"72":{"start":{"line":201,"column":2},"end":{"line":216,"column":3}},"73":{"start":{"line":202,"column":26},"end":{"line":210,"column":5}},"74":{"start":{"line":208,"column":8},"end":{"line":208,"column":75}},"75":{"start":{"line":208,"column":19},"end":{"line":208,"column":75}},"76":{"start":{"line":212,"column":4},"end":{"line":215,"column":6}},"77":{"start":{"line":218,"column":20},"end":{"line":218,"column":40}},"78":{"start":{"line":220,"column":2},"end":{"line":220,"column":70}},"79":{"start":{"line":221,"column":2},"end":{"line":221,"column":31}},"80":{"start":{"line":223,"column":2},"end":{"line":223,"column":52}},"81":{"start":{"line":224,"column":2},"end":{"line":224,"column":33}},"82":{"start":{"line":225,"column":2},"end":{"line":225,"column":22}},"83":{"start":{"line":227,"column":24},"end":{"line":230,"column":19}},"84":{"start":{"line":232,"column":2},"end":{"line":232,"column":38}},"85":{"start":{"line":235,"column":19},"end":{"line":308,"column":1}},"86":{"start":{"line":236,"column":17},"end":{"line":236,"column":27}},"87":{"start":{"line":238,"column":62},"end":{"line":238,"column":70}},"88":{"start":{"line":240,"column":15},"end":{"line":240,"column":38}},"89":{"start":{"line":241,"column":17},"end":{"line":241,"column":46}},"90":{"start":{"line":243,"column":2},"end":{"line":247,"column":3}},"91":{"start":{"line":244,"column":4},"end":{"line":246,"column":7}},"92":{"start":{"line":249,"column":2},"end":{"line":253,"column":3}},"93":{"start":{"line":250,"column":4},"end":{"line":252,"column":61}},"94":{"start":{"line":255,"column":2},"end":{"line":257,"column":3}},"95":{"start":{"line":256,"column":4},"end":{"line":256,"column":66}},"96":{"start":{"line":259,"column":26},"end":{"line":264,"column":3}},"97":{"start":{"line":266,"column":2},"end":{"line":295,"column":3}},"98":{"start":{"line":268,"column":6},"end":{"line":268,"column":59}},"99":{"start":{"line":269,"column":6},"end":{"line":269,"column":12}},"100":{"start":{"line":272,"column":6},"end":{"line":272,"column":59}},"101":{"start":{"line":273,"column":6},"end":{"line":273,"column":12}},"102":{"start":{"line":276,"column":28},"end":{"line":284,"column":7}},"103":{"start":{"line":282,"column":10},"end":{"line":282,"column":77}},"104":{"start":{"line":282,"column":21},"end":{"line":282,"column":77}},"105":{"start":{"line":286,"column":6},"end":{"line":289,"column":8}},"106":{"start":{"line":290,"column":6},"end":{"line":290,"column":12}},"107":{"start":{"line":294,"column":6},"end":{"line":294,"column":69}},"108":{"start":{"line":297,"column":2},"end":{"line":297,"column":30}},"109":{"start":{"line":299,"column":20},"end":{"line":299,"column":37}},"110":{"start":{"line":300,"column":24},"end":{"line":305,"column":19}},"111":{"start":{"line":307,"column":2},"end":{"line":307,"column":38}},"112":{"start":{"line":310,"column":19},"end":{"line":349,"column":1}},"113":{"start":{"line":311,"column":17},"end":{"line":311,"column":27}},"114":{"start":{"line":313,"column":15},"end":{"line":313,"column":38}},"115":{"start":{"line":314,"column":17},"end":{"line":314,"column":46}},"116":{"start":{"line":316,"column":2},"end":{"line":320,"column":3}},"117":{"start":{"line":317,"column":4},"end":{"line":319,"column":7}},"118":{"start":{"line":322,"column":2},"end":{"line":326,"column":3}},"119":{"start":{"line":323,"column":4},"end":{"line":325,"column":61}},"120":{"start":{"line":328,"column":2},"end":{"line":330,"column":3}},"121":{"start":{"line":329,"column":4},"end":{"line":329,"column":66}},"122":{"start":{"line":332,"column":20},"end":{"line":332,"column":60}},"123":{"start":{"line":334,"column":2},"end":{"line":338,"column":3}},"124":{"start":{"line":335,"column":4},"end":{"line":337,"column":7}},"125":{"start":{"line":340,"column":2},"end":{"line":340,"column":35}},"126":{"start":{"line":342,"column":2},"end":{"line":342,"column":71}},"127":{"start":{"line":342,"column":50},"end":{"line":342,"column":69}},"128":{"start":{"line":343,"column":2},"end":{"line":343,"column":25}},"129":{"start":{"line":345,"column":2},"end":{"line":345,"column":65}},"130":{"start":{"line":345,"column":44},"end":{"line":345,"column":63}},"131":{"start":{"line":346,"column":2},"end":{"line":346,"column":22}},"132":{"start":{"line":348,"column":2},"end":{"line":348,"column":24}},"133":{"start":{"line":351,"column":0},"end":{"line":359,"column":2}}},"fnMap":{"0":{"name":"(anonymous_0)","decl":{"start":{"line":8,"column":17},"end":{"line":8,"column":18}},"loc":{"start":{"line":8,"column":37},"end":{"line":54,"column":1}},"line":8},"1":{"name":"(anonymous_1)","decl":{"start":{"line":56,"column":27},"end":{"line":56,"column":28}},"loc":{"start":{"line":56,"column":47},"end":{"line":93,"column":1}},"line":56},"2":{"name":"(anonymous_2)","decl":{"start":{"line":72,"column":9},"end":{"line":72,"column":10}},"loc":{"start":{"line":72,"column":16},"end":{"line":72,"column":30}},"line":72},"3":{"name":"(anonymous_3)","decl":{"start":{"line":73,"column":12},"end":{"line":73,"column":13}},"loc":{"start":{"line":73,"column":24},"end":{"line":73,"column":31}},"line":73},"4":{"name":"(anonymous_4)","decl":{"start":{"line":95,"column":25},"end":{"line":95,"column":26}},"loc":{"start":{"line":95,"column":45},"end":{"line":134,"column":1}},"line":95},"5":{"name":"(anonymous_5)","decl":{"start":{"line":136,"column":27},"end":{"line":136,"column":28}},"loc":{"start":{"line":136,"column":47},"end":{"line":154,"column":1}},"line":136},"6":{"name":"(anonymous_6)","decl":{"start":{"line":156,"column":22},"end":{"line":156,"column":23}},"loc":{"start":{"line":156,"column":42},"end":{"line":233,"column":1}},"line":156},"7":{"name":"(anonymous_7)","decl":{"start":{"line":207,"column":6},"end":{"line":207,"column":7}},"loc":{"start":{"line":207,"column":17},"end":{"line":209,"column":7}},"line":207},"8":{"name":"(anonymous_8)","decl":{"start":{"line":235,"column":19},"end":{"line":235,"column":20}},"loc":{"start":{"line":235,"column":39},"end":{"line":308,"column":1}},"line":235},"9":{"name":"(anonymous_9)","decl":{"start":{"line":281,"column":8},"end":{"line":281,"column":9}},"loc":{"start":{"line":281,"column":19},"end":{"line":283,"column":9}},"line":281},"10":{"name":"(anonymous_10)","decl":{"start":{"line":310,"column":19},"end":{"line":310,"column":20}},"loc":{"start":{"line":310,"column":39},"end":{"line":349,"column":1}},"line":310},"11":{"name":"(anonymous_11)","decl":{"start":{"line":342,"column":43},"end":{"line":342,"column":44}},"loc":{"start":{"line":342,"column":50},"end":{"line":342,"column":69}},"line":342},"12":{"name":"(anonymous_12)","decl":{"start":{"line":345,"column":37},"end":{"line":345,"column":38}},"loc":{"start":{"line":345,"column":44},"end":{"line":345,"column":63}},"line":345}},"branchMap":{"0":{"loc":{"start":{"line":14,"column":2},"end":{"line":35,"column":3}},"type":"switch","locations":[{"start":{"line":15,"column":4},"end":{"line":17,"column":12}},{"start":{"line":18,"column":4},"end":{"line":20,"column":12}},{"start":{"line":21,"column":4},"end":{"line":23,"column":12}},{"start":{"line":24,"column":4},"end":{"line":26,"column":12}},{"start":{"line":27,"column":4},"end":{"line":29,"column":12}},{"start":{"line":30,"column":4},"end":{"line":32,"column":12}},{"start":{"line":33,"column":4},"end":{"line":34,"column":21}}],"line":14},"1":{"loc":{"start":{"line":61,"column":2},"end":{"line":65,"column":3}},"type":"if","locations":[{"start":{"line":61,"column":2},"end":{"line":65,"column":3}},{"start":{},"end":{}}],"line":61},"2":{"loc":{"start":{"line":140,"column":2},"end":{"line":144,"column":3}},"type":"if","locations":[{"start":{"line":140,"column":2},"end":{"line":144,"column":3}},{"start":{},"end":{}}],"line":140},"3":{"loc":{"start":{"line":176,"column":2},"end":{"line":180,"column":3}},"type":"if","locations":[{"start":{"line":176,"column":2},"end":{"line":180,"column":3}},{"start":{},"end":{}}],"line":176},"4":{"loc":{"start":{"line":182,"column":2},"end":{"line":186,"column":3}},"type":"if","locations":[{"start":{"line":182,"column":2},"end":{"line":186,"column":3}},{"start":{},"end":{}}],"line":182},"5":{"loc":{"start":{"line":197,"column":2},"end":{"line":199,"column":3}},"type":"if","locations":[{"start":{"line":197,"column":2},"end":{"line":199,"column":3}},{"start":{},"end":{}}],"line":197},"6":{"loc":{"start":{"line":197,"column":6},"end":{"line":197,"column":76}},"type":"binary-expr","locations":[{"start":{"line":197,"column":6},"end":{"line":197,"column":34}},{"start":{"line":197,"column":38},"end":{"line":197,"column":76}}],"line":197},"7":{"loc":{"start":{"line":201,"column":2},"end":{"line":216,"column":3}},"type":"if","locations":[{"start":{"line":201,"column":2},"end":{"line":216,"column":3}},{"start":{},"end":{}}],"line":201},"8":{"loc":{"start":{"line":208,"column":8},"end":{"line":208,"column":75}},"type":"if","locations":[{"start":{"line":208,"column":8},"end":{"line":208,"column":75}},{"start":{},"end":{}}],"line":208},"9":{"loc":{"start":{"line":243,"column":2},"end":{"line":247,"column":3}},"type":"if","locations":[{"start":{"line":243,"column":2},"end":{"line":247,"column":3}},{"start":{},"end":{}}],"line":243},"10":{"loc":{"start":{"line":249,"column":2},"end":{"line":253,"column":3}},"type":"if","locations":[{"start":{"line":249,"column":2},"end":{"line":253,"column":3}},{"start":{},"end":{}}],"line":249},"11":{"loc":{"start":{"line":255,"column":2},"end":{"line":257,"column":3}},"type":"if","locations":[{"start":{"line":255,"column":2},"end":{"line":257,"column":3}},{"start":{},"end":{}}],"line":255},"12":{"loc":{"start":{"line":266,"column":2},"end":{"line":295,"column":3}},"type":"switch","locations":[{"start":{"line":267,"column":4},"end":{"line":269,"column":12}},{"start":{"line":271,"column":4},"end":{"line":273,"column":12}},{"start":{"line":275,"column":4},"end":{"line":291,"column":5}},{"start":{"line":293,"column":4},"end":{"line":294,"column":69}}],"line":266},"13":{"loc":{"start":{"line":282,"column":10},"end":{"line":282,"column":77}},"type":"if","locations":[{"start":{"line":282,"column":10},"end":{"line":282,"column":77}},{"start":{},"end":{}}],"line":282},"14":{"loc":{"start":{"line":316,"column":2},"end":{"line":320,"column":3}},"type":"if","locations":[{"start":{"line":316,"column":2},"end":{"line":320,"column":3}},{"start":{},"end":{}}],"line":316},"15":{"loc":{"start":{"line":322,"column":2},"end":{"line":326,"column":3}},"type":"if","locations":[{"start":{"line":322,"column":2},"end":{"line":326,"column":3}},{"start":{},"end":{}}],"line":322},"16":{"loc":{"start":{"line":328,"column":2},"end":{"line":330,"column":3}},"type":"if","locations":[{"start":{"line":328,"column":2},"end":{"line":330,"column":3}},{"start":{},"end":{}}],"line":328},"17":{"loc":{"start":{"line":334,"column":2},"end":{"line":338,"column":3}},"type":"if","locations":[{"start":{"line":334,"column":2},"end":{"line":338,"column":3}},{"start":{},"end":{}}],"line":334}},"s":{"0":1,"1":1,"2":1,"3":1,"4":1,"5":1,"6":1,"7":14,"8":14,"9":14,"10":14,"11":1,"12":1,"13":1,"14":1,"15":1,"16":1,"17":1,"18":1,"19":1,"20":1,"21":1,"22":1,"23":8,"24":14,"25":14,"26":14,"27":14,"28":14,"29":1,"30":4,"31":4,"32":4,"33":4,"34":0,"35":4,"36":4,"37":4,"38":4,"39":4,"40":4,"41":4,"42":4,"43":1,"44":4,"45":4,"46":4,"47":4,"48":4,"49":4,"50":4,"51":4,"52":4,"53":1,"54":3,"55":3,"56":3,"57":1,"58":2,"59":2,"60":1,"61":26,"62":26,"63":21,"64":21,"65":21,"66":1,"67":20,"68":2,"69":18,"70":18,"71":1,"72":17,"73":0,"74":0,"75":0,"76":0,"77":17,"78":15,"79":15,"80":15,"81":15,"82":15,"83":15,"84":15,"85":1,"86":2,"87":2,"88":2,"89":2,"90":2,"91":0,"92":2,"93":0,"94":2,"95":0,"96":2,"97":2,"98":1,"99":1,"100":1,"101":1,"102":0,"103":0,"104":0,"105":0,"106":0,"107":0,"108":2,"109":2,"110":2,"111":2,"112":1,"113":5,"114":5,"115":5,"116":5,"117":1,"118":4,"119":0,"120":4,"121":1,"122":3,"123":3,"124":0,"125":3,"126":3,"127":1,"128":3,"129":3,"130":2,"131":3,"132":3,"133":1},"f":{"0":14,"1":4,"2":4,"3":4,"4":4,"5":3,"6":26,"7":0,"8":2,"9":0,"10":5,"11":1,"12":2},"b":{"0":[1,1,1,1,1,1,8],"1":[0,4],"2":[1,2],"3":[1,20],"4":[2,18],"5":[1,17],"6":[18,17],"7":[0,17],"8":[0,0],"9":[0,2],"10":[0,2],"11":[0,2],"12":[1,1,0,0],"13":[0,0],"14":[1,4],"15":[0,4],"16":[1,3],"17":[0,3]},"_coverageSchema":"1a1c01bbd47fc00a2c39e90264f33305004495a9","hash":"d1f2233aedec0939b96e1a0f632196561b44b806"}
,"T:\\Project\\CLone\\RedditClone\\reddish\\server\\controllers\\user.js": {"path":"T:\\Project\\CLone\\RedditClone\\reddish\\server\\controllers\\user.js","statementMap":{"0":{"start":{"line":1,"column":13},"end":{"line":1,"column":38}},"1":{"start":{"line":2,"column":13},"end":{"line":2,"column":38}},"2":{"start":{"line":3,"column":38},"end":{"line":3,"column":64}},"3":{"start":{"line":4,"column":24},"end":{"line":4,"column":59}},"4":{"start":{"line":6,"column":16},"end":{"line":38,"column":1}},"5":{"start":{"line":7,"column":23},"end":{"line":7,"column":33}},"6":{"start":{"line":8,"column":15},"end":{"line":8,"column":37}},"7":{"start":{"line":9,"column":16},"end":{"line":9,"column":39}},"8":{"start":{"line":11,"column":15},"end":{"line":13,"column":4}},"9":{"start":{"line":15,"column":2},"end":{"line":19,"column":3}},"10":{"start":{"line":16,"column":4},"end":{"line":18,"column":77}},"11":{"start":{"line":21,"column":21},"end":{"line":21,"column":74}},"12":{"start":{"line":22,"column":20},"end":{"line":22,"column":60}},"13":{"start":{"line":23,"column":20},"end":{"line":29,"column":43}},"14":{"start":{"line":31,"column":25},"end":{"line":35,"column":3}},"15":{"start":{"line":37,"column":2},"end":{"line":37,"column":69}},"16":{"start":{"line":40,"column":22},"end":{"line":75,"column":1}},"17":{"start":{"line":41,"column":26},"end":{"line":41,"column":34}},"18":{"start":{"line":43,"column":2},"end":{"line":47,"column":3}},"19":{"start":{"line":44,"column":4},"end":{"line":46,"column":65}},"20":{"start":{"line":49,"column":15},"end":{"line":49,"column":44}},"21":{"start":{"line":51,"column":2},"end":{"line":55,"column":3}},"22":{"start":{"line":52,"column":4},"end":{"line":54,"column":61}},"23":{"start":{"line":57,"column":24},"end":{"line":65,"column":3}},"24":{"start":{"line":63,"column":6},"end":{"line":63,"column":73}},"25":{"start":{"line":63,"column":17},"end":{"line":63,"column":73}},"26":{"start":{"line":67,"column":2},"end":{"line":71,"column":4}},"27":{"start":{"line":73,"column":20},"end":{"line":73,"column":37}},"28":{"start":{"line":74,"column":2},"end":{"line":74,"column":53}},"29":{"start":{"line":77,"column":25},"end":{"line":94,"column":1}},"30":{"start":{"line":78,"column":15},"end":{"line":78,"column":44}},"31":{"start":{"line":80,"column":2},"end":{"line":84,"column":3}},"32":{"start":{"line":81,"column":4},"end":{"line":83,"column":61}},"33":{"start":{"line":86,"column":2},"end":{"line":90,"column":4}},"34":{"start":{"line":92,"column":2},"end":{"line":92,"column":20}},"35":{"start":{"line":93,"column":2},"end":{"line":93,"column":24}},"36":{"start":{"line":96,"column":0},"end":{"line":96,"column":62}}},"fnMap":{"0":{"name":"(anonymous_0)","decl":{"start":{"line":6,"column":16},"end":{"line":6,"column":17}},"loc":{"start":{"line":6,"column":36},"end":{"line":38,"column":1}},"line":6},"1":{"name":"(anonymous_1)","decl":{"start":{"line":40,"column":22},"end":{"line":40,"column":23}},"loc":{"start":{"line":40,"column":42},"end":{"line":75,"column":1}},"line":40},"2":{"name":"(anonymous_2)","decl":{"start":{"line":62,"column":4},"end":{"line":62,"column":5}},"loc":{"start":{"line":62,"column":15},"end":{"line":64,"column":5}},"line":62},"3":{"name":"(anonymous_3)","decl":{"start":{"line":77,"column":25},"end":{"line":77,"column":26}},"loc":{"start":{"line":77,"column":45},"end":{"line":94,"column":1}},"line":77}},"branchMap":{"0":{"loc":{"start":{"line":15,"column":2},"end":{"line":19,"column":3}},"type":"if","locations":[{"start":{"line":15,"column":2},"end":{"line":19,"column":3}},{"start":{},"end":{}}],"line":15},"1":{"loc":{"start":{"line":43,"column":2},"end":{"line":47,"column":3}},"type":"if","locations":[{"start":{"line":43,"column":2},"end":{"line":47,"column":3}},{"start":{},"end":{}}],"line":43},"2":{"loc":{"start":{"line":51,"column":2},"end":{"line":55,"column":3}},"type":"if","locations":[{"start":{"line":51,"column":2},"end":{"line":55,"column":3}},{"start":{},"end":{}}],"line":51},"3":{"loc":{"start":{"line":63,"column":6},"end":{"line":63,"column":73}},"type":"if","locations":[{"start":{"line":63,"column":6},"end":{"line":63,"column":73}},{"start":{},"end":{}}],"line":63},"4":{"loc":{"start":{"line":80,"column":2},"end":{"line":84,"column":3}},"type":"if","locations":[{"start":{"line":80,"column":2},"end":{"line":84,"column":3}},{"start":{},"end":{}}],"line":80}},"s":{"0":1,"1":1,"2":1,"3":1,"4":1,"5":7,"6":7,"7":7,"8":7,"9":7,"10":1,"11":6,"12":6,"13":6,"14":6,"15":6,"16":1,"17":0,"18":0,"19":0,"20":0,"21":0,"22":0,"23":0,"24":0,"25":0,"26":0,"27":0,"28":0,"29":1,"30":0,"31":0,"32":0,"33":0,"34":0,"35":0,"36":1},"f":{"0":7,"1":0,"2":0,"3":0},"b":{"0":[1,6],"1":[0,0],"2":[0,0],"3":[0,0],"4":[0,0]},"_coverageSchema":"1a1c01bbd47fc00a2c39e90264f33305004495a9","hash":"71d8a19aafd2530a3acfbbb2336d785bc46af36c"}
,"T:\\Project\\CLone\\RedditClone\\reddish\\server\\models\\post.js": {"path":"T:\\Project\\CLone\\RedditClone\\reddish\\server\\models\\post.js","statementMap":{"0":{"start":{"line":1,"column":17},"end":{"line":1,"column":36}},"1":{"start":{"line":2,"column":22},"end":{"line":2,"column":55}},"2":{"start":{"line":4,"column":20},"end":{"line":31,"column":2}},"3":{"start":{"line":33,"column":22},"end":{"line":61,"column":2}},"4":{"start":{"line":63,"column":19},"end":{"line":141,"column":2}},"5":{"start":{"line":144,"column":0},"end":{"line":144,"column":26}},"6":{"start":{"line":145,"column":0},"end":{"line":145,"column":29}},"7":{"start":{"line":146,"column":0},"end":{"line":146,"column":27}},"8":{"start":{"line":148,"column":0},"end":{"line":148,"column":52}}},"fnMap":{},"branchMap":{},"s":{"0":2,"1":2,"2":2,"3":2,"4":2,"5":2,"6":2,"7":2,"8":2},"f":{},"b":{},"_coverageSchema":"1a1c01bbd47fc00a2c39e90264f33305004495a9","hash":"cc2785b20951bd6272d945f90e0b6da6dcb32314"}
,"T:\\Project\\CLone\\RedditClone\\reddish\\server\\models\\subreddit.js": {"path":"T:\\Project\\CLone\\RedditClone\\reddish\\server\\models\\subreddit.js","statementMap":{"0":{"start":{"line":1,"column":17},"end":{"line":1,"column":36}},"1":{"start":{"line":2,"column":24},"end":{"line":2,"column":60}},"2":{"start":{"line":3,"column":22},"end":{"line":3,"column":55}},"3":{"start":{"line":5,"column":24},"end":{"line":42,"column":1}},"4":{"start":{"line":45,"column":0},"end":{"line":45,"column":40}},"5":{"start":{"line":48,"column":0},"end":{"line":48,"column":31}},"6":{"start":{"line":50,"column":0},"end":{"line":50,"column":62}}},"fnMap":{},"branchMap":{},"s":{"0":2,"1":2,"2":2,"3":2,"4":2,"5":2,"6":2},"f":{},"b":{},"_coverageSchema":"1a1c01bbd47fc00a2c39e90264f33305004495a9","hash":"e66c45824eed3bc9d31e63ee8bdde7c7f31ad21d"}
,"T:\\Project\\CLone\\RedditClone\\reddish\\server\\models\\user.js": {"path":"T:\\Project\\CLone\\RedditClone\\reddish\\server\\models\\user.js","statementMap":{"0":{"start":{"line":1,"column":17},"end":{"line":1,"column":36}},"1":{"start":{"line":2,"column":24},"end":{"line":2,"column":60}},"2":{"start":{"line":3,"column":22},"end":{"line":3,"column":55}},"3":{"start":{"line":6,"column":19},"end":{"line":65,"column":1}},"4":{"start":{"line":67,"column":0},"end":{"line":67,"column":35}},"5":{"start":{"line":70,"column":0},"end":{"line":70,"column":26}},"6":{"start":{"line":72,"column":0},"end":{"line":72,"column":52}}},"fnMap":{},"branchMap":{},"s":{"0":3,"1":3,"2":3,"3":3,"4":3,"5":3,"6":3},"f":{},"b":{},"_coverageSchema":"1a1c01bbd47fc00a2c39e90264f33305004495a9","hash":"657a666b7960582a65049641f7ecafc86c306770"}
,"T:\\Project\\CLone\\RedditClone\\reddish\\server\\utils\\config.js": {"path":"T:\\Project\\CLone\\RedditClone\\reddish\\server\\utils\\config.js","statementMap":{"0":{"start":{"line":1,"column":0},"end":{"line":1,"column":27}},"1":{"start":{"line":2,"column":19},"end":{"line":2,"column":43}},"2":{"start":{"line":4,"column":13},"end":{"line":4,"column":29}},"3":{"start":{"line":5,"column":20},"end":{"line":5,"column":43}},"4":{"start":{"line":6,"column":15},"end":{"line":6,"column":33}},"5":{"start":{"line":7,"column":22},"end":{"line":7,"column":63}},"6":{"start":{"line":9,"column":0},"end":{"line":13,"column":3}},"7":{"start":{"line":15,"column":0},"end":{"line":21,"column":2}}},"fnMap":{},"branchMap":{"0":{"loc":{"start":{"line":7,"column":22},"end":{"line":7,"column":63}},"type":"binary-expr","locations":[{"start":{"line":7,"column":22},"end":{"line":7,"column":47}},{"start":{"line":7,"column":51},"end":{"line":7,"column":63}}],"line":7}},"s":{"0":3,"1":3,"2":3,"3":3,"4":3,"5":3,"6":3,"7":3},"f":{},"b":{"0":[3,0]},"_coverageSchema":"1a1c01bbd47fc00a2c39e90264f33305004495a9","hash":"7da8a63d21ea60a2bcfe4cf32ca0e80baef1def5"}
,"T:\\Project\\CLone\\RedditClone\\reddish\\server\\utils\\paginateResults.js": {"path":"T:\\Project\\CLone\\RedditClone\\reddish\\server\\utils\\paginateResults.js","statementMap":{"0":{"start":{"line":1,"column":24},"end":{"line":25,"column":1}},"1":{"start":{"line":2,"column":21},"end":{"line":2,"column":39}},"2":{"start":{"line":3,"column":19},"end":{"line":3,"column":31}},"3":{"start":{"line":4,"column":18},"end":{"line":4,"column":20}},"4":{"start":{"line":6,"column":2},"end":{"line":11,"column":3}},"5":{"start":{"line":7,"column":4},"end":{"line":10,"column":6}},"6":{"start":{"line":13,"column":2},"end":{"line":18,"column":3}},"7":{"start":{"line":14,"column":4},"end":{"line":17,"column":6}},"8":{"start":{"line":20,"column":2},"end":{"line":24,"column":4}},"9":{"start":{"line":27,"column":0},"end":{"line":27,"column":33}}},"fnMap":{"0":{"name":"(anonymous_0)","decl":{"start":{"line":1,"column":24},"end":{"line":1,"column":25}},"loc":{"start":{"line":1,"column":51},"end":{"line":25,"column":1}},"line":1}},"branchMap":{"0":{"loc":{"start":{"line":6,"column":2},"end":{"line":11,"column":3}},"type":"if","locations":[{"start":{"line":6,"column":2},"end":{"line":11,"column":3}},{"start":{},"end":{}}],"line":6},"1":{"loc":{"start":{"line":13,"column":2},"end":{"line":18,"column":3}},"type":"if","locations":[{"start":{"line":13,"column":2},"end":{"line":18,"column":3}},{"start":{},"end":{}}],"line":13}},"s":{"0":2,"1":28,"2":28,"3":28,"4":28,"5":3,"6":28,"7":2,"8":28,"9":2},"f":{"0":28},"b":{"0":[3,25],"1":[2,26]},"_coverageSchema":"1a1c01bbd47fc00a2c39e90264f33305004495a9","hash":"cb1346db9a385374cb1b6cbf2bc20205208067b8"}
,"T:\\Project\\CLone\\RedditClone\\reddish\\server\\utils\\postTypeValidator.js": {"path":"T:\\Project\\CLone\\RedditClone\\reddish\\server\\utils\\postTypeValidator.js","statementMap":{"0":{"start":{"line":1,"column":18},"end":{"line":1,"column":38}},"1":{"start":{"line":3,"column":28},"end":{"line":8,"column":1}},"2":{"start":{"line":4,"column":2},"end":{"line":6,"column":3}},"3":{"start":{"line":5,"column":4},"end":{"line":5,"column":62}},"4":{"start":{"line":7,"column":2},"end":{"line":7,"column":24}},"5":{"start":{"line":10,"column":28},"end":{"line":15,"column":1}},"6":{"start":{"line":11,"column":2},"end":{"line":13,"column":3}},"7":{"start":{"line":12,"column":4},"end":{"line":12,"column":62}},"8":{"start":{"line":14,"column":2},"end":{"line":14,"column":24}},"9":{"start":{"line":17,"column":29},"end":{"line":22,"column":1}},"10":{"start":{"line":18,"column":2},"end":{"line":20,"column":3}},"11":{"start":{"line":19,"column":4},"end":{"line":19,"column":57}},"12":{"start":{"line":21,"column":2},"end":{"line":21,"column":25}},"13":{"start":{"line":24,"column":26},"end":{"line":49,"column":1}},"14":{"start":{"line":25,"column":2},"end":{"line":48,"column":3}},"15":{"start":{"line":27,"column":6},"end":{"line":30,"column":8}},"16":{"start":{"line":33,"column":6},"end":{"line":36,"column":8}},"17":{"start":{"line":39,"column":6},"end":{"line":42,"column":8}},"18":{"start":{"line":45,"column":6},"end":{"line":47,"column":8}},"19":{"start":{"line":51,"column":0},"end":{"line":51,"column":35}}},"fnMap":{"0":{"name":"(anonymous_0)","decl":{"start":{"line":3,"column":28},"end":{"line":3,"column":29}},"loc":{"start":{"line":3,"column":48},"end":{"line":8,"column":1}},"line":3},"1":{"name":"(anonymous_1)","decl":{"start":{"line":10,"column":28},"end":{"line":10,"column":29}},"loc":{"start":{"line":10,"column":48},"end":{"line":15,"column":1}},"line":10},"2":{"name":"(anonymous_2)","decl":{"start":{"line":17,"column":29},"end":{"line":17,"column":30}},"loc":{"start":{"line":17,"column":50},"end":{"line":22,"column":1}},"line":17},"3":{"name":"(anonymous_3)","decl":{"start":{"line":24,"column":26},"end":{"line":24,"column":27}},"loc":{"start":{"line":24,"column":55},"end":{"line":49,"column":1}},"line":24}},"branchMap":{"0":{"loc":{"start":{"line":4,"column":2},"end":{"line":6,"column":3}},"type":"if","locations":[{"start":{"line":4,"column":2},"end":{"line":6,"column":3}},{"start":{},"end":{}}],"line":4},"1":{"loc":{"start":{"line":11,"column":2},"end":{"line":13,"column":3}},"type":"if","locations":[{"start":{"line":11,"column":2},"end":{"line":13,"column":3}},{"start":{},"end":{}}],"line":11},"2":{"loc":{"start":{"line":11,"column":6},"end":{"line":11,"column":57}},"type":"binary-expr","locations":[{"start":{"line":11,"column":6},"end":{"line":11,"column":21}},{"start":{"line":11,"column":25},"end":{"line":11,"column":57}}],"line":11},"3":{"loc":{"start":{"line":18,"column":2},"end":{"line":20,"column":3}},"type":"if","locations":[{"start":{"line":18,"column":2},"end":{"line":20,"column":3}},{"start":{},"end":{}}],"line":18},"4":{"loc":{"start":{"line":25,"column":2},"end":{"line":48,"column":3}},"type":"switch","locations":[{"start":{"line":26,"column":4},"end":{"line":30,"column":8}},{"start":{"line":32,"column":4},"end":{"line":36,"column":8}},{"start":{"line":38,"column":4},"end":{"line":42,"column":8}},{"start":{"line":44,"column":4},"end":{"line":47,"column":8}}],"line":25}},"s":{"0":1,"1":1,"2":22,"3":1,"4":21,"5":1,"6":4,"7":2,"8":2,"9":1,"10":1,"11":1,"12":0,"13":1,"14":28,"15":22,"16":4,"17":1,"18":1,"19":1},"f":{"0":22,"1":4,"2":1,"3":28},"b":{"0":[1,21],"1":[2,2],"2":[4,3],"3":[1,0],"4":[22,4,1,1]},"_coverageSchema":"1a1c01bbd47fc00a2c39e90264f33305004495a9","hash":"5fc2f41349e37a2ec95d65c7990d613cd28cb6a7"}
,"T:\\Project\\CLone\\RedditClone\\reddish\\server\\utils\\schemaCleaner.js": {"path":"T:\\Project\\CLone\\RedditClone\\reddish\\server\\utils\\schemaCleaner.js","statementMap":{"0":{"start":{"line":1,"column":22},"end":{"line":10,"column":1}},"1":{"start":{"line":2,"column":2},"end":{"line":9,"column":5}},"2":{"start":{"line":4,"column":6},"end":{"line":4,"column":56}},"3":{"start":{"line":5,"column":6},"end":{"line":5,"column":32}},"4":{"start":{"line":6,"column":6},"end":{"line":6,"column":32}},"5":{"start":{"line":7,"column":6},"end":{"line":7,"column":41}},"6":{"start":{"line":12,"column":0},"end":{"line":12,"column":31}}},"fnMap":{"0":{"name":"(anonymous_0)","decl":{"start":{"line":1,"column":22},"end":{"line":1,"column":23}},"loc":{"start":{"line":1,"column":34},"end":{"line":10,"column":1}},"line":1},"1":{"name":"(anonymous_1)","decl":{"start":{"line":3,"column":15},"end":{"line":3,"column":16}},"loc":{"start":{"line":3,"column":46},"end":{"line":8,"column":5}},"line":3}},"branchMap":{},"s":{"0":3,"1":11,"2":0,"3":0,"4":0,"5":0,"6":3},"f":{"0":11,"1":0},"b":{},"_coverageSchema":"1a1c01bbd47fc00a2c39e90264f33305004495a9","hash":"89a1e6b22e9b523b3b3505f0f8669e7ceae138f7"}
}
