{"T:\\Project\\CLone\\RedditClone\\reddish\\server\\controllers\\auth.js": {"path":"T:\\Project\\CLone\\RedditClone\\reddish\\server\\controllers\\auth.js","statementMap":{"0":{"start":{"line":1,"column":12},"end":{"line":1,"column":35}},"1":{"start":{"line":2,"column":15},"end":{"line":2,"column":32}},"2":{"start":{"line":3,"column":13},"end":{"line":3,"column":38}},"3":{"start":{"line":4,"column":19},"end":{"line":4,"column":45}},"4":{"start":{"line":6,"column":18},"end":{"line":38,"column":1}},"5":{"start":{"line":7,"column":33},"end":{"line":7,"column":41}},"6":{"start":{"line":9,"column":15},"end":{"line":11,"column":4}},"7":{"start":{"line":13,"column":2},"end":{"line":17,"column":3}},"8":{"start":{"line":14,"column":4},"end":{"line":16,"column":79}},"9":{"start":{"line":19,"column":27},"end":{"line":19,"column":76}},"10":{"start":{"line":21,"column":2},"end":{"line":23,"column":3}},"11":{"start":{"line":22,"column":4},"end":{"line":22,"column":78}},"12":{"start":{"line":25,"column":26},"end":{"line":27,"column":3}},"13":{"start":{"line":29,"column":16},"end":{"line":29,"column":49}},"14":{"start":{"line":31,"column":2},"end":{"line":37,"column":5}},"15":{"start":{"line":40,"column":19},"end":{"line":88,"column":1}},"16":{"start":{"line":41,"column":33},"end":{"line":41,"column":41}},"17":{"start":{"line":43,"column":2},"end":{"line":47,"column":3}},"18":{"start":{"line":44,"column":4},"end":{"line":46,"column":76}},"19":{"start":{"line":49,"column":2},"end":{"line":53,"column":3}},"20":{"start":{"line":50,"column":4},"end":{"line":52,"column":80}},"21":{"start":{"line":55,"column":23},"end":{"line":57,"column":4}},"22":{"start":{"line":59,"column":2},"end":{"line":63,"column":3}},"23":{"start":{"line":60,"column":4},"end":{"line":62,"column":7}},"24":{"start":{"line":65,"column":21},"end":{"line":65,"column":23}},"25":{"start":{"line":66,"column":23},"end":{"line":66,"column":62}},"26":{"start":{"line":68,"column":15},"end":{"line":71,"column":4}},"27":{"start":{"line":73,"column":20},"end":{"line":73,"column":37}},"28":{"start":{"line":75,"column":26},"end":{"line":77,"column":3}},"29":{"start":{"line":79,"column":16},"end":{"line":79,"column":49}},"30":{"start":{"line":81,"column":2},"end":{"line":87,"column":5}},"31":{"start":{"line":90,"column":0},"end":{"line":90,"column":43}}},"fnMap":{"0":{"name":"(anonymous_0)","decl":{"start":{"line":6,"column":18},"end":{"line":6,"column":19}},"loc":{"start":{"line":6,"column":38},"end":{"line":38,"column":1}},"line":6},"1":{"name":"(anonymous_1)","decl":{"start":{"line":40,"column":19},"end":{"line":40,"column":20}},"loc":{"start":{"line":40,"column":39},"end":{"line":88,"column":1}},"line":40}},"branchMap":{"0":{"loc":{"start":{"line":13,"column":2},"end":{"line":17,"column":3}},"type":"if","locations":[{"start":{"line":13,"column":2},"end":{"line":17,"column":3}},{"start":{},"end":{}}],"line":13},"1":{"loc":{"start":{"line":21,"column":2},"end":{"line":23,"column":3}},"type":"if","locations":[{"start":{"line":21,"column":2},"end":{"line":23,"column":3}},{"start":{},"end":{}}],"line":21},"2":{"loc":{"start":{"line":43,"column":2},"end":{"line":47,"column":3}},"type":"if","locations":[{"start":{"line":43,"column":2},"end":{"line":47,"column":3}},{"start":{},"end":{}}],"line":43},"3":{"loc":{"start":{"line":43,"column":6},"end":{"line":43,"column":38}},"type":"binary-expr","locations":[{"start":{"line":43,"column":6},"end":{"line":43,"column":15}},{"start":{"line":43,"column":19},"end":{"line":43,"column":38}}],"line":43},"4":{"loc":{"start":{"line":49,"column":2},"end":{"line":53,"column":3}},"type":"if","locations":[{"start":{"line":49,"column":2},"end":{"line":53,"column":3}},{"start":{},"end":{}}],"line":49},"5":{"loc":{"start":{"line":49,"column":6},"end":{"line":49,"column":62}},"type":"binary-expr","locations":[{"start":{"line":49,"column":6},"end":{"line":49,"column":15}},{"start":{"line":49,"column":19},"end":{"line":49,"column":39}},{"start":{"line":49,"column":43},"end":{"line":49,"column":62}}],"line":49},"6":{"loc":{"start":{"line":59,"column":2},"end":{"line":63,"column":3}},"type":"if","locations":[{"start":{"line":59,"column":2},"end":{"line":63,"column":3}},{"start":{},"end":{}}],"line":59}},"s":{"0":1,"1":1,"2":1,"3":1,"4":1,"5":4,"6":4,"7":4,"8":1,"9":3,"10":3,"11":1,"12":2,"13":2,"14":2,"15":1,"16":6,"17":6,"18":2,"19":4,"20":2,"21":2,"22":2,"23":1,"24":1,"25":1,"26":1,"27":1,"28":1,"29":1,"30":1,"31":1},"f":{"0":4,"1":6},"b":{"0":[1,3],"1":[1,2],"2":[2,4],"3":[6,5],"4":[2,2],"5":[4,4,3],"6":[1,1]},"_coverageSchema":"1a1c01bbd47fc00a2c39e90264f33305004495a9","hash":"5bb64e7210e029c34905f6f7dbc3a43d2974f51b"}
,"T:\\Project\\CLone\\RedditClone\\reddish\\server\\controllers\\commentVote.js": {"path":"T:\\Project\\CLone\\RedditClone\\reddish\\server\\controllers\\commentVote.js","statementMap":{"0":{"start":{"line":1,"column":13},"end":{"line":1,"column":38}},"1":{"start":{"line":2,"column":13},"end":{"line":2,"column":38}},"2":{"start":{"line":4,"column":22},"end":{"line":66,"column":1}},"3":{"start":{"line":5,"column":28},"end":{"line":5,"column":38}},"4":{"start":{"line":7,"column":15},"end":{"line":7,"column":38}},"5":{"start":{"line":8,"column":15},"end":{"line":8,"column":44}},"6":{"start":{"line":10,"column":2},"end":{"line":14,"column":3}},"7":{"start":{"line":11,"column":4},"end":{"line":13,"column":7}},"8":{"start":{"line":16,"column":2},"end":{"line":20,"column":3}},"9":{"start":{"line":17,"column":4},"end":{"line":19,"column":61}},"10":{"start":{"line":22,"column":24},"end":{"line":24,"column":3}},"11":{"start":{"line":23,"column":11},"end":{"line":23,"column":41}},"12":{"start":{"line":26,"column":2},"end":{"line":30,"column":3}},"13":{"start":{"line":27,"column":4},"end":{"line":29,"column":7}},"14":{"start":{"line":32,"column":24},"end":{"line":32,"column":70}},"15":{"start":{"line":34,"column":2},"end":{"line":38,"column":3}},"16":{"start":{"line":35,"column":4},"end":{"line":37,"column":71}},"17":{"start":{"line":40,"column":2},"end":{"line":53,"column":3}},"18":{"start":{"line":41,"column":4},"end":{"line":43,"column":6}},"19":{"start":{"line":42,"column":13},"end":{"line":42,"column":49}},"20":{"start":{"line":45,"column":4},"end":{"line":45,"column":45}},"21":{"start":{"line":47,"column":4},"end":{"line":47,"column":71}},"22":{"start":{"line":48,"column":4},"end":{"line":50,"column":6}},"23":{"start":{"line":49,"column":13},"end":{"line":49,"column":49}},"24":{"start":{"line":52,"column":4},"end":{"line":52,"column":45}},"25":{"start":{"line":55,"column":2},"end":{"line":56,"column":70}},"26":{"start":{"line":58,"column":2},"end":{"line":60,"column":4}},"27":{"start":{"line":59,"column":4},"end":{"line":59,"column":54}},"28":{"start":{"line":62,"column":2},"end":{"line":62,"column":20}},"29":{"start":{"line":63,"column":2},"end":{"line":63,"column":29}},"30":{"start":{"line":65,"column":2},"end":{"line":65,"column":24}},"31":{"start":{"line":68,"column":24},"end":{"line":130,"column":1}},"32":{"start":{"line":69,"column":28},"end":{"line":69,"column":38}},"33":{"start":{"line":71,"column":15},"end":{"line":71,"column":38}},"34":{"start":{"line":72,"column":15},"end":{"line":72,"column":44}},"35":{"start":{"line":74,"column":2},"end":{"line":78,"column":3}},"36":{"start":{"line":75,"column":4},"end":{"line":77,"column":7}},"37":{"start":{"line":80,"column":2},"end":{"line":84,"column":3}},"38":{"start":{"line":81,"column":4},"end":{"line":83,"column":61}},"39":{"start":{"line":86,"column":24},"end":{"line":88,"column":3}},"40":{"start":{"line":87,"column":11},"end":{"line":87,"column":41}},"41":{"start":{"line":90,"column":2},"end":{"line":94,"column":3}},"42":{"start":{"line":91,"column":4},"end":{"line":93,"column":7}},"43":{"start":{"line":96,"column":24},"end":{"line":96,"column":70}},"44":{"start":{"line":98,"column":2},"end":{"line":102,"column":3}},"45":{"start":{"line":99,"column":4},"end":{"line":101,"column":71}},"46":{"start":{"line":104,"column":2},"end":{"line":117,"column":3}},"47":{"start":{"line":105,"column":4},"end":{"line":107,"column":6}},"48":{"start":{"line":106,"column":13},"end":{"line":106,"column":49}},"49":{"start":{"line":109,"column":4},"end":{"line":109,"column":45}},"50":{"start":{"line":111,"column":4},"end":{"line":111,"column":75}},"51":{"start":{"line":112,"column":4},"end":{"line":114,"column":6}},"52":{"start":{"line":113,"column":13},"end":{"line":113,"column":49}},"53":{"start":{"line":116,"column":4},"end":{"line":116,"column":45}},"54":{"start":{"line":119,"column":2},"end":{"line":120,"column":70}},"55":{"start":{"line":122,"column":2},"end":{"line":124,"column":4}},"56":{"start":{"line":123,"column":4},"end":{"line":123,"column":54}},"57":{"start":{"line":126,"column":2},"end":{"line":126,"column":20}},"58":{"start":{"line":127,"column":2},"end":{"line":127,"column":29}},"59":{"start":{"line":129,"column":2},"end":{"line":129,"column":24}},"60":{"start":{"line":132,"column":20},"end":{"line":208,"column":1}},"61":{"start":{"line":133,"column":37},"end":{"line":133,"column":47}},"62":{"start":{"line":135,"column":15},"end":{"line":135,"column":38}},"63":{"start":{"line":136,"column":15},"end":{"line":136,"column":44}},"64":{"start":{"line":138,"column":2},"end":{"line":142,"column":3}},"65":{"start":{"line":139,"column":4},"end":{"line":141,"column":7}},"66":{"start":{"line":144,"column":2},"end":{"line":148,"column":3}},"67":{"start":{"line":145,"column":4},"end":{"line":147,"column":61}},"68":{"start":{"line":150,"column":24},"end":{"line":152,"column":3}},"69":{"start":{"line":151,"column":11},"end":{"line":151,"column":41}},"70":{"start":{"line":154,"column":2},"end":{"line":158,"column":3}},"71":{"start":{"line":155,"column":4},"end":{"line":157,"column":7}},"72":{"start":{"line":160,"column":22},"end":{"line":162,"column":3}},"73":{"start":{"line":161,"column":11},"end":{"line":161,"column":39}},"74":{"start":{"line":164,"column":2},"end":{"line":168,"column":3}},"75":{"start":{"line":165,"column":4},"end":{"line":167,"column":7}},"76":{"start":{"line":170,"column":22},"end":{"line":170,"column":64}},"77":{"start":{"line":172,"column":2},"end":{"line":176,"column":3}},"78":{"start":{"line":173,"column":4},"end":{"line":175,"column":69}},"79":{"start":{"line":178,"column":2},"end":{"line":191,"column":3}},"80":{"start":{"line":179,"column":4},"end":{"line":181,"column":6}},"81":{"start":{"line":180,"column":13},"end":{"line":180,"column":49}},"82":{"start":{"line":183,"column":4},"end":{"line":183,"column":43}},"83":{"start":{"line":185,"column":4},"end":{"line":185,"column":67}},"84":{"start":{"line":186,"column":4},"end":{"line":188,"column":6}},"85":{"start":{"line":187,"column":13},"end":{"line":187,"column":49}},"86":{"start":{"line":190,"column":4},"end":{"line":190,"column":43}},"87":{"start":{"line":193,"column":2},"end":{"line":194,"column":66}},"88":{"start":{"line":196,"column":2},"end":{"line":198,"column":4}},"89":{"start":{"line":197,"column":4},"end":{"line":197,"column":50}},"90":{"start":{"line":200,"column":2},"end":{"line":202,"column":4}},"91":{"start":{"line":201,"column":4},"end":{"line":201,"column":54}},"92":{"start":{"line":204,"column":2},"end":{"line":204,"column":20}},"93":{"start":{"line":205,"column":2},"end":{"line":205,"column":27}},"94":{"start":{"line":207,"column":2},"end":{"line":207,"column":24}},"95":{"start":{"line":209,"column":22},"end":{"line":285,"column":1}},"96":{"start":{"line":210,"column":37},"end":{"line":210,"column":47}},"97":{"start":{"line":212,"column":15},"end":{"line":212,"column":38}},"98":{"start":{"line":213,"column":15},"end":{"line":213,"column":44}},"99":{"start":{"line":215,"column":2},"end":{"line":219,"column":3}},"100":{"start":{"line":216,"column":4},"end":{"line":218,"column":7}},"101":{"start":{"line":221,"column":2},"end":{"line":225,"column":3}},"102":{"start":{"line":222,"column":4},"end":{"line":224,"column":61}},"103":{"start":{"line":227,"column":24},"end":{"line":229,"column":3}},"104":{"start":{"line":228,"column":11},"end":{"line":228,"column":41}},"105":{"start":{"line":231,"column":2},"end":{"line":235,"column":3}},"106":{"start":{"line":232,"column":4},"end":{"line":234,"column":7}},"107":{"start":{"line":237,"column":22},"end":{"line":239,"column":3}},"108":{"start":{"line":238,"column":11},"end":{"line":238,"column":39}},"109":{"start":{"line":241,"column":2},"end":{"line":245,"column":3}},"110":{"start":{"line":242,"column":4},"end":{"line":244,"column":7}},"111":{"start":{"line":247,"column":22},"end":{"line":247,"column":64}},"112":{"start":{"line":249,"column":2},"end":{"line":253,"column":3}},"113":{"start":{"line":250,"column":4},"end":{"line":252,"column":69}},"114":{"start":{"line":255,"column":2},"end":{"line":268,"column":3}},"115":{"start":{"line":256,"column":4},"end":{"line":258,"column":6}},"116":{"start":{"line":257,"column":13},"end":{"line":257,"column":49}},"117":{"start":{"line":260,"column":4},"end":{"line":260,"column":43}},"118":{"start":{"line":262,"column":4},"end":{"line":262,"column":71}},"119":{"start":{"line":263,"column":4},"end":{"line":265,"column":6}},"120":{"start":{"line":264,"column":13},"end":{"line":264,"column":49}},"121":{"start":{"line":267,"column":4},"end":{"line":267,"column":43}},"122":{"start":{"line":270,"column":2},"end":{"line":271,"column":66}},"123":{"start":{"line":273,"column":2},"end":{"line":275,"column":4}},"124":{"start":{"line":274,"column":4},"end":{"line":274,"column":50}},"125":{"start":{"line":277,"column":2},"end":{"line":279,"column":4}},"126":{"start":{"line":278,"column":4},"end":{"line":278,"column":54}},"127":{"start":{"line":281,"column":2},"end":{"line":281,"column":20}},"128":{"start":{"line":282,"column":2},"end":{"line":282,"column":27}},"129":{"start":{"line":284,"column":2},"end":{"line":284,"column":24}},"130":{"start":{"line":287,"column":0},"end":{"line":287,"column":80}}},"fnMap":{"0":{"name":"(anonymous_0)","decl":{"start":{"line":4,"column":22},"end":{"line":4,"column":23}},"loc":{"start":{"line":4,"column":42},"end":{"line":66,"column":1}},"line":4},"1":{"name":"(anonymous_1)","decl":{"start":{"line":23,"column":4},"end":{"line":23,"column":5}},"loc":{"start":{"line":23,"column":11},"end":{"line":23,"column":41}},"line":23},"2":{"name":"(anonymous_2)","decl":{"start":{"line":42,"column":6},"end":{"line":42,"column":7}},"loc":{"start":{"line":42,"column":13},"end":{"line":42,"column":49}},"line":42},"3":{"name":"(anonymous_3)","decl":{"start":{"line":49,"column":6},"end":{"line":49,"column":7}},"loc":{"start":{"line":49,"column":13},"end":{"line":49,"column":49}},"line":49},"4":{"name":"(anonymous_4)","decl":{"start":{"line":58,"column":36},"end":{"line":58,"column":37}},"loc":{"start":{"line":59,"column":4},"end":{"line":59,"column":54}},"line":59},"5":{"name":"(anonymous_5)","decl":{"start":{"line":68,"column":24},"end":{"line":68,"column":25}},"loc":{"start":{"line":68,"column":44},"end":{"line":130,"column":1}},"line":68},"6":{"name":"(anonymous_6)","decl":{"start":{"line":87,"column":4},"end":{"line":87,"column":5}},"loc":{"start":{"line":87,"column":11},"end":{"line":87,"column":41}},"line":87},"7":{"name":"(anonymous_7)","decl":{"start":{"line":106,"column":6},"end":{"line":106,"column":7}},"loc":{"start":{"line":106,"column":13},"end":{"line":106,"column":49}},"line":106},"8":{"name":"(anonymous_8)","decl":{"start":{"line":113,"column":6},"end":{"line":113,"column":7}},"loc":{"start":{"line":113,"column":13},"end":{"line":113,"column":49}},"line":113},"9":{"name":"(anonymous_9)","decl":{"start":{"line":122,"column":36},"end":{"line":122,"column":37}},"loc":{"start":{"line":123,"column":4},"end":{"line":123,"column":54}},"line":123},"10":{"name":"(anonymous_10)","decl":{"start":{"line":132,"column":20},"end":{"line":132,"column":21}},"loc":{"start":{"line":132,"column":40},"end":{"line":208,"column":1}},"line":132},"11":{"name":"(anonymous_11)","decl":{"start":{"line":151,"column":4},"end":{"line":151,"column":5}},"loc":{"start":{"line":151,"column":11},"end":{"line":151,"column":41}},"line":151},"12":{"name":"(anonymous_12)","decl":{"start":{"line":161,"column":4},"end":{"line":161,"column":5}},"loc":{"start":{"line":161,"column":11},"end":{"line":161,"column":39}},"line":161},"13":{"name":"(anonymous_13)","decl":{"start":{"line":180,"column":6},"end":{"line":180,"column":7}},"loc":{"start":{"line":180,"column":13},"end":{"line":180,"column":49}},"line":180},"14":{"name":"(anonymous_14)","decl":{"start":{"line":187,"column":6},"end":{"line":187,"column":7}},"loc":{"start":{"line":187,"column":13},"end":{"line":187,"column":49}},"line":187},"15":{"name":"(anonymous_15)","decl":{"start":{"line":196,"column":52},"end":{"line":196,"column":53}},"loc":{"start":{"line":197,"column":4},"end":{"line":197,"column":50}},"line":197},"16":{"name":"(anonymous_16)","decl":{"start":{"line":200,"column":36},"end":{"line":200,"column":37}},"loc":{"start":{"line":201,"column":4},"end":{"line":201,"column":54}},"line":201},"17":{"name":"(anonymous_17)","decl":{"start":{"line":209,"column":22},"end":{"line":209,"column":23}},"loc":{"start":{"line":209,"column":42},"end":{"line":285,"column":1}},"line":209},"18":{"name":"(anonymous_18)","decl":{"start":{"line":228,"column":4},"end":{"line":228,"column":5}},"loc":{"start":{"line":228,"column":11},"end":{"line":228,"column":41}},"line":228},"19":{"name":"(anonymous_19)","decl":{"start":{"line":238,"column":4},"end":{"line":238,"column":5}},"loc":{"start":{"line":238,"column":11},"end":{"line":238,"column":39}},"line":238},"20":{"name":"(anonymous_20)","decl":{"start":{"line":257,"column":6},"end":{"line":257,"column":7}},"loc":{"start":{"line":257,"column":13},"end":{"line":257,"column":49}},"line":257},"21":{"name":"(anonymous_21)","decl":{"start":{"line":264,"column":6},"end":{"line":264,"column":7}},"loc":{"start":{"line":264,"column":13},"end":{"line":264,"column":49}},"line":264},"22":{"name":"(anonymous_22)","decl":{"start":{"line":273,"column":52},"end":{"line":273,"column":53}},"loc":{"start":{"line":274,"column":4},"end":{"line":274,"column":50}},"line":274},"23":{"name":"(anonymous_23)","decl":{"start":{"line":277,"column":36},"end":{"line":277,"column":37}},"loc":{"start":{"line":278,"column":4},"end":{"line":278,"column":54}},"line":278}},"branchMap":{"0":{"loc":{"start":{"line":10,"column":2},"end":{"line":14,"column":3}},"type":"if","locations":[{"start":{"line":10,"column":2},"end":{"line":14,"column":3}},{"start":{},"end":{}}],"line":10},"1":{"loc":{"start":{"line":16,"column":2},"end":{"line":20,"column":3}},"type":"if","locations":[{"start":{"line":16,"column":2},"end":{"line":20,"column":3}},{"start":{},"end":{}}],"line":16},"2":{"loc":{"start":{"line":26,"column":2},"end":{"line":30,"column":3}},"type":"if","locations":[{"start":{"line":26,"column":2},"end":{"line":30,"column":3}},{"start":{},"end":{}}],"line":26},"3":{"loc":{"start":{"line":34,"column":2},"end":{"line":38,"column":3}},"type":"if","locations":[{"start":{"line":34,"column":2},"end":{"line":38,"column":3}},{"start":{},"end":{}}],"line":34},"4":{"loc":{"start":{"line":40,"column":2},"end":{"line":53,"column":3}},"type":"if","locations":[{"start":{"line":40,"column":2},"end":{"line":53,"column":3}},{"start":{"line":46,"column":9},"end":{"line":53,"column":3}}],"line":40},"5":{"loc":{"start":{"line":59,"column":4},"end":{"line":59,"column":54}},"type":"cond-expr","locations":[{"start":{"line":59,"column":37},"end":{"line":59,"column":38}},{"start":{"line":59,"column":41},"end":{"line":59,"column":54}}],"line":59},"6":{"loc":{"start":{"line":74,"column":2},"end":{"line":78,"column":3}},"type":"if","locations":[{"start":{"line":74,"column":2},"end":{"line":78,"column":3}},{"start":{},"end":{}}],"line":74},"7":{"loc":{"start":{"line":80,"column":2},"end":{"line":84,"column":3}},"type":"if","locations":[{"start":{"line":80,"column":2},"end":{"line":84,"column":3}},{"start":{},"end":{}}],"line":80},"8":{"loc":{"start":{"line":90,"column":2},"end":{"line":94,"column":3}},"type":"if","locations":[{"start":{"line":90,"column":2},"end":{"line":94,"column":3}},{"start":{},"end":{}}],"line":90},"9":{"loc":{"start":{"line":98,"column":2},"end":{"line":102,"column":3}},"type":"if","locations":[{"start":{"line":98,"column":2},"end":{"line":102,"column":3}},{"start":{},"end":{}}],"line":98},"10":{"loc":{"start":{"line":104,"column":2},"end":{"line":117,"column":3}},"type":"if","locations":[{"start":{"line":104,"column":2},"end":{"line":117,"column":3}},{"start":{"line":110,"column":9},"end":{"line":117,"column":3}}],"line":104},"11":{"loc":{"start":{"line":123,"column":4},"end":{"line":123,"column":54}},"type":"cond-expr","locations":[{"start":{"line":123,"column":37},"end":{"line":123,"column":38}},{"start":{"line":123,"column":41},"end":{"line":123,"column":54}}],"line":123},"12":{"loc":{"start":{"line":138,"column":2},"end":{"line":142,"column":3}},"type":"if","locations":[{"start":{"line":138,"column":2},"end":{"line":142,"column":3}},{"start":{},"end":{}}],"line":138},"13":{"loc":{"start":{"line":144,"column":2},"end":{"line":148,"column":3}},"type":"if","locations":[{"start":{"line":144,"column":2},"end":{"line":148,"column":3}},{"start":{},"end":{}}],"line":144},"14":{"loc":{"start":{"line":154,"column":2},"end":{"line":158,"column":3}},"type":"if","locations":[{"start":{"line":154,"column":2},"end":{"line":158,"column":3}},{"start":{},"end":{}}],"line":154},"15":{"loc":{"start":{"line":164,"column":2},"end":{"line":168,"column":3}},"type":"if","locations":[{"start":{"line":164,"column":2},"end":{"line":168,"column":3}},{"start":{},"end":{}}],"line":164},"16":{"loc":{"start":{"line":172,"column":2},"end":{"line":176,"column":3}},"type":"if","locations":[{"start":{"line":172,"column":2},"end":{"line":176,"column":3}},{"start":{},"end":{}}],"line":172},"17":{"loc":{"start":{"line":178,"column":2},"end":{"line":191,"column":3}},"type":"if","locations":[{"start":{"line":178,"column":2},"end":{"line":191,"column":3}},{"start":{"line":184,"column":9},"end":{"line":191,"column":3}}],"line":178},"18":{"loc":{"start":{"line":197,"column":4},"end":{"line":197,"column":50}},"type":"cond-expr","locations":[{"start":{"line":197,"column":35},"end":{"line":197,"column":36}},{"start":{"line":197,"column":39},"end":{"line":197,"column":50}}],"line":197},"19":{"loc":{"start":{"line":201,"column":4},"end":{"line":201,"column":54}},"type":"cond-expr","locations":[{"start":{"line":201,"column":37},"end":{"line":201,"column":38}},{"start":{"line":201,"column":41},"end":{"line":201,"column":54}}],"line":201},"20":{"loc":{"start":{"line":215,"column":2},"end":{"line":219,"column":3}},"type":"if","locations":[{"start":{"line":215,"column":2},"end":{"line":219,"column":3}},{"start":{},"end":{}}],"line":215},"21":{"loc":{"start":{"line":221,"column":2},"end":{"line":225,"column":3}},"type":"if","locations":[{"start":{"line":221,"column":2},"end":{"line":225,"column":3}},{"start":{},"end":{}}],"line":221},"22":{"loc":{"start":{"line":231,"column":2},"end":{"line":235,"column":3}},"type":"if","locations":[{"start":{"line":231,"column":2},"end":{"line":235,"column":3}},{"start":{},"end":{}}],"line":231},"23":{"loc":{"start":{"line":241,"column":2},"end":{"line":245,"column":3}},"type":"if","locations":[{"start":{"line":241,"column":2},"end":{"line":245,"column":3}},{"start":{},"end":{}}],"line":241},"24":{"loc":{"start":{"line":249,"column":2},"end":{"line":253,"column":3}},"type":"if","locations":[{"start":{"line":249,"column":2},"end":{"line":253,"column":3}},{"start":{},"end":{}}],"line":249},"25":{"loc":{"start":{"line":255,"column":2},"end":{"line":268,"column":3}},"type":"if","locations":[{"start":{"line":255,"column":2},"end":{"line":268,"column":3}},{"start":{"line":261,"column":9},"end":{"line":268,"column":3}}],"line":255},"26":{"loc":{"start":{"line":274,"column":4},"end":{"line":274,"column":50}},"type":"cond-expr","locations":[{"start":{"line":274,"column":35},"end":{"line":274,"column":36}},{"start":{"line":274,"column":39},"end":{"line":274,"column":50}}],"line":274},"27":{"loc":{"start":{"line":278,"column":4},"end":{"line":278,"column":54}},"type":"cond-expr","locations":[{"start":{"line":278,"column":37},"end":{"line":278,"column":38}},{"start":{"line":278,"column":41},"end":{"line":278,"column":54}}],"line":278}},"s":{"0":1,"1":1,"2":1,"3":10,"4":10,"5":10,"6":10,"7":1,"8":9,"9":1,"10":8,"11":6,"12":8,"13":2,"14":6,"15":6,"16":1,"17":5,"18":1,"19":1,"20":1,"21":4,"22":4,"23":32,"24":4,"25":5,"26":5,"27":5,"28":5,"29":5,"30":5,"31":1,"32":9,"33":9,"34":9,"35":9,"36":1,"37":8,"38":1,"39":7,"40":6,"41":7,"42":1,"43":6,"44":6,"45":1,"46":5,"47":1,"48":1,"49":1,"50":4,"51":4,"52":5,"53":4,"54":5,"55":5,"56":5,"57":5,"58":5,"59":5,"60":1,"61":9,"62":9,"63":9,"64":9,"65":1,"66":8,"67":1,"68":7,"69":6,"70":7,"71":1,"72":6,"73":4,"74":6,"75":2,"76":4,"77":4,"78":1,"79":3,"80":1,"81":1,"82":1,"83":2,"84":2,"85":1,"86":2,"87":3,"88":3,"89":3,"90":3,"91":3,"92":3,"93":3,"94":3,"95":1,"96":10,"97":10,"98":10,"99":10,"100":1,"101":9,"102":1,"103":8,"104":7,"105":8,"106":1,"107":7,"108":5,"109":7,"110":2,"111":5,"112":5,"113":1,"114":4,"115":1,"116":1,"117":1,"118":3,"119":3,"120":4,"121":3,"122":4,"123":4,"124":4,"125":4,"126":4,"127":4,"128":4,"129":4,"130":1},"f":{"0":10,"1":6,"2":1,"3":32,"4":5,"5":9,"6":6,"7":1,"8":5,"9":5,"10":9,"11":6,"12":4,"13":1,"14":1,"15":3,"16":3,"17":10,"18":7,"19":5,"20":1,"21":4,"22":4,"23":4},"b":{"0":[1,9],"1":[1,8],"2":[2,6],"3":[1,5],"4":[1,4],"5":[0,5],"6":[1,8],"7":[1,7],"8":[1,6],"9":[1,5],"10":[1,4],"11":[0,5],"12":[1,8],"13":[1,7],"14":[1,6],"15":[2,4],"16":[1,3],"17":[1,2],"18":[0,3],"19":[0,3],"20":[1,9],"21":[1,8],"22":[1,7],"23":[2,5],"24":[1,4],"25":[1,3],"26":[0,4],"27":[0,4]},"_coverageSchema":"1a1c01bbd47fc00a2c39e90264f33305004495a9","hash":"1163567fb7c744283938496842253950a680e92c"}
,"T:\\Project\\CLone\\RedditClone\\reddish\\server\\controllers\\post.js": {"path":"T:\\Project\\CLone\\RedditClone\\reddish\\server\\controllers\\post.js","statementMap":{"0":{"start":{"line":1,"column":13},"end":{"line":1,"column":38}},"1":{"start":{"line":2,"column":18},"end":{"line":2,"column":48}},"2":{"start":{"line":3,"column":13},"end":{"line":3,"column":38}},"3":{"start":{"line":4,"column":26},"end":{"line":4,"column":63}},"4":{"start":{"line":5,"column":38},"end":{"line":5,"column":64}},"5":{"start":{"line":6,"column":24},"end":{"line":6,"column":59}},"6":{"start":{"line":8,"column":17},"end":{"line":54,"column":1}},"7":{"start":{"line":9,"column":15},"end":{"line":9,"column":37}},"8":{"start":{"line":10,"column":16},"end":{"line":10,"column":39}},"9":{"start":{"line":11,"column":17},"end":{"line":11,"column":33}},"10":{"start":{"line":14,"column":2},"end":{"line":35,"column":3}},"11":{"start":{"line":16,"column":6},"end":{"line":16,"column":36}},"12":{"start":{"line":17,"column":6},"end":{"line":17,"column":12}},"13":{"start":{"line":19,"column":6},"end":{"line":19,"column":38}},"14":{"start":{"line":20,"column":6},"end":{"line":20,"column":12}},"15":{"start":{"line":22,"column":6},"end":{"line":22,"column":36}},"16":{"start":{"line":23,"column":6},"end":{"line":23,"column":12}},"17":{"start":{"line":25,"column":6},"end":{"line":25,"column":34}},"18":{"start":{"line":26,"column":6},"end":{"line":26,"column":12}},"19":{"start":{"line":28,"column":6},"end":{"line":28,"column":44}},"20":{"start":{"line":29,"column":6},"end":{"line":29,"column":12}},"21":{"start":{"line":31,"column":6},"end":{"line":31,"column":35}},"22":{"start":{"line":32,"column":6},"end":{"line":32,"column":12}},"23":{"start":{"line":34,"column":6},"end":{"line":34,"column":21}},"24":{"start":{"line":37,"column":21},"end":{"line":37,"column":48}},"25":{"start":{"line":38,"column":20},"end":{"line":38,"column":60}},"26":{"start":{"line":39,"column":19},"end":{"line":45,"column":43}},"27":{"start":{"line":47,"column":25},"end":{"line":51,"column":3}},"28":{"start":{"line":53,"column":2},"end":{"line":53,"column":39}},"29":{"start":{"line":56,"column":27},"end":{"line":93,"column":1}},"30":{"start":{"line":57,"column":15},"end":{"line":57,"column":37}},"31":{"start":{"line":58,"column":16},"end":{"line":58,"column":39}},"32":{"start":{"line":60,"column":15},"end":{"line":60,"column":44}},"33":{"start":{"line":61,"column":2},"end":{"line":65,"column":3}},"34":{"start":{"line":62,"column":4},"end":{"line":64,"column":61}},"35":{"start":{"line":67,"column":25},"end":{"line":69,"column":4}},"36":{"start":{"line":71,"column":21},"end":{"line":73,"column":35}},"37":{"start":{"line":72,"column":16},"end":{"line":72,"column":30}},"38":{"start":{"line":73,"column":24},"end":{"line":73,"column":31}},"39":{"start":{"line":75,"column":20},"end":{"line":75,"column":60}},"40":{"start":{"line":76,"column":26},"end":{"line":84,"column":43}},"41":{"start":{"line":86,"column":25},"end":{"line":90,"column":3}},"42":{"start":{"line":92,"column":2},"end":{"line":92,"column":39}},"43":{"start":{"line":95,"column":25},"end":{"line":134,"column":1}},"44":{"start":{"line":96,"column":15},"end":{"line":96,"column":37}},"45":{"start":{"line":97,"column":16},"end":{"line":97,"column":39}},"46":{"start":{"line":98,"column":16},"end":{"line":98,"column":31}},"47":{"start":{"line":100,"column":20},"end":{"line":115,"column":3}},"48":{"start":{"line":117,"column":21},"end":{"line":117,"column":64}},"49":{"start":{"line":118,"column":20},"end":{"line":118,"column":60}},"50":{"start":{"line":119,"column":24},"end":{"line":125,"column":43}},"51":{"start":{"line":127,"column":25},"end":{"line":131,"column":3}},"52":{"start":{"line":133,"column":2},"end":{"line":133,"column":39}},"53":{"start":{"line":136,"column":27},"end":{"line":154,"column":1}},"54":{"start":{"line":137,"column":17},"end":{"line":137,"column":27}},"55":{"start":{"line":139,"column":15},"end":{"line":139,"column":38}},"56":{"start":{"line":140,"column":2},"end":{"line":144,"column":3}},"57":{"start":{"line":141,"column":4},"end":{"line":143,"column":78}},"58":{"start":{"line":146,"column":24},"end":{"line":151,"column":19}},"59":{"start":{"line":153,"column":2},"end":{"line":153,"column":38}},"60":{"start":{"line":156,"column":22},"end":{"line":233,"column":1}},"61":{"start":{"line":164,"column":6},"end":{"line":164,"column":14}},"62":{"start":{"line":166,"column":26},"end":{"line":171,"column":3}},"63":{"start":{"line":173,"column":17},"end":{"line":173,"column":46}},"64":{"start":{"line":174,"column":26},"end":{"line":174,"column":61}},"65":{"start":{"line":176,"column":2},"end":{"line":180,"column":3}},"66":{"start":{"line":177,"column":4},"end":{"line":179,"column":61}},"67":{"start":{"line":182,"column":2},"end":{"line":186,"column":3}},"68":{"start":{"line":183,"column":4},"end":{"line":185,"column":7}},"69":{"start":{"line":188,"column":18},"end":{"line":195,"column":4}},"70":{"start":{"line":197,"column":2},"end":{"line":199,"column":3}},"71":{"start":{"line":198,"column":4},"end":{"line":198,"column":71}},"72":{"start":{"line":201,"column":2},"end":{"line":216,"column":3}},"73":{"start":{"line":202,"column":26},"end":{"line":210,"column":5}},"74":{"start":{"line":208,"column":8},"end":{"line":208,"column":75}},"75":{"start":{"line":208,"column":19},"end":{"line":208,"column":75}},"76":{"start":{"line":212,"column":4},"end":{"line":215,"column":6}},"77":{"start":{"line":218,"column":20},"end":{"line":218,"column":40}},"78":{"start":{"line":220,"column":2},"end":{"line":220,"column":70}},"79":{"start":{"line":221,"column":2},"end":{"line":221,"column":31}},"80":{"start":{"line":223,"column":2},"end":{"line":223,"column":52}},"81":{"start":{"line":224,"column":2},"end":{"line":224,"column":33}},"82":{"start":{"line":225,"column":2},"end":{"line":225,"column":22}},"83":{"start":{"line":227,"column":24},"end":{"line":230,"column":19}},"84":{"start":{"line":232,"column":2},"end":{"line":232,"column":38}},"85":{"start":{"line":235,"column":19},"end":{"line":308,"column":1}},"86":{"start":{"line":236,"column":17},"end":{"line":236,"column":27}},"87":{"start":{"line":238,"column":62},"end":{"line":238,"column":70}},"88":{"start":{"line":240,"column":15},"end":{"line":240,"column":38}},"89":{"start":{"line":241,"column":17},"end":{"line":241,"column":46}},"90":{"start":{"line":243,"column":2},"end":{"line":247,"column":3}},"91":{"start":{"line":244,"column":4},"end":{"line":246,"column":7}},"92":{"start":{"line":249,"column":2},"end":{"line":253,"column":3}},"93":{"start":{"line":250,"column":4},"end":{"line":252,"column":61}},"94":{"start":{"line":255,"column":2},"end":{"line":257,"column":3}},"95":{"start":{"line":256,"column":4},"end":{"line":256,"column":66}},"96":{"start":{"line":259,"column":26},"end":{"line":264,"column":3}},"97":{"start":{"line":266,"column":2},"end":{"line":295,"column":3}},"98":{"start":{"line":268,"column":6},"end":{"line":268,"column":59}},"99":{"start":{"line":269,"column":6},"end":{"line":269,"column":12}},"100":{"start":{"line":272,"column":6},"end":{"line":272,"column":59}},"101":{"start":{"line":273,"column":6},"end":{"line":273,"column":12}},"102":{"start":{"line":276,"column":28},"end":{"line":284,"column":7}},"103":{"start":{"line":282,"column":10},"end":{"line":282,"column":77}},"104":{"start":{"line":282,"column":21},"end":{"line":282,"column":77}},"105":{"start":{"line":286,"column":6},"end":{"line":289,"column":8}},"106":{"start":{"line":290,"column":6},"end":{"line":290,"column":12}},"107":{"start":{"line":294,"column":6},"end":{"line":294,"column":69}},"108":{"start":{"line":297,"column":2},"end":{"line":297,"column":30}},"109":{"start":{"line":299,"column":20},"end":{"line":299,"column":37}},"110":{"start":{"line":300,"column":24},"end":{"line":305,"column":19}},"111":{"start":{"line":307,"column":2},"end":{"line":307,"column":38}},"112":{"start":{"line":310,"column":19},"end":{"line":349,"column":1}},"113":{"start":{"line":311,"column":17},"end":{"line":311,"column":27}},"114":{"start":{"line":313,"column":15},"end":{"line":313,"column":38}},"115":{"start":{"line":314,"column":17},"end":{"line":314,"column":46}},"116":{"start":{"line":316,"column":2},"end":{"line":320,"column":3}},"117":{"start":{"line":317,"column":4},"end":{"line":319,"column":7}},"118":{"start":{"line":322,"column":2},"end":{"line":326,"column":3}},"119":{"start":{"line":323,"column":4},"end":{"line":325,"column":61}},"120":{"start":{"line":328,"column":2},"end":{"line":330,"column":3}},"121":{"start":{"line":329,"column":4},"end":{"line":329,"column":66}},"122":{"start":{"line":332,"column":20},"end":{"line":332,"column":60}},"123":{"start":{"line":334,"column":2},"end":{"line":338,"column":3}},"124":{"start":{"line":335,"column":4},"end":{"line":337,"column":7}},"125":{"start":{"line":340,"column":2},"end":{"line":340,"column":35}},"126":{"start":{"line":342,"column":2},"end":{"line":342,"column":71}},"127":{"start":{"line":342,"column":50},"end":{"line":342,"column":69}},"128":{"start":{"line":343,"column":2},"end":{"line":343,"column":25}},"129":{"start":{"line":345,"column":2},"end":{"line":345,"column":65}},"130":{"start":{"line":345,"column":44},"end":{"line":345,"column":63}},"131":{"start":{"line":346,"column":2},"end":{"line":346,"column":22}},"132":{"start":{"line":348,"column":2},"end":{"line":348,"column":24}},"133":{"start":{"line":351,"column":0},"end":{"line":359,"column":2}}},"fnMap":{"0":{"name":"(anonymous_0)","decl":{"start":{"line":8,"column":17},"end":{"line":8,"column":18}},"loc":{"start":{"line":8,"column":37},"end":{"line":54,"column":1}},"line":8},"1":{"name":"(anonymous_1)","decl":{"start":{"line":56,"column":27},"end":{"line":56,"column":28}},"loc":{"start":{"line":56,"column":47},"end":{"line":93,"column":1}},"line":56},"2":{"name":"(anonymous_2)","decl":{"start":{"line":72,"column":9},"end":{"line":72,"column":10}},"loc":{"start":{"line":72,"column":16},"end":{"line":72,"column":30}},"line":72},"3":{"name":"(anonymous_3)","decl":{"start":{"line":73,"column":12},"end":{"line":73,"column":13}},"loc":{"start":{"line":73,"column":24},"end":{"line":73,"column":31}},"line":73},"4":{"name":"(anonymous_4)","decl":{"start":{"line":95,"column":25},"end":{"line":95,"column":26}},"loc":{"start":{"line":95,"column":45},"end":{"line":134,"column":1}},"line":95},"5":{"name":"(anonymous_5)","decl":{"start":{"line":136,"column":27},"end":{"line":136,"column":28}},"loc":{"start":{"line":136,"column":47},"end":{"line":154,"column":1}},"line":136},"6":{"name":"(anonymous_6)","decl":{"start":{"line":156,"column":22},"end":{"line":156,"column":23}},"loc":{"start":{"line":156,"column":42},"end":{"line":233,"column":1}},"line":156},"7":{"name":"(anonymous_7)","decl":{"start":{"line":207,"column":6},"end":{"line":207,"column":7}},"loc":{"start":{"line":207,"column":17},"end":{"line":209,"column":7}},"line":207},"8":{"name":"(anonymous_8)","decl":{"start":{"line":235,"column":19},"end":{"line":235,"column":20}},"loc":{"start":{"line":235,"column":39},"end":{"line":308,"column":1}},"line":235},"9":{"name":"(anonymous_9)","decl":{"start":{"line":281,"column":8},"end":{"line":281,"column":9}},"loc":{"start":{"line":281,"column":19},"end":{"line":283,"column":9}},"line":281},"10":{"name":"(anonymous_10)","decl":{"start":{"line":310,"column":19},"end":{"line":310,"column":20}},"loc":{"start":{"line":310,"column":39},"end":{"line":349,"column":1}},"line":310},"11":{"name":"(anonymous_11)","decl":{"start":{"line":342,"column":43},"end":{"line":342,"column":44}},"loc":{"start":{"line":342,"column":50},"end":{"line":342,"column":69}},"line":342},"12":{"name":"(anonymous_12)","decl":{"start":{"line":345,"column":37},"end":{"line":345,"column":38}},"loc":{"start":{"line":345,"column":44},"end":{"line":345,"column":63}},"line":345}},"branchMap":{"0":{"loc":{"start":{"line":14,"column":2},"end":{"line":35,"column":3}},"type":"switch","locations":[{"start":{"line":15,"column":4},"end":{"line":17,"column":12}},{"start":{"line":18,"column":4},"end":{"line":20,"column":12}},{"start":{"line":21,"column":4},"end":{"line":23,"column":12}},{"start":{"line":24,"column":4},"end":{"line":26,"column":12}},{"start":{"line":27,"column":4},"end":{"line":29,"column":12}},{"start":{"line":30,"column":4},"end":{"line":32,"column":12}},{"start":{"line":33,"column":4},"end":{"line":34,"column":21}}],"line":14},"1":{"loc":{"start":{"line":61,"column":2},"end":{"line":65,"column":3}},"type":"if","locations":[{"start":{"line":61,"column":2},"end":{"line":65,"column":3}},{"start":{},"end":{}}],"line":61},"2":{"loc":{"start":{"line":140,"column":2},"end":{"line":144,"column":3}},"type":"if","locations":[{"start":{"line":140,"column":2},"end":{"line":144,"column":3}},{"start":{},"end":{}}],"line":140},"3":{"loc":{"start":{"line":176,"column":2},"end":{"line":180,"column":3}},"type":"if","locations":[{"start":{"line":176,"column":2},"end":{"line":180,"column":3}},{"start":{},"end":{}}],"line":176},"4":{"loc":{"start":{"line":182,"column":2},"end":{"line":186,"column":3}},"type":"if","locations":[{"start":{"line":182,"column":2},"end":{"line":186,"column":3}},{"start":{},"end":{}}],"line":182},"5":{"loc":{"start":{"line":197,"column":2},"end":{"line":199,"column":3}},"type":"if","locations":[{"start":{"line":197,"column":2},"end":{"line":199,"column":3}},{"start":{},"end":{}}],"line":197},"6":{"loc":{"start":{"line":197,"column":6},"end":{"line":197,"column":76}},"type":"binary-expr","locations":[{"start":{"line":197,"column":6},"end":{"line":197,"column":34}},{"start":{"line":197,"column":38},"end":{"line":197,"column":76}}],"line":197},"7":{"loc":{"start":{"line":201,"column":2},"end":{"line":216,"column":3}},"type":"if","locations":[{"start":{"line":201,"column":2},"end":{"line":216,"column":3}},{"start":{},"end":{}}],"line":201},"8":{"loc":{"start":{"line":208,"column":8},"end":{"line":208,"column":75}},"type":"if","locations":[{"start":{"line":208,"column":8},"end":{"line":208,"column":75}},{"start":{},"end":{}}],"line":208},"9":{"loc":{"start":{"line":243,"column":2},"end":{"line":247,"column":3}},"type":"if","locations":[{"start":{"line":243,"column":2},"end":{"line":247,"column":3}},{"start":{},"end":{}}],"line":243},"10":{"loc":{"start":{"line":249,"column":2},"end":{"line":253,"column":3}},"type":"if","locations":[{"start":{"line":249,"column":2},"end":{"line":253,"column":3}},{"start":{},"end":{}}],"line":249},"11":{"loc":{"start":{"line":255,"column":2},"end":{"line":257,"column":3}},"type":"if","locations":[{"start":{"line":255,"column":2},"end":{"line":257,"column":3}},{"start":{},"end":{}}],"line":255},"12":{"loc":{"start":{"line":266,"column":2},"end":{"line":295,"column":3}},"type":"switch","locations":[{"start":{"line":267,"column":4},"end":{"line":269,"column":12}},{"start":{"line":271,"column":4},"end":{"line":273,"column":12}},{"start":{"line":275,"column":4},"end":{"line":291,"column":5}},{"start":{"line":293,"column":4},"end":{"line":294,"column":69}}],"line":266},"13":{"loc":{"start":{"line":282,"column":10},"end":{"line":282,"column":77}},"type":"if","locations":[{"start":{"line":282,"column":10},"end":{"line":282,"column":77}},{"start":{},"end":{}}],"line":282},"14":{"loc":{"start":{"line":316,"column":2},"end":{"line":320,"column":3}},"type":"if","locations":[{"start":{"line":316,"column":2},"end":{"line":320,"column":3}},{"start":{},"end":{}}],"line":316},"15":{"loc":{"start":{"line":322,"column":2},"end":{"line":326,"column":3}},"type":"if","locations":[{"start":{"line":322,"column":2},"end":{"line":326,"column":3}},{"start":{},"end":{}}],"line":322},"16":{"loc":{"start":{"line":328,"column":2},"end":{"line":330,"column":3}},"type":"if","locations":[{"start":{"line":328,"column":2},"end":{"line":330,"column":3}},{"start":{},"end":{}}],"line":328},"17":{"loc":{"start":{"line":334,"column":2},"end":{"line":338,"column":3}},"type":"if","locations":[{"start":{"line":334,"column":2},"end":{"line":338,"column":3}},{"start":{},"end":{}}],"line":334}},"s":{"0":1,"1":1,"2":1,"3":1,"4":1,"5":1,"6":1,"7":10,"8":10,"9":10,"10":10,"11":1,"12":1,"13":1,"14":1,"15":1,"16":1,"17":1,"18":1,"19":1,"20":1,"21":1,"22":1,"23":4,"24":10,"25":10,"26":10,"27":10,"28":10,"29":1,"30":4,"31":4,"32":4,"33":4,"34":0,"35":4,"36":4,"37":4,"38":4,"39":4,"40":4,"41":4,"42":4,"43":1,"44":4,"45":4,"46":4,"47":4,"48":4,"49":4,"50":4,"51":4,"52":4,"53":1,"54":3,"55":3,"56":3,"57":1,"58":2,"59":2,"60":1,"61":22,"62":22,"63":18,"64":18,"65":18,"66":1,"67":17,"68":2,"69":15,"70":15,"71":1,"72":14,"73":0,"74":0,"75":0,"76":0,"77":14,"78":12,"79":12,"80":12,"81":12,"82":12,"83":12,"84":12,"85":1,"86":2,"87":2,"88":2,"89":2,"90":2,"91":0,"92":2,"93":0,"94":2,"95":0,"96":2,"97":2,"98":1,"99":1,"100":1,"101":1,"102":0,"103":0,"104":0,"105":0,"106":0,"107":0,"108":2,"109":2,"110":2,"111":2,"112":1,"113":5,"114":5,"115":5,"116":5,"117":1,"118":4,"119":0,"120":4,"121":1,"122":3,"123":3,"124":0,"125":3,"126":3,"127":1,"128":3,"129":3,"130":2,"131":3,"132":3,"133":1},"f":{"0":10,"1":4,"2":4,"3":4,"4":4,"5":3,"6":22,"7":0,"8":2,"9":0,"10":5,"11":1,"12":2},"b":{"0":[1,1,1,1,1,1,4],"1":[0,4],"2":[1,2],"3":[1,17],"4":[2,15],"5":[1,14],"6":[15,14],"7":[0,14],"8":[0,0],"9":[0,2],"10":[0,2],"11":[0,2],"12":[1,1,0,0],"13":[0,0],"14":[1,4],"15":[0,4],"16":[1,3],"17":[0,3]},"_coverageSchema":"1a1c01bbd47fc00a2c39e90264f33305004495a9","hash":"d1f2233aedec0939b96e1a0f632196561b44b806"}
,"T:\\Project\\CLone\\RedditClone\\reddish\\server\\controllers\\postComment.js": {"path":"T:\\Project\\CLone\\RedditClone\\reddish\\server\\controllers\\postComment.js","statementMap":{"0":{"start":{"line":1,"column":13},"end":{"line":1,"column":38}},"1":{"start":{"line":2,"column":13},"end":{"line":2,"column":38}},"2":{"start":{"line":3,"column":22},"end":{"line":3,"column":55}},"3":{"start":{"line":5,"column":20},"end":{"line":46,"column":1}},"4":{"start":{"line":6,"column":17},"end":{"line":6,"column":27}},"5":{"start":{"line":7,"column":22},"end":{"line":7,"column":30}},"6":{"start":{"line":9,"column":2},"end":{"line":11,"column":3}},"7":{"start":{"line":10,"column":4},"end":{"line":10,"column":77}},"8":{"start":{"line":13,"column":15},"end":{"line":13,"column":38}},"9":{"start":{"line":14,"column":15},"end":{"line":14,"column":44}},"10":{"start":{"line":16,"column":2},"end":{"line":20,"column":3}},"11":{"start":{"line":17,"column":4},"end":{"line":19,"column":7}},"12":{"start":{"line":22,"column":2},"end":{"line":26,"column":3}},"13":{"start":{"line":23,"column":4},"end":{"line":25,"column":61}},"14":{"start":{"line":28,"column":2},"end":{"line":33,"column":5}},"15":{"start":{"line":34,"column":2},"end":{"line":34,"column":51}},"16":{"start":{"line":35,"column":20},"end":{"line":35,"column":37}},"17":{"start":{"line":36,"column":24},"end":{"line":38,"column":19}},"18":{"start":{"line":40,"column":2},"end":{"line":40,"column":34}},"19":{"start":{"line":41,"column":2},"end":{"line":41,"column":23}},"20":{"start":{"line":42,"column":2},"end":{"line":42,"column":20}},"21":{"start":{"line":44,"column":23},"end":{"line":44,"column":76}},"22":{"start":{"line":45,"column":2},"end":{"line":45,"column":37}},"23":{"start":{"line":48,"column":22},"end":{"line":85,"column":1}},"24":{"start":{"line":49,"column":28},"end":{"line":49,"column":38}},"25":{"start":{"line":51,"column":15},"end":{"line":51,"column":38}},"26":{"start":{"line":52,"column":15},"end":{"line":52,"column":44}},"27":{"start":{"line":54,"column":2},"end":{"line":58,"column":3}},"28":{"start":{"line":55,"column":4},"end":{"line":57,"column":7}},"29":{"start":{"line":60,"column":2},"end":{"line":64,"column":3}},"30":{"start":{"line":61,"column":4},"end":{"line":63,"column":61}},"31":{"start":{"line":66,"column":24},"end":{"line":68,"column":3}},"32":{"start":{"line":67,"column":11},"end":{"line":67,"column":41}},"33":{"start":{"line":70,"column":2},"end":{"line":74,"column":3}},"34":{"start":{"line":71,"column":4},"end":{"line":73,"column":7}},"35":{"start":{"line":76,"column":2},"end":{"line":78,"column":3}},"36":{"start":{"line":77,"column":4},"end":{"line":77,"column":66}},"37":{"start":{"line":80,"column":2},"end":{"line":80,"column":78}},"38":{"start":{"line":80,"column":46},"end":{"line":80,"column":76}},"39":{"start":{"line":81,"column":2},"end":{"line":81,"column":51}},"40":{"start":{"line":83,"column":2},"end":{"line":83,"column":20}},"41":{"start":{"line":84,"column":2},"end":{"line":84,"column":24}},"42":{"start":{"line":87,"column":22},"end":{"line":133,"column":1}},"43":{"start":{"line":88,"column":28},"end":{"line":88,"column":38}},"44":{"start":{"line":89,"column":22},"end":{"line":89,"column":30}},"45":{"start":{"line":91,"column":2},"end":{"line":93,"column":3}},"46":{"start":{"line":92,"column":4},"end":{"line":92,"column":77}},"47":{"start":{"line":95,"column":15},"end":{"line":95,"column":38}},"48":{"start":{"line":96,"column":15},"end":{"line":96,"column":44}},"49":{"start":{"line":98,"column":2},"end":{"line":102,"column":3}},"50":{"start":{"line":99,"column":4},"end":{"line":101,"column":7}},"51":{"start":{"line":104,"column":2},"end":{"line":108,"column":3}},"52":{"start":{"line":105,"column":4},"end":{"line":107,"column":61}},"53":{"start":{"line":110,"column":24},"end":{"line":112,"column":3}},"54":{"start":{"line":111,"column":11},"end":{"line":111,"column":41}},"55":{"start":{"line":114,"column":2},"end":{"line":118,"column":3}},"56":{"start":{"line":115,"column":4},"end":{"line":117,"column":7}},"57":{"start":{"line":120,"column":2},"end":{"line":122,"column":3}},"58":{"start":{"line":121,"column":4},"end":{"line":121,"column":66}},"59":{"start":{"line":124,"column":2},"end":{"line":124,"column":38}},"60":{"start":{"line":125,"column":2},"end":{"line":125,"column":39}},"61":{"start":{"line":127,"column":2},"end":{"line":129,"column":4}},"62":{"start":{"line":128,"column":4},"end":{"line":128,"column":54}},"63":{"start":{"line":131,"column":2},"end":{"line":131,"column":20}},"64":{"start":{"line":132,"column":2},"end":{"line":132,"column":24}},"65":{"start":{"line":135,"column":18},"end":{"line":194,"column":1}},"66":{"start":{"line":136,"column":28},"end":{"line":136,"column":38}},"67":{"start":{"line":137,"column":20},"end":{"line":137,"column":28}},"68":{"start":{"line":139,"column":2},"end":{"line":141,"column":3}},"69":{"start":{"line":140,"column":4},"end":{"line":140,"column":75}},"70":{"start":{"line":143,"column":15},"end":{"line":143,"column":38}},"71":{"start":{"line":144,"column":15},"end":{"line":144,"column":44}},"72":{"start":{"line":146,"column":2},"end":{"line":150,"column":3}},"73":{"start":{"line":147,"column":4},"end":{"line":149,"column":7}},"74":{"start":{"line":152,"column":2},"end":{"line":156,"column":3}},"75":{"start":{"line":153,"column":4},"end":{"line":155,"column":61}},"76":{"start":{"line":158,"column":24},"end":{"line":160,"column":3}},"77":{"start":{"line":159,"column":11},"end":{"line":159,"column":41}},"78":{"start":{"line":162,"column":2},"end":{"line":166,"column":3}},"79":{"start":{"line":163,"column":4},"end":{"line":165,"column":7}},"80":{"start":{"line":168,"column":2},"end":{"line":173,"column":5}},"81":{"start":{"line":175,"column":2},"end":{"line":177,"column":4}},"82":{"start":{"line":176,"column":4},"end":{"line":176,"column":54}},"83":{"start":{"line":178,"column":2},"end":{"line":178,"column":51}},"84":{"start":{"line":179,"column":20},"end":{"line":179,"column":37}},"85":{"start":{"line":180,"column":24},"end":{"line":182,"column":19}},"86":{"start":{"line":184,"column":2},"end":{"line":184,"column":34}},"87":{"start":{"line":185,"column":2},"end":{"line":185,"column":23}},"88":{"start":{"line":186,"column":2},"end":{"line":186,"column":20}},"89":{"start":{"line":188,"column":25},"end":{"line":190,"column":3}},"90":{"start":{"line":189,"column":11},"end":{"line":189,"column":41}},"91":{"start":{"line":192,"column":21},"end":{"line":192,"column":78}},"92":{"start":{"line":193,"column":2},"end":{"line":193,"column":35}},"93":{"start":{"line":196,"column":20},"end":{"line":249,"column":1}},"94":{"start":{"line":197,"column":37},"end":{"line":197,"column":47}},"95":{"start":{"line":199,"column":15},"end":{"line":199,"column":38}},"96":{"start":{"line":200,"column":15},"end":{"line":200,"column":44}},"97":{"start":{"line":202,"column":2},"end":{"line":206,"column":3}},"98":{"start":{"line":203,"column":4},"end":{"line":205,"column":7}},"99":{"start":{"line":208,"column":2},"end":{"line":212,"column":3}},"100":{"start":{"line":209,"column":4},"end":{"line":211,"column":61}},"101":{"start":{"line":214,"column":24},"end":{"line":216,"column":3}},"102":{"start":{"line":215,"column":11},"end":{"line":215,"column":41}},"103":{"start":{"line":218,"column":2},"end":{"line":222,"column":3}},"104":{"start":{"line":219,"column":4},"end":{"line":221,"column":7}},"105":{"start":{"line":224,"column":22},"end":{"line":226,"column":3}},"106":{"start":{"line":225,"column":11},"end":{"line":225,"column":39}},"107":{"start":{"line":228,"column":2},"end":{"line":232,"column":3}},"108":{"start":{"line":229,"column":4},"end":{"line":231,"column":7}},"109":{"start":{"line":234,"column":2},"end":{"line":236,"column":3}},"110":{"start":{"line":235,"column":4},"end":{"line":235,"column":66}},"111":{"start":{"line":238,"column":2},"end":{"line":240,"column":4}},"112":{"start":{"line":239,"column":11},"end":{"line":239,"column":39}},"113":{"start":{"line":242,"column":2},"end":{"line":244,"column":4}},"114":{"start":{"line":243,"column":4},"end":{"line":243,"column":54}},"115":{"start":{"line":245,"column":2},"end":{"line":245,"column":51}},"116":{"start":{"line":247,"column":2},"end":{"line":247,"column":20}},"117":{"start":{"line":248,"column":2},"end":{"line":248,"column":24}},"118":{"start":{"line":250,"column":20},"end":{"line":310,"column":1}},"119":{"start":{"line":251,"column":37},"end":{"line":251,"column":47}},"120":{"start":{"line":252,"column":20},"end":{"line":252,"column":28}},"121":{"start":{"line":254,"column":2},"end":{"line":256,"column":3}},"122":{"start":{"line":255,"column":4},"end":{"line":255,"column":75}},"123":{"start":{"line":258,"column":15},"end":{"line":258,"column":38}},"124":{"start":{"line":259,"column":15},"end":{"line":259,"column":44}},"125":{"start":{"line":261,"column":2},"end":{"line":265,"column":3}},"126":{"start":{"line":262,"column":4},"end":{"line":264,"column":7}},"127":{"start":{"line":267,"column":2},"end":{"line":271,"column":3}},"128":{"start":{"line":268,"column":4},"end":{"line":270,"column":61}},"129":{"start":{"line":273,"column":24},"end":{"line":275,"column":3}},"130":{"start":{"line":274,"column":11},"end":{"line":274,"column":41}},"131":{"start":{"line":277,"column":2},"end":{"line":281,"column":3}},"132":{"start":{"line":278,"column":4},"end":{"line":280,"column":7}},"133":{"start":{"line":283,"column":22},"end":{"line":285,"column":3}},"134":{"start":{"line":284,"column":11},"end":{"line":284,"column":39}},"135":{"start":{"line":287,"column":2},"end":{"line":291,"column":3}},"136":{"start":{"line":288,"column":4},"end":{"line":290,"column":7}},"137":{"start":{"line":293,"column":2},"end":{"line":295,"column":3}},"138":{"start":{"line":294,"column":4},"end":{"line":294,"column":66}},"139":{"start":{"line":297,"column":2},"end":{"line":297,"column":32}},"140":{"start":{"line":298,"column":2},"end":{"line":298,"column":37}},"141":{"start":{"line":300,"column":2},"end":{"line":302,"column":4}},"142":{"start":{"line":301,"column":4},"end":{"line":301,"column":50}},"143":{"start":{"line":304,"column":2},"end":{"line":306,"column":4}},"144":{"start":{"line":305,"column":4},"end":{"line":305,"column":54}},"145":{"start":{"line":308,"column":2},"end":{"line":308,"column":20}},"146":{"start":{"line":309,"column":2},"end":{"line":309,"column":24}},"147":{"start":{"line":312,"column":0},"end":{"line":319,"column":2}}},"fnMap":{"0":{"name":"(anonymous_0)","decl":{"start":{"line":5,"column":20},"end":{"line":5,"column":21}},"loc":{"start":{"line":5,"column":40},"end":{"line":46,"column":1}},"line":5},"1":{"name":"(anonymous_1)","decl":{"start":{"line":48,"column":22},"end":{"line":48,"column":23}},"loc":{"start":{"line":48,"column":42},"end":{"line":85,"column":1}},"line":48},"2":{"name":"(anonymous_2)","decl":{"start":{"line":67,"column":4},"end":{"line":67,"column":5}},"loc":{"start":{"line":67,"column":11},"end":{"line":67,"column":41}},"line":67},"3":{"name":"(anonymous_3)","decl":{"start":{"line":80,"column":39},"end":{"line":80,"column":40}},"loc":{"start":{"line":80,"column":46},"end":{"line":80,"column":76}},"line":80},"4":{"name":"(anonymous_4)","decl":{"start":{"line":87,"column":22},"end":{"line":87,"column":23}},"loc":{"start":{"line":87,"column":42},"end":{"line":133,"column":1}},"line":87},"5":{"name":"(anonymous_5)","decl":{"start":{"line":111,"column":4},"end":{"line":111,"column":5}},"loc":{"start":{"line":111,"column":11},"end":{"line":111,"column":41}},"line":111},"6":{"name":"(anonymous_6)","decl":{"start":{"line":127,"column":36},"end":{"line":127,"column":37}},"loc":{"start":{"line":128,"column":4},"end":{"line":128,"column":54}},"line":128},"7":{"name":"(anonymous_7)","decl":{"start":{"line":135,"column":18},"end":{"line":135,"column":19}},"loc":{"start":{"line":135,"column":38},"end":{"line":194,"column":1}},"line":135},"8":{"name":"(anonymous_8)","decl":{"start":{"line":159,"column":4},"end":{"line":159,"column":5}},"loc":{"start":{"line":159,"column":11},"end":{"line":159,"column":41}},"line":159},"9":{"name":"(anonymous_9)","decl":{"start":{"line":175,"column":36},"end":{"line":175,"column":37}},"loc":{"start":{"line":176,"column":4},"end":{"line":176,"column":54}},"line":176},"10":{"name":"(anonymous_10)","decl":{"start":{"line":189,"column":4},"end":{"line":189,"column":5}},"loc":{"start":{"line":189,"column":11},"end":{"line":189,"column":41}},"line":189},"11":{"name":"(anonymous_11)","decl":{"start":{"line":196,"column":20},"end":{"line":196,"column":21}},"loc":{"start":{"line":196,"column":40},"end":{"line":249,"column":1}},"line":196},"12":{"name":"(anonymous_12)","decl":{"start":{"line":215,"column":4},"end":{"line":215,"column":5}},"loc":{"start":{"line":215,"column":11},"end":{"line":215,"column":41}},"line":215},"13":{"name":"(anonymous_13)","decl":{"start":{"line":225,"column":4},"end":{"line":225,"column":5}},"loc":{"start":{"line":225,"column":11},"end":{"line":225,"column":39}},"line":225},"14":{"name":"(anonymous_14)","decl":{"start":{"line":239,"column":4},"end":{"line":239,"column":5}},"loc":{"start":{"line":239,"column":11},"end":{"line":239,"column":39}},"line":239},"15":{"name":"(anonymous_15)","decl":{"start":{"line":242,"column":36},"end":{"line":242,"column":37}},"loc":{"start":{"line":243,"column":4},"end":{"line":243,"column":54}},"line":243},"16":{"name":"(anonymous_16)","decl":{"start":{"line":250,"column":20},"end":{"line":250,"column":21}},"loc":{"start":{"line":250,"column":40},"end":{"line":310,"column":1}},"line":250},"17":{"name":"(anonymous_17)","decl":{"start":{"line":274,"column":4},"end":{"line":274,"column":5}},"loc":{"start":{"line":274,"column":11},"end":{"line":274,"column":41}},"line":274},"18":{"name":"(anonymous_18)","decl":{"start":{"line":284,"column":4},"end":{"line":284,"column":5}},"loc":{"start":{"line":284,"column":11},"end":{"line":284,"column":39}},"line":284},"19":{"name":"(anonymous_19)","decl":{"start":{"line":300,"column":52},"end":{"line":300,"column":53}},"loc":{"start":{"line":301,"column":4},"end":{"line":301,"column":50}},"line":301},"20":{"name":"(anonymous_20)","decl":{"start":{"line":304,"column":36},"end":{"line":304,"column":37}},"loc":{"start":{"line":305,"column":4},"end":{"line":305,"column":54}},"line":305}},"branchMap":{"0":{"loc":{"start":{"line":9,"column":2},"end":{"line":11,"column":3}},"type":"if","locations":[{"start":{"line":9,"column":2},"end":{"line":11,"column":3}},{"start":{},"end":{}}],"line":9},"1":{"loc":{"start":{"line":16,"column":2},"end":{"line":20,"column":3}},"type":"if","locations":[{"start":{"line":16,"column":2},"end":{"line":20,"column":3}},{"start":{},"end":{}}],"line":16},"2":{"loc":{"start":{"line":22,"column":2},"end":{"line":26,"column":3}},"type":"if","locations":[{"start":{"line":22,"column":2},"end":{"line":26,"column":3}},{"start":{},"end":{}}],"line":22},"3":{"loc":{"start":{"line":54,"column":2},"end":{"line":58,"column":3}},"type":"if","locations":[{"start":{"line":54,"column":2},"end":{"line":58,"column":3}},{"start":{},"end":{}}],"line":54},"4":{"loc":{"start":{"line":60,"column":2},"end":{"line":64,"column":3}},"type":"if","locations":[{"start":{"line":60,"column":2},"end":{"line":64,"column":3}},{"start":{},"end":{}}],"line":60},"5":{"loc":{"start":{"line":70,"column":2},"end":{"line":74,"column":3}},"type":"if","locations":[{"start":{"line":70,"column":2},"end":{"line":74,"column":3}},{"start":{},"end":{}}],"line":70},"6":{"loc":{"start":{"line":76,"column":2},"end":{"line":78,"column":3}},"type":"if","locations":[{"start":{"line":76,"column":2},"end":{"line":78,"column":3}},{"start":{},"end":{}}],"line":76},"7":{"loc":{"start":{"line":91,"column":2},"end":{"line":93,"column":3}},"type":"if","locations":[{"start":{"line":91,"column":2},"end":{"line":93,"column":3}},{"start":{},"end":{}}],"line":91},"8":{"loc":{"start":{"line":98,"column":2},"end":{"line":102,"column":3}},"type":"if","locations":[{"start":{"line":98,"column":2},"end":{"line":102,"column":3}},{"start":{},"end":{}}],"line":98},"9":{"loc":{"start":{"line":104,"column":2},"end":{"line":108,"column":3}},"type":"if","locations":[{"start":{"line":104,"column":2},"end":{"line":108,"column":3}},{"start":{},"end":{}}],"line":104},"10":{"loc":{"start":{"line":114,"column":2},"end":{"line":118,"column":3}},"type":"if","locations":[{"start":{"line":114,"column":2},"end":{"line":118,"column":3}},{"start":{},"end":{}}],"line":114},"11":{"loc":{"start":{"line":120,"column":2},"end":{"line":122,"column":3}},"type":"if","locations":[{"start":{"line":120,"column":2},"end":{"line":122,"column":3}},{"start":{},"end":{}}],"line":120},"12":{"loc":{"start":{"line":128,"column":4},"end":{"line":128,"column":54}},"type":"cond-expr","locations":[{"start":{"line":128,"column":37},"end":{"line":128,"column":38}},{"start":{"line":128,"column":41},"end":{"line":128,"column":54}}],"line":128},"13":{"loc":{"start":{"line":139,"column":2},"end":{"line":141,"column":3}},"type":"if","locations":[{"start":{"line":139,"column":2},"end":{"line":141,"column":3}},{"start":{},"end":{}}],"line":139},"14":{"loc":{"start":{"line":146,"column":2},"end":{"line":150,"column":3}},"type":"if","locations":[{"start":{"line":146,"column":2},"end":{"line":150,"column":3}},{"start":{},"end":{}}],"line":146},"15":{"loc":{"start":{"line":152,"column":2},"end":{"line":156,"column":3}},"type":"if","locations":[{"start":{"line":152,"column":2},"end":{"line":156,"column":3}},{"start":{},"end":{}}],"line":152},"16":{"loc":{"start":{"line":162,"column":2},"end":{"line":166,"column":3}},"type":"if","locations":[{"start":{"line":162,"column":2},"end":{"line":166,"column":3}},{"start":{},"end":{}}],"line":162},"17":{"loc":{"start":{"line":176,"column":4},"end":{"line":176,"column":54}},"type":"cond-expr","locations":[{"start":{"line":176,"column":37},"end":{"line":176,"column":38}},{"start":{"line":176,"column":41},"end":{"line":176,"column":54}}],"line":176},"18":{"loc":{"start":{"line":202,"column":2},"end":{"line":206,"column":3}},"type":"if","locations":[{"start":{"line":202,"column":2},"end":{"line":206,"column":3}},{"start":{},"end":{}}],"line":202},"19":{"loc":{"start":{"line":208,"column":2},"end":{"line":212,"column":3}},"type":"if","locations":[{"start":{"line":208,"column":2},"end":{"line":212,"column":3}},{"start":{},"end":{}}],"line":208},"20":{"loc":{"start":{"line":218,"column":2},"end":{"line":222,"column":3}},"type":"if","locations":[{"start":{"line":218,"column":2},"end":{"line":222,"column":3}},{"start":{},"end":{}}],"line":218},"21":{"loc":{"start":{"line":228,"column":2},"end":{"line":232,"column":3}},"type":"if","locations":[{"start":{"line":228,"column":2},"end":{"line":232,"column":3}},{"start":{},"end":{}}],"line":228},"22":{"loc":{"start":{"line":234,"column":2},"end":{"line":236,"column":3}},"type":"if","locations":[{"start":{"line":234,"column":2},"end":{"line":236,"column":3}},{"start":{},"end":{}}],"line":234},"23":{"loc":{"start":{"line":243,"column":4},"end":{"line":243,"column":54}},"type":"cond-expr","locations":[{"start":{"line":243,"column":37},"end":{"line":243,"column":38}},{"start":{"line":243,"column":41},"end":{"line":243,"column":54}}],"line":243},"24":{"loc":{"start":{"line":254,"column":2},"end":{"line":256,"column":3}},"type":"if","locations":[{"start":{"line":254,"column":2},"end":{"line":256,"column":3}},{"start":{},"end":{}}],"line":254},"25":{"loc":{"start":{"line":261,"column":2},"end":{"line":265,"column":3}},"type":"if","locations":[{"start":{"line":261,"column":2},"end":{"line":265,"column":3}},{"start":{},"end":{}}],"line":261},"26":{"loc":{"start":{"line":267,"column":2},"end":{"line":271,"column":3}},"type":"if","locations":[{"start":{"line":267,"column":2},"end":{"line":271,"column":3}},{"start":{},"end":{}}],"line":267},"27":{"loc":{"start":{"line":277,"column":2},"end":{"line":281,"column":3}},"type":"if","locations":[{"start":{"line":277,"column":2},"end":{"line":281,"column":3}},{"start":{},"end":{}}],"line":277},"28":{"loc":{"start":{"line":287,"column":2},"end":{"line":291,"column":3}},"type":"if","locations":[{"start":{"line":287,"column":2},"end":{"line":291,"column":3}},{"start":{},"end":{}}],"line":287},"29":{"loc":{"start":{"line":293,"column":2},"end":{"line":295,"column":3}},"type":"if","locations":[{"start":{"line":293,"column":2},"end":{"line":295,"column":3}},{"start":{},"end":{}}],"line":293},"30":{"loc":{"start":{"line":301,"column":4},"end":{"line":301,"column":50}},"type":"cond-expr","locations":[{"start":{"line":301,"column":35},"end":{"line":301,"column":36}},{"start":{"line":301,"column":39},"end":{"line":301,"column":50}}],"line":301},"31":{"loc":{"start":{"line":305,"column":4},"end":{"line":305,"column":54}},"type":"cond-expr","locations":[{"start":{"line":305,"column":37},"end":{"line":305,"column":38}},{"start":{"line":305,"column":41},"end":{"line":305,"column":54}}],"line":305}},"s":{"0":1,"1":1,"2":1,"3":1,"4":4,"5":4,"6":4,"7":1,"8":3,"9":3,"10":3,"11":1,"12":2,"13":1,"14":1,"15":1,"16":1,"17":1,"18":1,"19":1,"20":1,"21":1,"22":1,"23":1,"24":5,"25":5,"26":5,"27":5,"28":1,"29":4,"30":1,"31":3,"32":2,"33":3,"34":1,"35":2,"36":1,"37":1,"38":1,"39":1,"40":1,"41":1,"42":1,"43":6,"44":6,"45":6,"46":1,"47":5,"48":5,"49":5,"50":1,"51":4,"52":1,"53":3,"54":2,"55":3,"56":1,"57":2,"58":1,"59":1,"60":1,"61":1,"62":1,"63":1,"64":1,"65":1,"66":5,"67":5,"68":5,"69":1,"70":4,"71":4,"72":4,"73":1,"74":3,"75":1,"76":2,"77":1,"78":2,"79":1,"80":1,"81":1,"82":1,"83":1,"84":1,"85":1,"86":1,"87":1,"88":1,"89":1,"90":1,"91":1,"92":1,"93":1,"94":6,"95":6,"96":6,"97":6,"98":1,"99":5,"100":1,"101":4,"102":3,"103":4,"104":1,"105":3,"106":2,"107":3,"108":1,"109":2,"110":1,"111":1,"112":1,"113":1,"114":1,"115":1,"116":1,"117":1,"118":1,"119":7,"120":7,"121":7,"122":1,"123":6,"124":6,"125":6,"126":1,"127":5,"128":1,"129":4,"130":3,"131":4,"132":1,"133":3,"134":2,"135":3,"136":1,"137":2,"138":1,"139":1,"140":1,"141":1,"142":1,"143":1,"144":1,"145":1,"146":1,"147":1},"f":{"0":4,"1":5,"2":2,"3":1,"4":6,"5":2,"6":1,"7":5,"8":1,"9":1,"10":1,"11":6,"12":3,"13":2,"14":1,"15":1,"16":7,"17":3,"18":2,"19":1,"20":1},"b":{"0":[1,3],"1":[1,2],"2":[1,1],"3":[1,4],"4":[1,3],"5":[1,2],"6":[1,1],"7":[1,5],"8":[1,4],"9":[1,3],"10":[1,2],"11":[1,1],"12":[0,1],"13":[1,4],"14":[1,3],"15":[1,2],"16":[1,1],"17":[0,1],"18":[1,5],"19":[1,4],"20":[1,3],"21":[1,2],"22":[1,1],"23":[0,1],"24":[1,6],"25":[1,5],"26":[1,4],"27":[1,3],"28":[1,2],"29":[1,1],"30":[0,1],"31":[0,1]},"_coverageSchema":"1a1c01bbd47fc00a2c39e90264f33305004495a9","hash":"4798ce53ff9883ddb76d1476290bd20bafc19d59"}
,"T:\\Project\\CLone\\RedditClone\\reddish\\server\\controllers\\postVote.js": {"path":"T:\\Project\\CLone\\RedditClone\\reddish\\server\\controllers\\postVote.js","statementMap":{"0":{"start":{"line":1,"column":13},"end":{"line":1,"column":38}},"1":{"start":{"line":2,"column":13},"end":{"line":2,"column":38}},"2":{"start":{"line":3,"column":25},"end":{"line":3,"column":61}},"3":{"start":{"line":5,"column":19},"end":{"line":61,"column":1}},"4":{"start":{"line":6,"column":17},"end":{"line":6,"column":27}},"5":{"start":{"line":8,"column":15},"end":{"line":8,"column":38}},"6":{"start":{"line":9,"column":15},"end":{"line":9,"column":44}},"7":{"start":{"line":11,"column":2},"end":{"line":15,"column":3}},"8":{"start":{"line":12,"column":4},"end":{"line":14,"column":7}},"9":{"start":{"line":17,"column":2},"end":{"line":21,"column":3}},"10":{"start":{"line":18,"column":4},"end":{"line":20,"column":61}},"11":{"start":{"line":23,"column":17},"end":{"line":23,"column":49}},"12":{"start":{"line":25,"column":2},"end":{"line":29,"column":3}},"13":{"start":{"line":26,"column":4},"end":{"line":28,"column":68}},"14":{"start":{"line":31,"column":2},"end":{"line":44,"column":3}},"15":{"start":{"line":32,"column":4},"end":{"line":34,"column":6}},"16":{"start":{"line":33,"column":13},"end":{"line":33,"column":49}},"17":{"start":{"line":36,"column":4},"end":{"line":36,"column":35}},"18":{"start":{"line":38,"column":4},"end":{"line":38,"column":53}},"19":{"start":{"line":39,"column":4},"end":{"line":41,"column":6}},"20":{"start":{"line":40,"column":13},"end":{"line":40,"column":49}},"21":{"start":{"line":43,"column":4},"end":{"line":43,"column":35}},"22":{"start":{"line":46,"column":25},"end":{"line":50,"column":3}},"23":{"start":{"line":52,"column":2},"end":{"line":52,"column":48}},"24":{"start":{"line":53,"column":2},"end":{"line":53,"column":44}},"25":{"start":{"line":54,"column":2},"end":{"line":54,"column":40}},"26":{"start":{"line":55,"column":2},"end":{"line":55,"column":60}},"27":{"start":{"line":57,"column":2},"end":{"line":57,"column":20}},"28":{"start":{"line":58,"column":2},"end":{"line":58,"column":22}},"29":{"start":{"line":60,"column":2},"end":{"line":60,"column":24}},"30":{"start":{"line":63,"column":21},"end":{"line":119,"column":1}},"31":{"start":{"line":64,"column":17},"end":{"line":64,"column":27}},"32":{"start":{"line":66,"column":15},"end":{"line":66,"column":38}},"33":{"start":{"line":67,"column":15},"end":{"line":67,"column":44}},"34":{"start":{"line":69,"column":2},"end":{"line":73,"column":3}},"35":{"start":{"line":70,"column":4},"end":{"line":72,"column":7}},"36":{"start":{"line":75,"column":2},"end":{"line":79,"column":3}},"37":{"start":{"line":76,"column":4},"end":{"line":78,"column":61}},"38":{"start":{"line":81,"column":17},"end":{"line":81,"column":49}},"39":{"start":{"line":83,"column":2},"end":{"line":87,"column":3}},"40":{"start":{"line":84,"column":4},"end":{"line":86,"column":68}},"41":{"start":{"line":89,"column":2},"end":{"line":102,"column":3}},"42":{"start":{"line":90,"column":4},"end":{"line":92,"column":6}},"43":{"start":{"line":91,"column":13},"end":{"line":91,"column":49}},"44":{"start":{"line":94,"column":4},"end":{"line":94,"column":35}},"45":{"start":{"line":96,"column":4},"end":{"line":96,"column":57}},"46":{"start":{"line":97,"column":4},"end":{"line":99,"column":6}},"47":{"start":{"line":98,"column":13},"end":{"line":98,"column":49}},"48":{"start":{"line":101,"column":4},"end":{"line":101,"column":35}},"49":{"start":{"line":104,"column":25},"end":{"line":108,"column":3}},"50":{"start":{"line":110,"column":2},"end":{"line":110,"column":48}},"51":{"start":{"line":111,"column":2},"end":{"line":111,"column":44}},"52":{"start":{"line":112,"column":2},"end":{"line":112,"column":40}},"53":{"start":{"line":113,"column":2},"end":{"line":113,"column":60}},"54":{"start":{"line":115,"column":2},"end":{"line":115,"column":20}},"55":{"start":{"line":116,"column":2},"end":{"line":116,"column":22}},"56":{"start":{"line":118,"column":2},"end":{"line":118,"column":24}},"57":{"start":{"line":121,"column":0},"end":{"line":121,"column":46}}},"fnMap":{"0":{"name":"(anonymous_0)","decl":{"start":{"line":5,"column":19},"end":{"line":5,"column":20}},"loc":{"start":{"line":5,"column":39},"end":{"line":61,"column":1}},"line":5},"1":{"name":"(anonymous_1)","decl":{"start":{"line":33,"column":6},"end":{"line":33,"column":7}},"loc":{"start":{"line":33,"column":13},"end":{"line":33,"column":49}},"line":33},"2":{"name":"(anonymous_2)","decl":{"start":{"line":40,"column":6},"end":{"line":40,"column":7}},"loc":{"start":{"line":40,"column":13},"end":{"line":40,"column":49}},"line":40},"3":{"name":"(anonymous_3)","decl":{"start":{"line":63,"column":21},"end":{"line":63,"column":22}},"loc":{"start":{"line":63,"column":41},"end":{"line":119,"column":1}},"line":63},"4":{"name":"(anonymous_4)","decl":{"start":{"line":91,"column":6},"end":{"line":91,"column":7}},"loc":{"start":{"line":91,"column":13},"end":{"line":91,"column":49}},"line":91},"5":{"name":"(anonymous_5)","decl":{"start":{"line":98,"column":6},"end":{"line":98,"column":7}},"loc":{"start":{"line":98,"column":13},"end":{"line":98,"column":49}},"line":98}},"branchMap":{"0":{"loc":{"start":{"line":11,"column":2},"end":{"line":15,"column":3}},"type":"if","locations":[{"start":{"line":11,"column":2},"end":{"line":15,"column":3}},{"start":{},"end":{}}],"line":11},"1":{"loc":{"start":{"line":17,"column":2},"end":{"line":21,"column":3}},"type":"if","locations":[{"start":{"line":17,"column":2},"end":{"line":21,"column":3}},{"start":{},"end":{}}],"line":17},"2":{"loc":{"start":{"line":25,"column":2},"end":{"line":29,"column":3}},"type":"if","locations":[{"start":{"line":25,"column":2},"end":{"line":29,"column":3}},{"start":{},"end":{}}],"line":25},"3":{"loc":{"start":{"line":31,"column":2},"end":{"line":44,"column":3}},"type":"if","locations":[{"start":{"line":31,"column":2},"end":{"line":44,"column":3}},{"start":{"line":37,"column":9},"end":{"line":44,"column":3}}],"line":31},"4":{"loc":{"start":{"line":69,"column":2},"end":{"line":73,"column":3}},"type":"if","locations":[{"start":{"line":69,"column":2},"end":{"line":73,"column":3}},{"start":{},"end":{}}],"line":69},"5":{"loc":{"start":{"line":75,"column":2},"end":{"line":79,"column":3}},"type":"if","locations":[{"start":{"line":75,"column":2},"end":{"line":79,"column":3}},{"start":{},"end":{}}],"line":75},"6":{"loc":{"start":{"line":83,"column":2},"end":{"line":87,"column":3}},"type":"if","locations":[{"start":{"line":83,"column":2},"end":{"line":87,"column":3}},{"start":{},"end":{}}],"line":83},"7":{"loc":{"start":{"line":89,"column":2},"end":{"line":102,"column":3}},"type":"if","locations":[{"start":{"line":89,"column":2},"end":{"line":102,"column":3}},{"start":{"line":95,"column":9},"end":{"line":102,"column":3}}],"line":89}},"s":{"0":1,"1":1,"2":1,"3":1,"4":7,"5":7,"6":7,"7":7,"8":1,"9":6,"10":1,"11":5,"12":5,"13":1,"14":4,"15":0,"16":0,"17":0,"18":4,"19":4,"20":2,"21":4,"22":4,"23":4,"24":4,"25":4,"26":4,"27":4,"28":4,"29":4,"30":1,"31":6,"32":6,"33":6,"34":6,"35":1,"36":5,"37":1,"38":4,"39":4,"40":1,"41":3,"42":0,"43":0,"44":0,"45":3,"46":3,"47":1,"48":3,"49":3,"50":3,"51":3,"52":3,"53":3,"54":3,"55":3,"56":3,"57":1},"f":{"0":7,"1":0,"2":2,"3":6,"4":0,"5":1},"b":{"0":[1,6],"1":[1,5],"2":[1,4],"3":[0,4],"4":[1,5],"5":[1,4],"6":[1,3],"7":[0,3]},"_coverageSchema":"1a1c01bbd47fc00a2c39e90264f33305004495a9","hash":"904455c507061e266d4ab3494e651860d2e01396"}
,"T:\\Project\\CLone\\RedditClone\\reddish\\server\\controllers\\subreddit.js": {"path":"T:\\Project\\CLone\\RedditClone\\reddish\\server\\controllers\\subreddit.js","statementMap":{"0":{"start":{"line":1,"column":18},"end":{"line":1,"column":48}},"1":{"start":{"line":2,"column":13},"end":{"line":2,"column":38}},"2":{"start":{"line":3,"column":13},"end":{"line":3,"column":38}},"3":{"start":{"line":5,"column":24},"end":{"line":5,"column":59}},"4":{"start":{"line":7,"column":22},"end":{"line":10,"column":1}},"5":{"start":{"line":8,"column":24},"end":{"line":8,"column":75}},"6":{"start":{"line":9,"column":2},"end":{"line":9,"column":38}},"7":{"start":{"line":12,"column":26},"end":{"line":72,"column":1}},"8":{"start":{"line":13,"column":28},"end":{"line":13,"column":38}},"9":{"start":{"line":14,"column":15},"end":{"line":14,"column":37}},"10":{"start":{"line":15,"column":16},"end":{"line":15,"column":39}},"11":{"start":{"line":16,"column":17},"end":{"line":16,"column":33}},"12":{"start":{"line":19,"column":2},"end":{"line":40,"column":3}},"13":{"start":{"line":21,"column":6},"end":{"line":21,"column":36}},"14":{"start":{"line":22,"column":6},"end":{"line":22,"column":12}},"15":{"start":{"line":24,"column":6},"end":{"line":24,"column":38}},"16":{"start":{"line":25,"column":6},"end":{"line":25,"column":12}},"17":{"start":{"line":27,"column":6},"end":{"line":27,"column":36}},"18":{"start":{"line":28,"column":6},"end":{"line":28,"column":12}},"19":{"start":{"line":30,"column":6},"end":{"line":30,"column":34}},"20":{"start":{"line":31,"column":6},"end":{"line":31,"column":12}},"21":{"start":{"line":33,"column":6},"end":{"line":33,"column":44}},"22":{"start":{"line":34,"column":6},"end":{"line":34,"column":12}},"23":{"start":{"line":36,"column":6},"end":{"line":36,"column":35}},"24":{"start":{"line":37,"column":6},"end":{"line":37,"column":12}},"25":{"start":{"line":39,"column":6},"end":{"line":39,"column":21}},"26":{"start":{"line":42,"column":20},"end":{"line":44,"column":34}},"27":{"start":{"line":46,"column":2},"end":{"line":50,"column":3}},"28":{"start":{"line":47,"column":4},"end":{"line":49,"column":7}},"29":{"start":{"line":52,"column":21},"end":{"line":54,"column":21}},"30":{"start":{"line":56,"column":20},"end":{"line":56,"column":60}},"31":{"start":{"line":57,"column":25},"end":{"line":63,"column":43}},"32":{"start":{"line":65,"column":25},"end":{"line":69,"column":3}},"33":{"start":{"line":71,"column":2},"end":{"line":71,"column":73}},"34":{"start":{"line":74,"column":25},"end":{"line":81,"column":1}},"35":{"start":{"line":75,"column":26},"end":{"line":78,"column":42}},"36":{"start":{"line":80,"column":2},"end":{"line":80,"column":40}},"37":{"start":{"line":83,"column":27},"end":{"line":117,"column":1}},"38":{"start":{"line":84,"column":41},"end":{"line":84,"column":49}},"39":{"start":{"line":86,"column":16},"end":{"line":86,"column":45}},"40":{"start":{"line":87,"column":2},"end":{"line":91,"column":3}},"41":{"start":{"line":88,"column":4},"end":{"line":90,"column":61}},"42":{"start":{"line":93,"column":26},"end":{"line":95,"column":4}},"43":{"start":{"line":97,"column":2},"end":{"line":101,"column":3}},"44":{"start":{"line":98,"column":4},"end":{"line":100,"column":7}},"45":{"start":{"line":103,"column":23},"end":{"line":109,"column":4}},"46":{"start":{"line":111,"column":25},"end":{"line":111,"column":50}},"47":{"start":{"line":113,"column":2},"end":{"line":113,"column":73}},"48":{"start":{"line":114,"column":2},"end":{"line":114,"column":21}},"49":{"start":{"line":116,"column":2},"end":{"line":116,"column":46}},"50":{"start":{"line":119,"column":27},"end":{"line":152,"column":1}},"51":{"start":{"line":120,"column":26},"end":{"line":120,"column":34}},"52":{"start":{"line":121,"column":17},"end":{"line":121,"column":27}},"53":{"start":{"line":123,"column":2},"end":{"line":127,"column":3}},"54":{"start":{"line":124,"column":4},"end":{"line":126,"column":61}},"55":{"start":{"line":129,"column":16},"end":{"line":129,"column":45}},"56":{"start":{"line":130,"column":20},"end":{"line":130,"column":48}},"57":{"start":{"line":132,"column":2},"end":{"line":136,"column":3}},"58":{"start":{"line":133,"column":4},"end":{"line":135,"column":61}},"59":{"start":{"line":138,"column":2},"end":{"line":142,"column":3}},"60":{"start":{"line":139,"column":4},"end":{"line":141,"column":7}},"61":{"start":{"line":144,"column":2},"end":{"line":146,"column":3}},"62":{"start":{"line":145,"column":4},"end":{"line":145,"column":66}},"63":{"start":{"line":148,"column":2},"end":{"line":148,"column":38}},"64":{"start":{"line":150,"column":2},"end":{"line":150,"column":25}},"65":{"start":{"line":151,"column":2},"end":{"line":151,"column":24}},"66":{"start":{"line":154,"column":29},"end":{"line":180,"column":1}},"67":{"start":{"line":155,"column":17},"end":{"line":155,"column":27}},"68":{"start":{"line":157,"column":20},"end":{"line":157,"column":48}},"69":{"start":{"line":158,"column":15},"end":{"line":158,"column":44}},"70":{"start":{"line":160,"column":2},"end":{"line":172,"column":3}},"71":{"start":{"line":161,"column":4},"end":{"line":163,"column":6}},"72":{"start":{"line":162,"column":13},"end":{"line":162,"column":49}},"73":{"start":{"line":165,"column":4},"end":{"line":167,"column":6}},"74":{"start":{"line":166,"column":13},"end":{"line":166,"column":54}},"75":{"start":{"line":169,"column":4},"end":{"line":169,"column":69}},"76":{"start":{"line":171,"column":4},"end":{"line":171,"column":68}},"77":{"start":{"line":174,"column":2},"end":{"line":174,"column":60}},"78":{"start":{"line":176,"column":2},"end":{"line":176,"column":25}},"79":{"start":{"line":177,"column":2},"end":{"line":177,"column":20}},"80":{"start":{"line":179,"column":2},"end":{"line":179,"column":24}},"81":{"start":{"line":182,"column":0},"end":{"line":189,"column":2}}},"fnMap":{"0":{"name":"(anonymous_0)","decl":{"start":{"line":7,"column":22},"end":{"line":7,"column":23}},"loc":{"start":{"line":7,"column":43},"end":{"line":10,"column":1}},"line":7},"1":{"name":"(anonymous_1)","decl":{"start":{"line":12,"column":26},"end":{"line":12,"column":27}},"loc":{"start":{"line":12,"column":46},"end":{"line":72,"column":1}},"line":12},"2":{"name":"(anonymous_2)","decl":{"start":{"line":74,"column":25},"end":{"line":74,"column":26}},"loc":{"start":{"line":74,"column":46},"end":{"line":81,"column":1}},"line":74},"3":{"name":"(anonymous_3)","decl":{"start":{"line":83,"column":27},"end":{"line":83,"column":28}},"loc":{"start":{"l
[...]
e":31,"column":12}},{"start":{"line":32,"column":4},"end":{"line":34,"column":12}},{"start":{"line":35,"column":4},"end":{"line":37,"column":12}},{"start":{"line":38,"column":4},"end":{"line":39,"column":21}}],"line":19},"1":{"loc":{"start":{"line":46,"column":2},"end":{"line":50,"column":3}},"type":"if","locations":[{"start":{"line":46,"column":2},"end":{"line":50,"column":3}},{"start":{},"end":{}}],"line":46},"2":{"loc":{"start":{"line":87,"column":2},"end":{"line":91,"column":3}},"type":"if","locations":[{"start":{"line":87,"column":2},"end":{"line":91,"column":3}},{"start":{},"end":{}}],"line":87},"3":{"loc":{"start":{"line":97,"column":2},"end":{"line":101,"column":3}},"type":"if","locations":[{"start":{"line":97,"column":2},"end":{"line":101,"column":3}},{"start":{},"end":{}}],"line":97},"4":{"loc":{"start":{"line":123,"column":2},"end":{"line":127,"column":3}},"type":"if","locations":[{"start":{"line":123,"column":2},"end":{"line":127,"column":3}},{"start":{},"end":{}}],"line":123},"5":{"loc":{"start":{"line":132,"column":2},"end":{"line":136,"column":3}},"type":"if","locations":[{"start":{"line":132,"column":2},"end":{"line":136,"column":3}},{"start":{},"end":{}}],"line":132},"6":{"loc":{"start":{"line":138,"column":2},"end":{"line":142,"column":3}},"type":"if","locations":[{"start":{"line":138,"column":2},"end":{"line":142,"column":3}},{"start":{},"end":{}}],"line":138},"7":{"loc":{"start":{"line":144,"column":2},"end":{"line":146,"column":3}},"type":"if","locations":[{"start":{"line":144,"column":2},"end":{"line":146,"column":3}},{"start":{},"end":{}}],"line":144},"8":{"loc":{"start":{"line":160,"column":2},"end":{"line":172,"column":3}},"type":"if","locations":[{"start":{"line":160,"column":2},"end":{"line":172,"column":3}},{"start":{"line":168,"column":9},"end":{"line":172,"column":3}}],"line":160}},"s":{"0":1,"1":1,"2":1,"3":1,"4":1,"5":2,"6":2,"7":1,"8":14,"9":14,"10":14,"11":14,"12":14,"13":2,"14":2,"15":1,"16":1,"17":1,"18":1,"19":1,"20":1,"21":1,"22":1,"23":1,"24":1,"25":7,"26":14,"27":14,"28":1,"29":13,"30":13,"31":13,"32":12,"33":12,"34":1,"35":4,"36":4,"37":1,"38":8,"39":8,"40":8,"41":1,"42":7,"43":7,"44":1,"45":6,"46":6,"47":4,"48":4,"49":4,"50":1,"51":6,"52":6,"53":6,"54":1,"55":5,"56":5,"57":5,"58":0,"59":5,"60":4,"61":1,"62":0,"63":1,"64":1,"65":1,"66":1,"67":9,"68":9,"69":8,"70":8,"71":2,"72":2,"73":2,"74":0,"75":1,"76":1,"77":3,"78":3,"79":3,"80":3,"81":1},"f":{"0":2,"1":14,"2":4,"3":8,"4":6,"5":9,"6":2,"7":0},"b":{"0":[2,1,1,1,1,1,7],"1":[1,13],"2":[1,7],"3":[1,6],"4":[1,5],"5":[0,5],"6":[4,1],"7":[0,1],"8":[2,1]},"_coverageSchema":"1a1c01bbd47fc00a2c39e90264f33305004495a9","hash":"5f793ef868dad38206cc83ea99641a150e1aa04b"}
,"T:\\Project\\CLone\\RedditClone\\reddish\\server\\controllers\\user.js": {"path":"T:\\Project\\CLone\\RedditClone\\reddish\\server\\controllers\\user.js","statementMap":{"0":{"start":{"line":1,"column":13},"end":{"line":1,"column":38}},"1":{"start":{"line":2,"column":13},"end":{"line":2,"column":38}},"2":{"start":{"line":3,"column":38},"end":{"line":3,"column":64}},"3":{"start":{"line":4,"column":24},"end":{"line":4,"column":59}},"4":{"start":{"line":6,"column":16},"end":{"line":38,"column":1}},"5":{"start":{"line":7,"column":23},"end":{"line":7,"column":33}},"6":{"start":{"line":8,"column":15},"end":{"line":8,"column":37}},"7":{"start":{"line":9,"column":16},"end":{"line":9,"column":39}},"8":{"start":{"line":11,"column":15},"end":{"line":13,"column":4}},"9":{"start":{"line":15,"column":2},"end":{"line":19,"column":3}},"10":{"start":{"line":16,"column":4},"end":{"line":18,"column":77}},"11":{"start":{"line":21,"column":21},"end":{"line":21,"column":74}},"12":{"start":{"line":22,"column":20},"end":{"line":22,"column":60}},"13":{"start":{"line":23,"column":20},"end":{"line":29,"column":43}},"14":{"start":{"line":31,"column":25},"end":{"line":35,"column":3}},"15":{"start":{"line":37,"column":2},"end":{"line":37,"column":69}},"16":{"start":{"line":40,"column":22},"end":{"line":75,"column":1}},"17":{"start":{"line":41,"column":26},"end":{"line":41,"column":34}},"18":{"start":{"line":43,"column":2},"end":{"line":47,"column":3}},"19":{"start":{"line":44,"column":4},"end":{"line":46,"column":65}},"20":{"start":{"line":49,"column":15},"end":{"line":49,"column":44}},"21":{"start":{"line":51,"column":2},"end":{"line":55,"column":3}},"22":{"start":{"line":52,"column":4},"end":{"line":54,"column":61}},"23":{"start":{"line":57,"column":24},"end":{"line":65,"column":3}},"24":{"start":{"line":63,"column":6},"end":{"line":63,"column":73}},"25":{"start":{"line":63,"column":17},"end":{"line":63,"column":73}},"26":{"start":{"line":67,"column":2},"end":{"line":71,"column":4}},"27":{"start":{"line":73,"column":20},"end":{"line":73,"column":37}},"28":{"start":{"line":74,"column":2},"end":{"line":74,"column":53}},"29":{"start":{"line":77,"column":25},"end":{"line":94,"column":1}},"30":{"start":{"line":78,"column":15},"end":{"line":78,"column":44}},"31":{"start":{"line":80,"column":2},"end":{"line":84,"column":3}},"32":{"start":{"line":81,"column":4},"end":{"line":83,"column":61}},"33":{"start":{"line":86,"column":2},"end":{"line":90,"column":4}},"34":{"start":{"line":92,"column":2},"end":{"line":92,"column":20}},"35":{"start":{"line":93,"column":2},"end":{"line":93,"column":24}},"36":{"start":{"line":96,"column":0},"end":{"line":96,"column":62}}},"fnMap":{"0":{"name":"(anonymous_0)","decl":{"start":{"line":6,"column":16},"end":{"line":6,"column":17}},"loc":{"start":{"line":6,"column":36},"end":{"line":38,"column":1}},"line":6},"1":{"name":"(anonymous_1)","decl":{"start":{"line":40,"column":22},"end":{"line":40,"column":23}},"loc":{"start":{"line":40,"column":42},"end":{"line":75,"column":1}},"line":40},"2":{"name":"(anonymous_2)","decl":{"start":{"line":62,"column":4},"end":{"line":62,"column":5}},"loc":{"start":{"line":62,"column":15},"end":{"line":64,"column":5}},"line":62},"3":{"name":"(anonymous_3)","decl":{"start":{"line":77,"column":25},"end":{"line":77,"column":26}},"loc":{"start":{"line":77,"column":45},"end":{"line":94,"column":1}},"line":77}},"branchMap":{"0":{"loc":{"start":{"line":15,"column":2},"end":{"line":19,"column":3}},"type":"if","locations":[{"start":{"line":15,"column":2},"end":{"line":19,"column":3}},{"start":{},"end":{}}],"line":15},"1":{"loc":{"start":{"line":43,"column":2},"end":{"line":47,"column":3}},"type":"if","locations":[{"start":{"line":43,"column":2},"end":{"line":47,"column":3}},{"start":{},"end":{}}],"line":43},"2":{"loc":{"start":{"line":51,"column":2},"end":{"line":55,"column":3}},"type":"if","locations":[{"start":{"line":51,"column":2},"end":{"line":55,"column":3}},{"start":{},"end":{}}],"line":51},"3":{"loc":{"start":{"line":63,"column":6},"end":{"line":63,"column":73}},"type":"if","locations":[{"start":{"line":63,"column":6},"end":{"line":63,"column":73}},{"start":{},"end":{}}],"line":63},"4":{"loc":{"start":{"line":80,"column":2},"end":{"line":84,"column":3}},"type":"if","locations":[{"start":{"line":80,"column":2},"end":{"line":84,"column":3}},{"start":{},"end":{}}],"line":80}},"s":{"0":1,"1":1,"2":1,"3":1,"4":1,"5":17,"6":17,"7":17,"8":17,"9":17,"10":6,"11":11,"12":11,"13":11,"14":10,"15":10,"16":1,"17":0,"18":0,"19":0,"20":0,"21":0,"22":0,"23":0,"24":0,"25":0,"26":0,"27":0,"28":0,"29":1,"30":0,"31":0,"32":0,"33":0,"34":0,"35":0,"36":1},"f":{"0":17,"1":0,"2":0,"3":0},"b":{"0":[6,11],"1":[0,0],"2":[0,0],"3":[0,0],"4":[0,0]},"_coverageSchema":"1a1c01bbd47fc00a2c39e90264f33305004495a9","hash":"71d8a19aafd2530a3acfbbb2336d785bc46af36c"}
,"T:\\Project\\CLone\\RedditClone\\reddish\\server\\models\\post.js": {"path":"T:\\Project\\CLone\\RedditClone\\reddish\\server\\models\\post.js","statementMap":{"0":{"start":{"line":1,"column":17},"end":{"line":1,"column":36}},"1":{"start":{"line":2,"column":22},"end":{"line":2,"column":55}},"2":{"start":{"line":4,"column":20},"end":{"line":31,"column":2}},"3":{"start":{"line":33,"column":22},"end":{"line":61,"column":2}},"4":{"start":{"line":63,"column":19},"end":{"line":141,"column":2}},"5":{"start":{"line":144,"column":0},"end":{"line":144,"column":26}},"6":{"start":{"line":145,"column":0},"end":{"line":145,"column":29}},"7":{"start":{"line":146,"column":0},"end":{"line":146,"column":27}},"8":{"start":{"line":148,"column":0},"end":{"line":148,"column":52}}},"fnMap":{},"branchMap":{},"s":{"0":6,"1":6,"2":6,"3":6,"4":6,"5":6,"6":6,"7":6,"8":6},"f":{},"b":{},"_coverageSchema":"1a1c01bbd47fc00a2c39e90264f33305004495a9","hash":"cc2785b20951bd6272d945f90e0b6da6dcb32314"}
,"T:\\Project\\CLone\\RedditClone\\reddish\\server\\models\\subreddit.js": {"path":"T:\\Project\\CLone\\RedditClone\\reddish\\server\\models\\subreddit.js","statementMap":{"0":{"start":{"line":1,"column":17},"end":{"line":1,"column":36}},"1":{"start":{"line":2,"column":24},"end":{"line":2,"column":60}},"2":{"start":{"line":3,"column":22},"end":{"line":3,"column":55}},"3":{"start":{"line":5,"column":24},"end":{"line":42,"column":1}},"4":{"start":{"line":45,"column":0},"end":{"line":45,"column":40}},"5":{"start":{"line":48,"column":0},"end":{"line":48,"column":31}},"6":{"start":{"line":50,"column":0},"end":{"line":50,"column":62}}},"fnMap":{},"branchMap":{},"s":{"0":3,"1":3,"2":3,"3":3,"4":3,"5":3,"6":3},"f":{},"b":{},"_coverageSchema":"1a1c01bbd47fc00a2c39e90264f33305004495a9","hash":"e66c45824eed3bc9d31e63ee8bdde7c7f31ad21d"}
,"T:\\Project\\CLone\\RedditClone\\reddish\\server\\models\\user.js": {"path":"T:\\Project\\CLone\\RedditClone\\reddish\\server\\models\\user.js","statementMap":{"0":{"start":{"line":1,"column":17},"end":{"line":1,"column":36}},"1":{"start":{"line":2,"column":24},"end":{"line":2,"column":60}},"2":{"start":{"line":3,"column":22},"end":{"line":3,"column":55}},"3":{"start":{"line":6,"column":19},"end":{"line":65,"column":1}},"4":{"start":{"line":67,"column":0},"end":{"line":67,"column":35}},"5":{"start":{"line":70,"column":0},"end":{"line":70,"column":26}},"6":{"start":{"line":72,"column":0},"end":{"line":72,"column":52}}},"fnMap":{},"branchMap":{},"s":{"0":7,"1":7,"2":7,"3":7,"4":7,"5":7,"6":7},"f":{},"b":{},"_coverageSchema":"1a1c01bbd47fc00a2c39e90264f33305004495a9","hash":"657a666b7960582a65049641f7ecafc86c306770"}
,"T:\\Project\\CLone\\RedditClone\\reddish\\server\\utils\\config.js": {"path":"T:\\Project\\CLone\\RedditClone\\reddish\\server\\utils\\config.js","statementMap":{"0":{"start":{"line":1,"column":0},"end":{"line":1,"column":27}},"1":{"start":{"line":2,"column":19},"end":{"line":2,"column":43}},"2":{"start":{"line":4,"column":13},"end":{"line":4,"column":29}},"3":{"start":{"line":5,"column":20},"end":{"line":5,"column":43}},"4":{"start":{"line":6,"column":15},"end":{"line":6,"column":33}},"5":{"start":{"line":7,"column":22},"end":{"line":7,"column":63}},"6":{"start":{"line":9,"column":0},"end":{"line":13,"column":3}},"7":{"start":{"line":15,"column":0},"end":{"line":21,"column":2}}},"fnMap":{},"branchMap":{"0":{"loc":{"start":{"line":7,"column":22},"end":{"line":7,"column":63}},"type":"binary-expr","locations":[{"start":{"line":7,"column":22},"end":{"line":7,"column":47}},{"start":{"line":7,"column":51},"end":{"line":7,"column":63}}],"line":7}},"s":{"0":3,"1":3,"2":3,"3":3,"4":3,"5":3,"6":3,"7":3},"f":{},"b":{"0":[3,0]},"_coverageSchema":"1a1c01bbd47fc00a2c39e90264f33305004495a9","hash":"7da8a63d21ea60a2bcfe4cf32ca0e80baef1def5"}
,"T:\\Project\\CLone\\RedditClone\\reddish\\server\\utils\\paginateResults.js": {"path":"T:\\Project\\CLone\\RedditClone\\reddish\\server\\utils\\paginateResults.js","statementMap":{"0":{"start":{"line":1,"column":24},"end":{"line":25,"column":1}},"1":{"start":{"line":2,"column":21},"end":{"line":2,"column":39}},"2":{"start":{"line":3,"column":19},"end":{"line":3,"column":31}},"3":{"start":{"line":4,"column":18},"end":{"line":4,"column":20}},"4":{"start":{"line":6,"column":2},"end":{"line":11,"column":3}},"5":{"start":{"line":7,"column":4},"end":{"line":10,"column":6}},"6":{"start":{"line":13,"column":2},"end":{"line":18,"column":3}},"7":{"start":{"line":14,"column":4},"end":{"line":17,"column":6}},"8":{"start":{"line":20,"column":2},"end":{"line":24,"column":4}},"9":{"start":{"line":27,"column":0},"end":{"line":27,"column":33}}},"fnMap":{"0":{"name":"(anonymous_0)","decl":{"start":{"line":1,"column":24},"end":{"line":1,"column":25}},"loc":{"start":{"line":1,"column":51},"end":{"line":25,"column":1}},"line":1}},"branchMap":{"0":{"loc":{"start":{"line":6,"column":2},"end":{"line":11,"column":3}},"type":"if","locations":[{"start":{"line":6,"column":2},"end":{"line":11,"column":3}},{"start":{},"end":{}}],"line":6},"1":{"loc":{"start":{"line":13,"column":2},"end":{"line":18,"column":3}},"type":"if","locations":[{"start":{"line":13,"column":2},"end":{"line":18,"column":3}},{"start":{},"end":{}}],"line":13}},"s":{"0":3,"1":42,"2":42,"3":42,"4":42,"5":7,"6":42,"7":1,"8":42,"9":3},"f":{"0":42},"b":{"0":[7,35],"1":[1,41]},"_coverageSchema":"1a1c01bbd47fc00a2c39e90264f33305004495a9","hash":"cb1346db9a385374cb1b6cbf2bc20205208067b8"}
,"T:\\Project\\CLone\\RedditClone\\reddish\\server\\utils\\pointsCalculator.js": {"path":"T:\\Project\\CLone\\RedditClone\\reddish\\server\\utils\\pointsCalculator.js","statementMap":{"0":{"start":{"line":1,"column":25},"end":{"line":26,"column":1}},"1":{"start":{"line":2,"column":17},"end":{"line":2,"column":19}},"2":{"start":{"line":3,"column":17},"end":{"line":3,"column":36}},"3":{"start":{"line":5,"column":2},"end":{"line":9,"column":3}},"4":{"start":{"line":6,"column":4},"end":{"line":6,"column":27}},"5":{"start":{"line":8,"column":4},"end":{"line":8,"column":32}},"6":{"start":{"line":11,"column":20},"end":{"line":11,"column":39}},"7":{"start":{"line":13,"column":2},"end":{"line":17,"column":3}},"8":{"start":{"line":14,"column":4},"end":{"line":14,"column":25}},"9":{"start":{"line":16,"column":4},"end":{"line":16,"column":33}},"10":{"start":{"line":19,"column":2},"end":{"line":20,"column":78}},"11":{"start":{"line":22,"column":2},"end":{"line":23,"column":71}},"12":{"start":{"line":25,"column":2},"end":{"line":25,"column":16}},"13":{"start":{"line":28,"column":0},"end":{"line":28,"column":34}}},"fnMap":{"0":{"name":"(anonymous_0)","decl":{"start":{"line":1,"column":25},"end":{"line":1,"column":26}},"loc":{"start":{"line":1,"column":62},"end":{"line":26,"column":1}},"line":1}},"branchMap":{"0":{"loc":{"start":{"line":5,"column":2},"end":{"line":9,"column":3}},"type":"if","locations":[{"start":{"line":5,"column":2},"end":{"line":9,"column":3}},{"start":{"line":7,"column":9},"end":{"line":9,"column":3}}],"line":5},"1":{"loc":{"start":{"line":13,"column":2},"end":{"line":17,"column":3}},"type":"if","locations":[{"start":{"line":13,"column":2},"end":{"line":17,"column":3}},{"start":{"line":15,"column":9},"end":{"line":17,"column":3}}],"line":13}},"s":{"0":1,"1":0,"2":0,"3":0,"4":0,"5":0,"6":0,"7":0,"8":0,"9":0,"10":0,"11":0,"12":0,"13":1},"f":{"0":0},"b":{"0":[0,0],"1":[0,0]},"_coverageSchema":"1a1c01bbd47fc00a2c39e90264f33305004495a9","hash":"0b87faa8e11f2e9c80e97ad5e767c1217224c80b"}
,"T:\\Project\\CLone\\RedditClone\\reddish\\server\\utils\\postTypeValidator.js": {"path":"T:\\Project\\CLone\\RedditClone\\reddish\\server\\utils\\postTypeValidator.js","statementMap":{"0":{"start":{"line":1,"column":18},"end":{"line":1,"column":38}},"1":{"start":{"line":3,"column":28},"end":{"line":8,"column":1}},"2":{"start":{"line":4,"column":2},"end":{"line":6,"column":3}},"3":{"start":{"line":5,"column":4},"end":{"line":5,"column":62}},"4":{"start":{"line":7,"column":2},"end":{"line":7,"column":24}},"5":{"start":{"line":10,"column":28},"end":{"line":15,"column":1}},"6":{"start":{"line":11,"column":2},"end":{"line":13,"column":3}},"7":{"start":{"line":12,"column":4},"end":{"line":12,"column":62}},"8":{"start":{"line":14,"column":2},"end":{"line":14,"column":24}},"9":{"start":{"line":17,"column":29},"end":{"line":22,"column":1}},"10":{"start":{"line":18,"column":2},"end":{"line":20,"column":3}},"11":{"start":{"line":19,"column":4},"end":{"line":19,"column":57}},"12":{"start":{"line":21,"column":2},"end":{"line":21,"column":25}},"13":{"start":{"line":24,"column":26},"end":{"line":49,"column":1}},"14":{"start":{"line":25,"column":2},"end":{"line":48,"column":3}},"15":{"start":{"line":27,"column":6},"end":{"line":30,"column":8}},"16":{"start":{"line":33,"column":6},"end":{"line":36,"column":8}},"17":{"start":{"line":39,"column":6},"end":{"line":42,"column":8}},"18":{"start":{"line":45,"column":6},"end":{"line":47,"column":8}},"19":{"start":{"line":51,"column":0},"end":{"line":51,"column":35}}},"fnMap":{"0":{"name":"(anonymous_0)","decl":{"start":{"line":3,"column":28},"end":{"line":3,"column":29}},"loc":{"start":{"line":3,"column":48},"end":{"line":8,"column":1}},"line":3},"1":{"name":"(anonymous_1)","decl":{"start":{"line":10,"column":28},"end":{"line":10,"column":29}},"loc":{"start":{"line":10,"column":48},"end":{"line":15,"column":1}},"line":10},"2":{"name":"(anonymous_2)","decl":{"start":{"line":17,"column":29},"end":{"line":17,"column":30}},"loc":{"start":{"line":17,"column":50},"end":{"line":22,"column":1}},"line":17},"3":{"name":"(anonymous_3)","decl":{"start":{"line":24,"column":26},"end":{"line":24,"column":27}},"loc":{"start":{"line":24,"column":55},"end":{"line":49,"column":1}},"line":24}},"branchMap":{"0":{"loc":{"start":{"line":4,"column":2},"end":{"line":6,"column":3}},"type":"if","locations":[{"start":{"line":4,"column":2},"end":{"line":6,"column":3}},{"start":{},"end":{}}],"line":4},"1":{"loc":{"start":{"line":11,"column":2},"end":{"line":13,"column":3}},"type":"if","locations":[{"start":{"line":11,"column":2},"end":{"line":13,"column":3}},{"start":{},"end":{}}],"line":11},"2":{"loc":{"start":{"line":11,"column":6},"end":{"line":11,"column":57}},"type":"binary-expr","locations":[{"start":{"line":11,"column":6},"end":{"line":11,"column":21}},{"start":{"line":11,"column":25},"end":{"line":11,"column":57}}],"line":11},"3":{"loc":{"start":{"line":18,"column":2},"end":{"line":20,"column":3}},"type":"if","locations":[{"start":{"line":18,"column":2},"end":{"line":20,"column":3}},{"start":{},"end":{}}],"line":18},"4":{"loc":{"start":{"line":25,"column":2},"end":{"line":48,"column":3}},"type":"switch","locations":[{"start":{"line":26,"column":4},"end":{"line":30,"column":8}},{"start":{"line":32,"column":4},"end":{"line":36,"column":8}},{"start":{"line":38,"column":4},"end":{"line":42,"column":8}},{"start":{"line":44,"column":4},"end":{"line":47,"column":8}}],"line":25}},"s":{"0":1,"1":1,"2":20,"3":2,"4":18,"5":1,"6":3,"7":1,"8":2,"9":1,"10":1,"11":1,"12":0,"13":1,"14":24,"15":20,"16":3,"17":1,"18":0,"19":1},"f":{"0":20,"1":3,"2":1,"3":24},"b":{"0":[2,18],"1":[1,2],"2":[3,2],"3":[1,0],"4":[20,3,1,0]},"_coverageSchema":"1a1c01bbd47fc00a2c39e90264f33305004495a9","hash":"5fc2f41349e37a2ec95d65c7990d613cd28cb6a7"}
,"T:\\Project\\CLone\\RedditClone\\reddish\\server\\utils\\schemaCleaner.js": {"path":"T:\\Project\\CLone\\RedditClone\\reddish\\server\\utils\\schemaCleaner.js","statementMap":{"0":{"start":{"line":1,"column":22},"end":{"line":10,"column":1}},"1":{"start":{"line":2,"column":2},"end":{"line":9,"column":5}},"2":{"start":{"line":4,"column":6},"end":{"line":4,"column":56}},"3":{"start":{"line":5,"column":6},"end":{"line":5,"column":32}},"4":{"start":{"line":6,"column":6},"end":{"line":6,"column":32}},"5":{"start":{"line":7,"column":6},"end":{"line":7,"column":41}},"6":{"start":{"line":12,"column":0},"end":{"line":12,"column":31}}},"fnMap":{"0":{"name":"(anonymous_0)","decl":{"start":{"line":1,"column":22},"end":{"line":1,"column":23}},"loc":{"start":{"line":1,"column":34},"end":{"line":10,"column":1}},"line":1},"1":{"name":"(anonymous_1)","decl":{"start":{"line":3,"column":15},"end":{"line":3,"column":16}},"loc":{"start":{"line":3,"column":46},"end":{"line":8,"column":5}},"line":3}},"branchMap":{},"s":{"0":10,"1":28,"2":0,"3":0,"4":0,"5":0,"6":10},"f":{"0":28,"1":0},"b":{},"_coverageSchema":"1a1c01bbd47fc00a2c39e90264f33305004495a9","hash":"89a1e6b22e9b523b3b3505f0f8669e7ceae138f7"}
}
