TN:
SF:controllers\auth.js
FN:6,(anonymous_0)
FN:40,(anonymous_1)
FNF:2
FNH:1
FNDA:0,(anonymous_0)
FNDA:1,(anonymous_1)
DA:1,1
DA:2,1
DA:3,1
DA:4,1
DA:6,1
DA:7,0
DA:9,0
DA:13,0
DA:14,0
DA:19,0
DA:21,0
DA:22,0
DA:25,0
DA:29,0
DA:31,0
DA:40,1
DA:41,1
DA:43,1
DA:44,0
DA:49,1
DA:50,0
DA:55,1
DA:59,1
DA:60,0
DA:65,1
DA:66,1
DA:68,1
DA:73,1
DA:75,1
DA:79,1
DA:81,1
DA:90,1
LF:32
LH:19
BRDA:13,0,0,0
BRDA:13,0,1,0
BRDA:21,1,0,0
BRDA:21,1,1,0
BRDA:43,2,0,0
BRDA:43,2,1,1
BRDA:43,3,0,1
BRDA:43,3,1,1
BRDA:49,4,0,0
BRDA:49,4,1,1
BRDA:49,5,0,1
BRDA:49,5,1,1
BRDA:49,5,2,1
BRDA:59,6,0,0
BRDA:59,6,1,1
BRF:15
BRH:8
end_of_record
TN:
SF:controllers\post.js
FN:8,(anonymous_0)
FN:56,(anonymous_1)
FN:72,(anonymous_2)
FN:73,(anonymous_3)
FN:95,(anonymous_4)
FN:136,(anonymous_5)
FN:156,(anonymous_6)
FN:207,(anonymous_7)
FN:235,(anonymous_8)
FN:281,(anonymous_9)
FN:310,(anonymous_10)
FN:342,(anonymous_11)
FN:345,(anonymous_12)
FNF:13
FNH:11
FNDA:14,(anonymous_0)
FNDA:4,(anonymous_1)
FNDA:4,(anonymous_2)
FNDA:4,(anonymous_3)
FNDA:4,(anonymous_4)
FNDA:3,(anonymous_5)
FNDA:26,(anonymous_6)
FNDA:0,(anonymous_7)
FNDA:2,(anonymous_8)
FNDA:0,(anonymous_9)
FNDA:5,(anonymous_10)
FNDA:1,(anonymous_11)
FNDA:2,(anonymous_12)
DA:1,1
DA:2,1
DA:3,1
DA:4,1
DA:5,1
DA:6,1
DA:8,1
DA:9,14
DA:10,14
DA:11,14
DA:14,14
DA:16,1
DA:17,1
DA:19,1
DA:20,1
DA:22,1
DA:23,1
DA:25,1
DA:26,1
DA:28,1
DA:29,1
DA:31,1
DA:32,1
DA:34,8
DA:37,14
DA:38,14
DA:39,14
DA:47,14
DA:53,14
DA:56,1
DA:57,4
DA:58,4
DA:60,4
DA:61,4
DA:62,0
DA:67,4
DA:71,4
DA:72,4
DA:73,4
DA:75,4
DA:76,4
DA:86,4
DA:92,4
DA:95,1
DA:96,4
DA:97,4
DA:98,4
DA:100,4
DA:117,4
DA:118,4
DA:119,4
DA:127,4
DA:133,4
DA:136,1
DA:137,3
DA:139,3
DA:140,3
DA:141,1
DA:146,2
DA:153,2
DA:156,1
DA:164,26
DA:166,26
DA:173,21
DA:174,21
DA:176,21
DA:177,1
DA:182,20
DA:183,2
DA:188,18
DA:197,18
DA:198,1
DA:201,17
DA:202,0
DA:208,0
DA:212,0
DA:218,17
DA:220,15
DA:221,15
DA:223,15
DA:224,15
DA:225,15
DA:227,15
DA:232,15
DA:235,1
DA:236,2
DA:238,2
DA:240,2
DA:241,2
DA:243,2
DA:244,0
DA:249,2
DA:250,0
DA:255,2
DA:256,0
DA:259,2
DA:266,2
DA:268,1
DA:269,1
DA:272,1
DA:273,1
DA:276,0
DA:282,0
DA:286,0
DA:290,0
DA:294,0
DA:297,2
DA:299,2
DA:300,2
DA:307,2
DA:310,1
DA:311,5
DA:313,5
DA:314,5
DA:316,5
DA:317,1
DA:322,4
DA:323,0
DA:328,4
DA:329,1
DA:332,3
DA:334,3
DA:335,0
DA:340,3
DA:342,3
DA:343,3
DA:345,3
DA:346,3
DA:348,3
DA:351,1
LF:130
LH:116
BRDA:14,0,0,1
BRDA:14,0,1,1
BRDA:14,0,2,1
BRDA:14,0,3,1
BRDA:14,0,4,1
BRDA:14,0,5,1
BRDA:14,0,6,8
BRDA:61,1,0,0
BRDA:61,1,1,4
BRDA:140,2,0,1
BRDA:140,2,1,2
BRDA:176,3,0,1
BRDA:176,3,1,20
BRDA:182,4,0,2
BRDA:182,4,1,18
BRDA:197,5,0,1
BRDA:197,5,1,17
BRDA:197,6,0,18
BRDA:197,6,1,17
BRDA:201,7,0,0
BRDA:201,7,1,17
BRDA:208,8,0,0
BRDA:208,8,1,0
BRDA:243,9,0,0
BRDA:243,9,1,2
BRDA:249,10,0,0
BRDA:249,10,1,2
BRDA:255,11,0,0
BRDA:255,11,1,2
BRDA:266,12,0,1
BRDA:266,12,1,1
BRDA:266,12,2,0
BRDA:266,12,3,0
BRDA:282,13,0,0
BRDA:282,13,1,0
BRDA:316,14,0,1
BRDA:316,14,1,4
BRDA:322,15,0,0
BRDA:322,15,1,4
BRDA:328,16,0,1
BRDA:328,16,1,3
BRDA:334,17,0,0
BRDA:334,17,1,3
BRF:43
BRH:30
end_of_record
TN:
SF:controllers\user.js
FN:6,(anonymous_0)
FN:40,(anonymous_1)
FN:62,(anonymous_2)
FN:77,(anonymous_3)
FNF:4
FNH:1
FNDA:7,(anonymous_0)
FNDA:0,(anonymous_1)
FNDA:0,(anonymous_2)
FNDA:0,(anonymous_3)
DA:1,1
DA:2,1
DA:3,1
DA:4,1
DA:6,1
DA:7,7
DA:8,7
DA:9,7
DA:11,7
DA:15,7
DA:16,1
DA:21,6
DA:22,6
DA:23,6
DA:31,6
DA:37,6
DA:40,1
DA:41,0
DA:43,0
DA:44,0
DA:49,0
DA:51,0
DA:52,0
DA:57,0
DA:63,0
DA:67,0
DA:73,0
DA:74,0
DA:77,1
DA:78,0
DA:80,0
DA:81,0
DA:86,0
DA:92,0
DA:93,0
DA:96,1
LF:36
LH:19
BRDA:15,0,0,1
BRDA:15,0,1,6
BRDA:43,1,0,0
BRDA:43,1,1,0
BRDA:51,2,0,0
BRDA:51,2,1,0
BRDA:63,3,0,0
BRDA:63,3,1,0
BRDA:80,4,0,0
BRDA:80,4,1,0
BRF:10
BRH:2
end_of_record
TN:
SF:models\post.js
FNF:0
FNH:0
DA:1,2
DA:2,2
DA:4,2
DA:33,2
DA:63,2
DA:144,2
DA:145,2
DA:146,2
DA:148,2
LF:9
LH:9
BRF:0
BRH:0
end_of_record
TN:
SF:models\subreddit.js
FNF:0
FNH:0
DA:1,2
DA:2,2
DA:3,2
DA:5,2
DA:45,2
DA:48,2
DA:50,2
LF:7
LH:7
BRF:0
BRH:0
end_of_record
TN:
SF:models\user.js
FNF:0
FNH:0
DA:1,3
DA:2,3
DA:3,3
DA:6,3
DA:67,3
DA:70,3
DA:72,3
LF:7
LH:7
BRF:0
BRH:0
end_of_record
TN:
SF:utils\config.js
FNF:0
FNH:0
DA:1,3
DA:2,3
DA:4,3
DA:5,3
DA:6,3
DA:7,3
DA:9,3
DA:15,3
LF:8
LH:8
BRDA:7,0,0,3
BRDA:7,0,1,0
BRF:2
BRH:1
end_of_record
TN:
SF:utils\paginateResults.js
FN:1,(anonymous_0)
FNF:1
FNH:1
FNDA:28,(anonymous_0)
DA:1,2
DA:2,28
DA:3,28
DA:4,28
DA:6,28
DA:7,3
DA:13,28
DA:14,2
DA:20,28
DA:27,2
LF:10
LH:10
BRDA:6,0,0,3
BRDA:6,0,1,25
BRDA:13,1,0,2
BRDA:13,1,1,26
BRF:4
BRH:4
end_of_record
TN:
SF:utils\postTypeValidator.js
FN:3,(anonymous_0)
FN:10,(anonymous_1)
FN:17,(anonymous_2)
FN:24,(anonymous_3)
FNF:4
FNH:4
FNDA:22,(anonymous_0)
FNDA:4,(anonymous_1)
FNDA:1,(anonymous_2)
FNDA:28,(anonymous_3)
DA:1,1
DA:3,1
DA:4,22
DA:5,1
DA:7,21
DA:10,1
DA:11,4
DA:12,2
DA:14,2
DA:17,1
DA:18,1
DA:19,1
DA:21,0
DA:24,1
DA:25,28
DA:27,22
DA:33,4
DA:39,1
DA:45,1
DA:51,1
LF:20
LH:19
BRDA:4,0,0,1
BRDA:4,0,1,21
BRDA:11,1,0,2
BRDA:11,1,1,2
BRDA:11,2,0,4
BRDA:11,2,1,3
BRDA:18,3,0,1
BRDA:18,3,1,0
BRDA:25,4,0,22
BRDA:25,4,1,4
BRDA:25,4,2,1
BRDA:25,4,3,1
BRF:12
BRH:11
end_of_record
TN:
SF:utils\schemaCleaner.js
FN:1,(anonymous_0)
FN:3,(anonymous_1)
FNF:2
FNH:1
FNDA:11,(anonymous_0)
FNDA:0,(anonymous_1)
DA:1,3
DA:2,11
DA:4,0
DA:5,0
DA:6,0
DA:7,0
DA:12,3
LF:7
LH:3
BRF:0
BRH:0
end_of_record
