TN:
SF:controllers\auth.js
FN:6,(anonymous_0)
FN:40,(anonymous_1)
FNF:2
FNH:2
FNDA:4,(anonymous_0)
FNDA:6,(anonymous_1)
DA:1,1
DA:2,1
DA:3,1
DA:4,1
DA:6,1
DA:7,4
DA:9,4
DA:13,4
DA:14,1
DA:19,3
DA:21,3
DA:22,1
DA:25,2
DA:29,2
DA:31,2
DA:40,1
DA:41,6
DA:43,6
DA:44,2
DA:49,4
DA:50,2
DA:55,2
DA:59,2
DA:60,1
DA:65,1
DA:66,1
DA:68,1
DA:73,1
DA:75,1
DA:79,1
DA:81,1
DA:90,1
LF:32
LH:32
BRDA:13,0,0,1
BRDA:13,0,1,3
BRDA:21,1,0,1
BRDA:21,1,1,2
BRDA:43,2,0,2
BRDA:43,2,1,4
BRDA:43,3,0,6
BRDA:43,3,1,5
BRDA:49,4,0,2
BRDA:49,4,1,2
BRDA:49,5,0,4
BRDA:49,5,1,4
BRDA:49,5,2,3
BRDA:59,6,0,1
BRDA:59,6,1,1
BRF:15
BRH:15
end_of_record
TN:
SF:controllers\commentVote.js
FN:4,(anonymous_0)
FN:23,(anonymous_1)
FN:42,(anonymous_2)
FN:49,(anonymous_3)
FN:58,(anonymous_4)
FN:68,(anonymous_5)
FN:87,(anonymous_6)
FN:106,(anonymous_7)
FN:113,(anonymous_8)
FN:122,(anonymous_9)
FN:132,(anonymous_10)
FN:151,(anonymous_11)
FN:161,(anonymous_12)
FN:180,(anonymous_13)
FN:187,(anonymous_14)
FN:196,(anonymous_15)
FN:200,(anonymous_16)
FN:209,(anonymous_17)
FN:228,(anonymous_18)
FN:238,(anonymous_19)
FN:257,(anonymous_20)
FN:264,(anonymous_21)
FN:273,(anonymous_22)
FN:277,(anonymous_23)
FNF:24
FNH:24
FNDA:10,(anonymous_0)
FNDA:6,(anonymous_1)
FNDA:1,(anonymous_2)
FNDA:32,(anonymous_3)
FNDA:5,(anonymous_4)
FNDA:9,(anonymous_5)
FNDA:6,(anonymous_6)
FNDA:1,(anonymous_7)
FNDA:5,(anonymous_8)
FNDA:5,(anonymous_9)
FNDA:9,(anonymous_10)
FNDA:6,(anonymous_11)
FNDA:4,(anonymous_12)
FNDA:1,(anonymous_13)
FNDA:1,(anonymous_14)
FNDA:3,(anonymous_15)
FNDA:3,(anonymous_16)
FNDA:10,(anonymous_17)
FNDA:7,(anonymous_18)
FNDA:5,(anonymous_19)
FNDA:1,(anonymous_20)
FNDA:4,(anonymous_21)
FNDA:4,(anonymous_22)
FNDA:4,(anonymous_23)
DA:1,1
DA:2,1
DA:4,1
DA:5,10
DA:7,10
DA:8,10
DA:10,10
DA:11,1
DA:16,9
DA:17,1
DA:22,8
DA:23,6
DA:26,8
DA:27,2
DA:32,6
DA:34,6
DA:35,1
DA:40,5
DA:41,1
DA:42,1
DA:45,1
DA:47,4
DA:48,4
DA:49,32
DA:52,4
DA:55,5
DA:58,5
DA:59,5
DA:62,5
DA:63,5
DA:65,5
DA:68,1
DA:69,9
DA:71,9
DA:72,9
DA:74,9
DA:75,1
DA:80,8
DA:81,1
DA:86,7
DA:87,6
DA:90,7
DA:91,1
DA:96,6
DA:98,6
DA:99,1
DA:104,5
DA:105,1
DA:106,1
DA:109,1
DA:111,4
DA:112,4
DA:113,5
DA:116,4
DA:119,5
DA:122,5
DA:123,5
DA:126,5
DA:127,5
DA:129,5
DA:132,1
DA:133,9
DA:135,9
DA:136,9
DA:138,9
DA:139,1
DA:144,8
DA:145,1
DA:150,7
DA:151,6
DA:154,7
DA:155,1
DA:160,6
DA:161,4
DA:164,6
DA:165,2
DA:170,4
DA:172,4
DA:173,1
DA:178,3
DA:179,1
DA:180,1
DA:183,1
DA:185,2
DA:186,2
DA:187,1
DA:190,2
DA:193,3
DA:196,3
DA:197,3
DA:200,3
DA:201,3
DA:204,3
DA:205,3
DA:207,3
DA:209,1
DA:210,10
DA:212,10
DA:213,10
DA:215,10
DA:216,1
DA:221,9
DA:222,1
DA:227,8
DA:228,7
DA:231,8
DA:232,1
DA:237,7
DA:238,5
DA:241,7
DA:242,2
DA:247,5
DA:249,5
DA:250,1
DA:255,4
DA:256,1
DA:257,1
DA:260,1
DA:262,3
DA:263,3
DA:264,4
DA:267,3
DA:270,4
DA:273,4
DA:274,4
DA:277,4
DA:278,4
DA:281,4
DA:282,4
DA:284,4
DA:287,1
LF:131
LH:131
BRDA:10,0,0,1
BRDA:10,0,1,9
BRDA:16,1,0,1
BRDA:16,1,1,8
BRDA:26,2,0,2
BRDA:26,2,1,6
BRDA:34,3,0,1
BRDA:34,3,1,5
BRDA:40,4,0,1
BRDA:40,4,1,4
BRDA:59,5,0,0
BRDA:59,5,1,5
BRDA:74,6,0,1
BRDA:74,6,1,8
BRDA:80,7,0,1
BRDA:80,7,1,7
BRDA:90,8,0,1
BRDA:90,8,1,6
BRDA:98,9,0,1
BRDA:98,9,1,5
BRDA:104,10,0,1
BRDA:104,10,1,4
BRDA:123,11,0,0
BRDA:123,11,1,5
BRDA:138,12,0,1
BRDA:138,12,1,8
BRDA:144,13,0,1
BRDA:144,13,1,7
BRDA:154,14,0,1
BRDA:154,14,1,6
BRDA:164,15,0,2
BRDA:164,15,1,4
BRDA:172,16,0,1
BRDA:172,16,1,3
BRDA:178,17,0,1
BRDA:178,17,1,2
BRDA:197,18,0,0
BRDA:197,18,1,3
BRDA:201,19,0,0
BRDA:201,19,1,3
BRDA:215,20,0,1
BRDA:215,20,1,9
BRDA:221,21,0,1
BRDA:221,21,1,8
BRDA:231,22,0,1
BRDA:231,22,1,7
BRDA:241,23,0,2
BRDA:241,23,1,5
BRDA:249,24,0,1
BRDA:249,24,1,4
BRDA:255,25,0,1
BRDA:255,25,1,3
BRDA:274,26,0,0
BRDA:274,26,1,4
BRDA:278,27,0,0
BRDA:278,27,1,4
BRF:56
BRH:50
end_of_record
TN:
SF:controllers\post.js
FN:8,(anonymous_0)
FN:56,(anonymous_1)
FN:72,(anonymous_2)
FN:73,(anonymous_3)
FN:95,(anonymous_4)
FN:136,(anonymous_5)
FN:156,(anonymous_6)
FN:207,(anonymous_7)
FN:235,(anonymous_8)
FN:281,(anonymous_9)
FN:310,(anonymous_10)
FN:342,(anonymous_11)
FN:345,(anonymous_12)
FNF:13
FNH:11
FNDA:10,(anonymous_0)
FNDA:4,(anonymous_1)
FNDA:4,(anonymous_2)
FNDA:4,(anonymous_3)
FNDA:4,(anonymous_4)
FNDA:3,(anonymous_5)
FNDA:22,(anonymous_6)
FNDA:0,(anonymous_7)
FNDA:2,(anonymous_8)
FNDA:0,(anonymous_9)
FNDA:5,(anonymous_10)
FNDA:1,(anonymous_11)
FNDA:2,(anonymous_12)
DA:1,1
DA:2,1
DA:3,1
DA:4,1
DA:5,1
DA:6,1
DA:8,1
DA:9,10
DA:10,10
DA:11,10
DA:14,10
DA:16,1
DA:17,1
DA:19,1
DA:20,1
DA:22,1
DA:23,1
DA:25,1
DA:26,1
DA:28,1
DA:29,1
DA:31,1
DA:32,1
DA:34,4
DA:37,10
DA:38,10
DA:39,10
DA:47,10
DA:53,10
DA:56,1
DA:57,4
DA:58,4
DA:60,4
DA:61,4
DA:62,0
DA:67,4
DA:71,4
DA:72,4
DA:73,4
DA:75,4
DA:76,4
DA:86,4
DA:92,4
DA:95,1
DA:96,4
DA:97,4
DA:98,4
DA:100,4
DA:117,4
DA:118,4
DA:119,4
DA:127,4
DA:133,4
DA:136,1
DA:137,3
DA:139,3
DA:140,3
DA:141,1
DA:146,2
DA:153,2
DA:156,1
DA:164,22
DA:166,22
DA:173,18
DA:174,18
DA:176,18
DA:177,1
DA:182,17
DA:183,2
DA:188,15
DA:197,15
DA:198,1
DA:201,14
DA:202,0
DA:208,0
DA:212,0
DA:218,14
DA:220,12
DA:221,12
DA:223,12
DA:224,12
DA:225,12
DA:227,12
DA:232,12
DA:235,1
DA:236,2
DA:238,2
DA:240,2
DA:241,2
DA:243,2
DA:244,0
DA:249,2
DA:250,0
DA:255,2
DA:256,0
DA:259,2
DA:266,2
DA:268,1
DA:269,1
DA:272,1
DA:273,1
DA:276,0
DA:282,0
DA:286,0
DA:290,0
DA:294,0
DA:297,2
DA:299,2
DA:300,2
DA:307,2
DA:310,1
DA:311,5
DA:313,5
DA:314,5
DA:316,5
DA:317,1
DA:322,4
DA:323,0
DA:328,4
DA:329,1
DA:332,3
DA:334,3
DA:335,0
DA:340,3
DA:342,3
DA:343,3
DA:345,3
DA:346,3
DA:348,3
DA:351,1
LF:130
LH:116
BRDA:14,0,0,1
BRDA:14,0,1,1
BRDA:14,0,2,1
BRDA:14,0,3,1
BRDA:14,0,4,1
BRDA:14,0,5,1
BRDA:14,0,6,4
BRDA:61,1,0,0
BRDA:61,1,1,4
BRDA:140,2,0,1
BRDA:140,2,1,2
BRDA:176,3,0,1
BRDA:176,3,1,17
BRDA:182,4,0,2
BRDA:182,4,1,15
BRDA:197,5,0,1
BRDA:197,5,1,14
BRDA:197,6,0,15
BRDA:197,6,1,14
BRDA:201,7,0,0
BRDA:201,7,1,14
BRDA:208,8,0,0
BRDA:208,8,1,0
BRDA:243,9,0,0
BRDA:243,9,1,2
BRDA:249,10,0,0
BRDA:249,10,1,2
BRDA:255,11,0,0
BRDA:255,11,1,2
BRDA:266,12,0,1
BRDA:266,12,1,1
BRDA:266,12,2,0
BRDA:266,12,3,0
BRDA:282,13,0,0
BRDA:282,13,1,0
BRDA:316,14,0,1
BRDA:316,14,1,4
BRDA:322,15,0,0
BRDA:322,15,1,4
BRDA:328,16,0,1
BRDA:328,16,1,3
BRDA:334,17,0,0
BRDA:334,17,1,3
BRF:43
BRH:30
end_of_record
TN:
SF:controllers\postComment.js
FN:5,(anonymous_0)
FN:48,(anonymous_1)
FN:67,(anonymous_2)
FN:80,(anonymous_3)
FN:87,(anonymous_4)
FN:111,(anonymous_5)
FN:127,(anonymous_6)
FN:135,(anonymous_7)
FN:159,(anonymous_8)
FN:175,(anonymous_9)
FN:189,(anonymous_10)
FN:196,(anonymous_11)
FN:215,(anonymous_12)
FN:225,(anonymous_13)
FN:239,(anonymous_14)
FN:242,(anonymous_15)
FN:250,(anonymous_16)
FN:274,(anonymous_17)
FN:284,(anonymous_18)
FN:300,(anonymous_19)
FN:304,(anonymous_20)
FNF:21
FNH:21
FNDA:4,(anonymous_0)
FNDA:5,(anonymous_1)
FNDA:2,(anonymous_2)
FNDA:1,(anonymous_3)
FNDA:6,(anonymous_4)
FNDA:2,(anonymous_5)
FNDA:1,(anonymous_6)
FNDA:5,(anonymous_7)
FNDA:1,(anonymous_8)
FNDA:1,(anonymous_9)
FNDA:1,(anonymous_10)
FNDA:6,(anonymous_11)
FNDA:3,(anonymous_12)
FNDA:2,(anonymous_13)
FNDA:1,(anonymous_14)
FNDA:1,(anonymous_15)
FNDA:7,(anonymous_16)
FNDA:3,(anonymous_17)
FNDA:2,(anonymous_18)
FNDA:1,(anonymous_19)
FNDA:1,(anonymous_20)
DA:1,1
DA:2,1
DA:3,1
DA:5,1
DA:6,4
DA:7,4
DA:9,4
DA:10,1
DA:13,3
DA:14,3
DA:16,3
DA:17,1
DA:22,2
DA:23,1
DA:28,1
DA:34,1
DA:35,1
DA:36,1
DA:40,1
DA:41,1
DA:42,1
DA:44,1
DA:45,1
DA:48,1
DA:49,5
DA:51,5
DA:52,5
DA:54,5
DA:55,1
DA:60,4
DA:61,1
DA:66,3
DA:67,2
DA:70,3
DA:71,1
DA:76,2
DA:77,1
DA:80,1
DA:81,1
DA:83,1
DA:84,1
DA:87,1
DA:88,6
DA:89,6
DA:91,6
DA:92,1
DA:95,5
DA:96,5
DA:98,5
DA:99,1
DA:104,4
DA:105,1
DA:110,3
DA:111,2
DA:114,3
DA:115,1
DA:120,2
DA:121,1
DA:124,1
DA:125,1
DA:127,1
DA:128,1
DA:131,1
DA:132,1
DA:135,1
DA:136,5
DA:137,5
DA:139,5
DA:140,1
DA:143,4
DA:144,4
DA:146,4
DA:147,1
DA:152,3
DA:153,1
DA:158,2
DA:159,1
DA:162,2
DA:163,1
DA:168,1
DA:175,1
DA:176,1
DA:178,1
DA:179,1
DA:180,1
DA:184,1
DA:185,1
DA:186,1
DA:188,1
DA:189,1
DA:192,1
DA:193,1
DA:196,1
DA:197,6
DA:199,6
DA:200,6
DA:202,6
DA:203,1
DA:208,5
DA:209,1
DA:214,4
DA:215,3
DA:218,4
DA:219,1
DA:224,3
DA:225,2
DA:228,3
DA:229,1
DA:234,2
DA:235,1
DA:238,1
DA:239,1
DA:242,1
DA:243,1
DA:245,1
DA:247,1
DA:248,1
DA:250,1
DA:251,7
DA:252,7
DA:254,7
DA:255,1
DA:258,6
DA:259,6
DA:261,6
DA:262,1
DA:267,5
DA:268,1
DA:273,4
DA:274,3
DA:277,4
DA:278,1
DA:283,3
DA:284,2
DA:287,3
DA:288,1
DA:293,2
DA:294,1
DA:297,1
DA:298,1
DA:300,1
DA:301,1
DA:304,1
DA:305,1
DA:308,1
DA:309,1
DA:312,1
LF:147
LH:147
BRDA:9,0,0,1
BRDA:9,0,1,3
BRDA:16,1,0,1
BRDA:16,1,1,2
BRDA:22,2,0,1
BRDA:22,2,1,1
BRDA:54,3,0,1
BRDA:54,3,1,4
BRDA:60,4,0,1
BRDA:60,4,1,3
BRDA:70,5,0,1
BRDA:70,5,1,2
BRDA:76,6,0,1
BRDA:76,6,1,1
BRDA:91,7,0,1
BRDA:91,7,1,5
BRDA:98,8,0,1
BRDA:98,8,1,4
BRDA:104,9,0,1
BRDA:104,9,1,3
BRDA:114,10,0,1
BRDA:114,10,1,2
BRDA:120,11,0,1
BRDA:120,11,1,1
BRDA:128,12,0,0
BRDA:128,12,1,1
BRDA:139,13,0,1
BRDA:139,13,1,4
BRDA:146,14,0,1
BRDA:146,14,1,3
BRDA:152,15,0,1
BRDA:152,15,1,2
BRDA:162,16,0,1
BRDA:162,16,1,1
BRDA:176,17,0,0
BRDA:176,17,1,1
BRDA:202,18,0,1
BRDA:202,18,1,5
BRDA:208,19,0,1
BRDA:208,19,1,4
BRDA:218,20,0,1
BRDA:218,20,1,3
BRDA:228,21,0,1
BRDA:228,21,1,2
BRDA:234,22,0,1
BRDA:234,22,1,1
BRDA:243,23,0,0
BRDA:243,23,1,1
BRDA:254,24,0,1
BRDA:254,24,1,6
BRDA:261,25,0,1
BRDA:261,25,1,5
BRDA:267,26,0,1
BRDA:267,26,1,4
BRDA:277,27,0,1
BRDA:277,27,1,3
BRDA:287,28,0,1
BRDA:287,28,1,2
BRDA:293,29,0,1
BRDA:293,29,1,1
BRDA:301,30,0,0
BRDA:301,30,1,1
BRDA:305,31,0,0
BRDA:305,31,1,1
BRF:64
BRH:59
end_of_record
TN:
SF:controllers\postVote.js
FN:5,(anonymous_0)
FN:33,(anonymous_1)
FN:40,(anonymous_2)
FN:63,(anonymous_3)
FN:91,(anonymous_4)
FN:98,(anonymous_5)
FNF:6
FNH:4
FNDA:7,(anonymous_0)
FNDA:0,(anonymous_1)
FNDA:2,(anonymous_2)
FNDA:6,(anonymous_3)
FNDA:0,(anonymous_4)
FNDA:1,(anonymous_5)
DA:1,1
DA:2,1
DA:3,1
DA:5,1
DA:6,7
DA:8,7
DA:9,7
DA:11,7
DA:12,1
DA:17,6
DA:18,1
DA:23,5
DA:25,5
DA:26,1
DA:31,4
DA:32,0
DA:33,0
DA:36,0
DA:38,4
DA:39,4
DA:40,2
DA:43,4
DA:46,4
DA:52,4
DA:53,4
DA:54,4
DA:55,4
DA:57,4
DA:58,4
DA:60,4
DA:63,1
DA:64,6
DA:66,6
DA:67,6
DA:69,6
DA:70,1
DA:75,5
DA:76,1
DA:81,4
DA:83,4
DA:84,1
DA:89,3
DA:90,0
DA:91,0
DA:94,0
DA:96,3
DA:97,3
DA:98,1
DA:101,3
DA:104,3
DA:110,3
DA:111,3
DA:112,3
DA:113,3
DA:115,3
DA:116,3
DA:118,3
DA:121,1
LF:58
LH:52
BRDA:11,0,0,1
BRDA:11,0,1,6
BRDA:17,1,0,1
BRDA:17,1,1,5
BRDA:25,2,0,1
BRDA:25,2,1,4
BRDA:31,3,0,0
BRDA:31,3,1,4
BRDA:69,4,0,1
BRDA:69,4,1,5
BRDA:75,5,0,1
BRDA:75,5,1,4
BRDA:83,6,0,1
BRDA:83,6,1,3
BRDA:89,7,0,0
BRDA:89,7,1,3
BRF:16
BRH:14
end_of_record
TN:
SF:controllers\subreddit.js
FN:7,(anonymous_0)
FN:12,(anonymous_1)
FN:74,(anonymous_2)
FN:83,(anonymous_3)
FN:119,(anonymous_4)
FN:154,(anonymous_5)
FN:162,(anonymous_6)
FN:166,(anonymous_7)
FNF:8
FNH:7
FNDA:2,(anonymous_0)
FNDA:14,(anonymous_1)
FNDA:4,(anonymous_2)
FNDA:8,(anonymous_3)
FNDA:6,(anonymous_4)
FNDA:9,(anonymous_5)
FNDA:2,(anonymous_6)
FNDA:0,(anonymous_7)
DA:1,1
DA:2,1
DA:3,1
DA:5,1
DA:7,1
DA:8,2
DA:9,2
DA:12,1
DA:13,14
DA:14,14
DA:15,14
DA:16,14
DA:19,14
DA:21,2
DA:22,2
DA:24,1
DA:25,1
DA:27,1
DA:28,1
DA:30,1
DA:31,1
DA:33,1
DA:34,1
DA:36,1
DA:37,1
DA:39,7
DA:42,14
DA:46,14
DA:47,1
DA:52,13
DA:56,13
DA:57,13
DA:65,12
DA:71,12
DA:74,1
DA:75,4
DA:80,4
DA:83,1
DA:84,8
DA:86,8
DA:87,8
DA:88,1
DA:93,7
DA:97,7
DA:98,1
DA:103,6
DA:111,6
DA:113,4
DA:114,4
DA:116,4
DA:119,1
DA:120,6
DA:121,6
DA:123,6
DA:124,1
DA:129,5
DA:130,5
DA:132,5
DA:133,0
DA:138,5
DA:139,4
DA:144,1
DA:145,0
DA:148,1
DA:150,1
DA:151,1
DA:154,1
DA:155,9
DA:157,9
DA:158,8
DA:160,8
DA:161,2
DA:162,2
DA:165,2
DA:166,0
DA:169,1
DA:171,1
DA:174,3
DA:176,3
DA:177,3
DA:179,3
DA:182,1
LF:82
LH:79
BRDA:19,0,0,2
BRDA:19,0,1,1
BRDA:19,0,2,1
BRDA:19,0,3,1
BRDA:19,0,4,1
BRDA:19,0,5,1
BRDA:19,0,6,7
BRDA:46,1,0,1
BRDA:46,1,1,13
BRDA:87,2,0,1
BRDA:87,2,1,7
BRDA:97,3,0,1
BRDA:97,3,1,6
BRDA:123,4,0,1
BRDA:123,4,1,5
BRDA:132,5,0,0
BRDA:132,5,1,5
BRDA:138,6,0,4
BRDA:138,6,1,1
BRDA:144,7,0,0
BRDA:144,7,1,1
BRDA:160,8,0,2
BRDA:160,8,1,1
BRF:23
BRH:21
end_of_record
TN:
SF:controllers\user.js
FN:6,(anonymous_0)
FN:40,(anonymous_1)
FN:62,(anonymous_2)
FN:77,(anonymous_3)
FNF:4
FNH:1
FNDA:17,(anonymous_0)
FNDA:0,(anonymous_1)
FNDA:0,(anonymous_2)
FNDA:0,(anonymous_3)
DA:1,1
DA:2,1
DA:3,1
DA:4,1
DA:6,1
DA:7,17
DA:8,17
DA:9,17
DA:11,17
DA:15,17
DA:16,6
DA:21,11
DA:22,11
DA:23,11
DA:31,10
DA:37,10
DA:40,1
DA:41,0
DA:43,0
DA:44,0
DA:49,0
DA:51,0
DA:52,0
DA:57,0
DA:63,0
DA:67,0
DA:73,0
DA:74,0
DA:77,1
DA:78,0
DA:80,0
DA:81,0
DA:86,0
DA:92,0
DA:93,0
DA:96,1
LF:36
LH:19
BRDA:15,0,0,6
BRDA:15,0,1,11
BRDA:43,1,0,0
BRDA:43,1,1,0
BRDA:51,2,0,0
BRDA:51,2,1,0
BRDA:63,3,0,0
BRDA:63,3,1,0
BRDA:80,4,0,0
BRDA:80,4,1,0
BRF:10
BRH:2
end_of_record
TN:
SF:models\post.js
FNF:0
FNH:0
DA:1,6
DA:2,6
DA:4,6
DA:33,6
DA:63,6
DA:144,6
DA:145,6
DA:146,6
DA:148,6
LF:9
LH:9
BRF:0
BRH:0
end_of_record
TN:
SF:models\subreddit.js
FNF:0
FNH:0
DA:1,3
DA:2,3
DA:3,3
DA:5,3
DA:45,3
DA:48,3
DA:50,3
LF:7
LH:7
BRF:0
BRH:0
end_of_record
TN:
SF:models\user.js
FNF:0
FNH:0
DA:1,7
DA:2,7
DA:3,7
DA:6,7
DA:67,7
DA:70,7
DA:72,7
LF:7
LH:7
BRF:0
BRH:0
end_of_record
TN:
SF:utils\config.js
FNF:0
FNH:0
DA:1,3
DA:2,3
DA:4,3
DA:5,3
DA:6,3
DA:7,3
DA:9,3
DA:15,3
LF:8
LH:8
BRDA:7,0,0,3
BRDA:7,0,1,0
BRF:2
BRH:1
end_of_record
TN:
SF:utils\paginateResults.js
FN:1,(anonymous_0)
FNF:1
FNH:1
FNDA:42,(anonymous_0)
DA:1,3
DA:2,42
DA:3,42
DA:4,42
DA:6,42
DA:7,7
DA:13,42
DA:14,1
DA:20,42
DA:27,3
LF:10
LH:10
BRDA:6,0,0,7
BRDA:6,0,1,35
BRDA:13,1,0,1
BRDA:13,1,1,41
BRF:4
BRH:4
end_of_record
TN:
SF:utils\pointsCalculator.js
FN:1,(anonymous_0)
FNF:1
FNH:0
FNDA:0,(anonymous_0)
DA:1,1
DA:2,0
DA:3,0
DA:5,0
DA:6,0
DA:8,0
DA:11,0
DA:13,0
DA:14,0
DA:16,0
DA:19,0
DA:22,0
DA:25,0
DA:28,1
LF:14
LH:2
BRDA:5,0,0,0
BRDA:5,0,1,0
BRDA:13,1,0,0
BRDA:13,1,1,0
BRF:4
BRH:0
end_of_record
TN:
SF:utils\postTypeValidator.js
FN:3,(anonymous_0)
FN:10,(anonymous_1)
FN:17,(anonymous_2)
FN:24,(anonymous_3)
FNF:4
FNH:4
FNDA:20,(anonymous_0)
FNDA:3,(anonymous_1)
FNDA:1,(anonymous_2)
FNDA:24,(anonymous_3)
DA:1,1
DA:3,1
DA:4,20
DA:5,2
DA:7,18
DA:10,1
DA:11,3
DA:12,1
DA:14,2
DA:17,1
DA:18,1
DA:19,1
DA:21,0
DA:24,1
DA:25,24
DA:27,20
DA:33,3
DA:39,1
DA:45,0
DA:51,1
LF:20
LH:18
BRDA:4,0,0,2
BRDA:4,0,1,18
BRDA:11,1,0,1
BRDA:11,1,1,2
BRDA:11,2,0,3
BRDA:11,2,1,2
BRDA:18,3,0,1
BRDA:18,3,1,0
BRDA:25,4,0,20
BRDA:25,4,1,3
BRDA:25,4,2,1
BRDA:25,4,3,0
BRF:12
BRH:10
end_of_record
TN:
SF:utils\schemaCleaner.js
FN:1,(anonymous_0)
FN:3,(anonymous_1)
FNF:2
FNH:1
FNDA:28,(anonymous_0)
FNDA:0,(anonymous_1)
DA:1,10
DA:2,28
DA:4,0
DA:5,0
DA:6,0
DA:7,0
DA:12,10
LF:7
LH:3
BRF:0
BRH:0
end_of_record
